{
  "stats": {
    "suites": 1,
    "tests": 2,
    "passes": 2,
    "pending": 0,
    "failures": 0,
    "start": "2022-06-02T23:21:44.293Z",
    "end": "2022-06-02T23:21:47.376Z",
    "duration": 3083,
    "testsRegistered": 2,
    "passPercent": 100,
    "pendingPercent": 0,
    "other": 0,
    "hasOther": false,
    "skipped": 0,
    "hasSkipped": false
  },
  "results": [
    {
      "uuid": "8a269c42-7e2e-4f87-a709-46d672e8c960",
      "title": "",
      "fullFile": "cypress/integration/tests/ui_new.spec.js",
      "file": "cypress/integration/tests/ui_new.spec.js",
      "beforeHooks": [],
      "afterHooks": [],
      "tests": [],
      "suites": [
        {
          "uuid": "a457abab-30fa-487c-b73e-adcaba77a333",
          "title": "New screen usability test",
          "fullFile": "",
          "file": "",
          "beforeHooks": [],
          "afterHooks": [],
          "tests": [
            {
              "title": "Check New Screen Elements",
              "fullTitle": "New screen usability test Check New Screen Elements",
              "timedOut": null,
              "duration": 1136,
              "state": "passed",
              "speed": "fast",
              "pass": true,
              "fail": false,
              "pending": false,
              "context": null,
              "code": "cy.get('[data-cy=\"wapper-pokenew\"]').should('be.visible');\ncy.get('[data-cy=\"title-pokenew\"]').should('be.visible');\ncy.get('[data-cy=\"lbl-name-pokenew\"]').should('be.visible');\ncy.get('[data-cy=\"inp-name-pokenew\"]').should('be.visible');\ncy.get('[data-cy=\"lbl-url-pokenew\"]').should('be.visible');\ncy.get('[data-cy=\"inp-url-pokenew\"]').should('be.visible');\ncy.get('[data-cy=\"lbl-type1-pokenew\"]').should('be.visible');\ncy.get('[data-cy=\"inp-type1-pokenew\"]').should('be.visible');\ncy.get('[data-cy=\"lbl-type2-pokenew\"]').should('be.visible');\ncy.get('[data-cy=\"inp-type2-pokenew\"]').should('be.visible');\ncy.get('[data-cy=\"lbl-hp-pokenew\"]').should('be.visible');\ncy.get('[data-cy=\"inp-hp-pokenew\"]').should('be.visible');\ncy.get('[data-cy=\"lbl-attack-pokenew\"]').should('be.visible');\ncy.get('[data-cy=\"inp-attack-pokenew\"]').should('be.visible');\ncy.get('[data-cy=\"lbl-defense-pokenew\"]').should('be.visible');\ncy.get('[data-cy=\"inp-defense-pokenew\"]').should('be.visible');\ncy.get('[data-cy=\"lbl-specAtc-pokenew\"]').should('be.visible');\ncy.get('[data-cy=\"inp-specAtc-pokenew\"]').should('be.visible');\ncy.get('[data-cy=\"lbl-specDef-pokenew\"]').should('be.visible');\ncy.get('[data-cy=\"inp-specDef-pokenew\"]').should('be.visible');\ncy.get('[data-cy=\"lbl-speed-pokenew\"]').should('be.visible');\ncy.get('[data-cy=\"inp-speed-pokenew\"]').should('be.visible');\ncy.get('[data-cy=\"lbl-title1-pokenew\"]').should('be.visible');\ncy.get('[data-cy=\"inp-title1-pokenew\"]').should('be.visible');\ncy.get('[data-cy=\"lbl-descr1-pokenew\"]').should('be.visible');\ncy.get('[data-cy=\"inp-descr1-pokenew\"]').should('be.visible');\ncy.get('[data-cy=\"lbl-title2-pokenew\"]').should('be.visible');\ncy.get('[data-cy=\"inp-title2-pokenew\"]').should('be.visible');\ncy.get('[data-cy=\"lbl-descr2-pokenew\"]').should('be.visible');\ncy.get('[data-cy=\"inp-descr2-pokenew\"]').should('be.visible');\ncy.get('[data-cy=\"btn-save-pokenew\"]').should('be.visible');\ncy.get('[data-cy=\"btn-back-pokenew\"]').should('be.visible');",
              "err": {},
              "uuid": "38c48c44-2e71-4a2e-94d2-3be030ac9eb8",
              "parentUUID": "a457abab-30fa-487c-b73e-adcaba77a333",
              "isHook": false,
              "skipped": false
            },
            {
              "title": "Check New Screen errors messages",
              "fullTitle": "New screen usability test Check New Screen errors messages",
              "timedOut": null,
              "duration": 438,
              "state": "passed",
              "speed": "fast",
              "pass": true,
              "fail": false,
              "pending": false,
              "context": null,
              "code": "cy.get('[data-cy=\"btn-save-pokenew\"]').click();\ncy.get('[data-cy=\"error-name-pokenew\"]').should('be.visible');\ncy.get('[data-cy=\"error-url-pokenew\"]').should('be.visible');\ncy.get('[data-cy=\"error-type-pokenew\"]').should('be.visible');\ncy.get('[data-cy=\"error-stats-pokenew\"]').should('be.visible');\ncy.get('[data-cy=\"error-title-pokenew\"]').should('be.visible');\ncy.get('[data-cy=\"error-description-pokenew\"]').should('be.visible');",
              "err": {},
              "uuid": "c65d3cdc-2a13-4655-96aa-6b3e8cba2bd2",
              "parentUUID": "a457abab-30fa-487c-b73e-adcaba77a333",
              "isHook": false,
              "skipped": false
            }
          ],
          "suites": [],
          "passes": [
            "38c48c44-2e71-4a2e-94d2-3be030ac9eb8",
            "c65d3cdc-2a13-4655-96aa-6b3e8cba2bd2"
          ],
          "failures": [],
          "pending": [],
          "skipped": [],
          "duration": 1574,
          "root": false,
          "rootEmpty": false,
          "_timeout": 2000
        }
      ],
      "passes": [],
      "failures": [],
      "pending": [],
      "skipped": [],
      "duration": 0,
      "root": true,
      "rootEmpty": true,
      "_timeout": 2000
    }
  ],
  "meta": {
    "mocha": {
      "version": "7.0.1"
    },
    "mochawesome": {
      "options": {
        "quiet": false,
        "reportFilename": "report",
        "saveHtml": false,
        "saveJson": true,
        "consoleReporter": "spec",
        "useInlineDiffs": false,
        "code": true
      },
      "version": "7.1.3"
    },
    "marge": {
      "options": {
        "reportDir": "cypress/report/mochawesome-report",
        "reportFilename": "report",
        "charts": true,
        "overwrite": false,
        "html": false,
        "json": true,
        "timestamp": "mmddyyyy_HHMMss"
      },
      "version": "6.2.0"
    }
  }
}