{
  "stats": {
    "suites": 1,
    "tests": 8,
    "passes": 8,
    "pending": 0,
    "failures": 0,
    "start": "2022-05-31T13:17:45.310Z",
    "end": "2022-05-31T13:17:50.902Z",
    "duration": 5592,
    "testsRegistered": 8,
    "passPercent": 100,
    "pendingPercent": 0,
    "other": 0,
    "hasOther": false,
    "skipped": 0,
    "hasSkipped": false
  },
  "results": [
    {
      "uuid": "c70f403d-8433-425a-806b-1f44019dbe9e",
      "title": "",
      "fullFile": "cypress/integration/Pokemon/ui_footer.spec.js",
      "file": "cypress/integration/Pokemon/ui_footer.spec.js",
      "beforeHooks": [],
      "afterHooks": [],
      "tests": [],
      "suites": [
        {
          "uuid": "68a5b74e-f8c4-4d97-8dfd-b264462be3bb",
          "title": "Usabilidade da tela inicial",
          "fullFile": "",
          "file": "",
          "beforeHooks": [],
          "afterHooks": [],
          "tests": [
            {
              "title": "Verificar elemetos Footer da tela na home",
              "fullTitle": "Usabilidade da tela inicial Verificar elemetos Footer da tela na home",
              "timedOut": null,
              "duration": 772,
              "state": "passed",
              "speed": "fast",
              "pass": true,
              "fail": false,
              "pending": false,
              "context": null,
              "code": "cy.visit('http://localhost:3000');\ncy.get('[data-cy=\"copyright\"]').should('be.visible');",
              "err": {},
              "uuid": "dc993e45-2e51-4725-85c1-5480156064d1",
              "parentUUID": "68a5b74e-f8c4-4d97-8dfd-b264462be3bb",
              "isHook": false,
              "skipped": false
            },
            {
              "title": "Verificar elemetos Footer da tela Initial",
              "fullTitle": "Usabilidade da tela inicial Verificar elemetos Footer da tela Initial",
              "timedOut": null,
              "duration": 1039,
              "state": "passed",
              "speed": "fast",
              "pass": true,
              "fail": false,
              "pending": false,
              "context": null,
              "code": "cy.visit('http://localhost:3000/initial');\ncy.get('[data-cy=\"copyright\"]').should('be.visible');",
              "err": {},
              "uuid": "bc35e982-7cb2-4339-9e37-2674db33089d",
              "parentUUID": "68a5b74e-f8c4-4d97-8dfd-b264462be3bb",
              "isHook": false,
              "skipped": false
            },
            {
              "title": "Verificar elemetos Footer da tela New List",
              "fullTitle": "Usabilidade da tela inicial Verificar elemetos Footer da tela New List",
              "timedOut": null,
              "duration": 262,
              "state": "passed",
              "speed": "fast",
              "pass": true,
              "fail": false,
              "pending": false,
              "context": null,
              "code": "cy.visit('http://localhost:3000/list');\ncy.get('[data-cy=\"copyright\"]').should('be.visible');",
              "err": {},
              "uuid": "8bab3fa5-8e4c-4254-8c3b-148cdeb491d7",
              "parentUUID": "68a5b74e-f8c4-4d97-8dfd-b264462be3bb",
              "isHook": false,
              "skipped": false
            },
            {
              "title": "Verificar elemetos Footer da tela History",
              "fullTitle": "Usabilidade da tela inicial Verificar elemetos Footer da tela History",
              "timedOut": null,
              "duration": 257,
              "state": "passed",
              "speed": "fast",
              "pass": true,
              "fail": false,
              "pending": false,
              "context": null,
              "code": "cy.visit('http://localhost:3000/history');\ncy.get('[data-cy=\"copyright\"]').should('be.visible');",
              "err": {},
              "uuid": "038e319e-5987-4a8c-a459-58d15da9a851",
              "parentUUID": "68a5b74e-f8c4-4d97-8dfd-b264462be3bb",
              "isHook": false,
              "skipped": false
            },
            {
              "title": "Verificar elemetos Footer da tela About",
              "fullTitle": "Usabilidade da tela inicial Verificar elemetos Footer da tela About",
              "timedOut": null,
              "duration": 322,
              "state": "passed",
              "speed": "fast",
              "pass": true,
              "fail": false,
              "pending": false,
              "context": null,
              "code": "cy.visit('http://localhost:3000/about');\ncy.get('[data-cy=\"copyright\"]').should('be.visible');",
              "err": {},
              "uuid": "82401f8e-83ce-4a6a-a887-99a0617acf65",
              "parentUUID": "68a5b74e-f8c4-4d97-8dfd-b264462be3bb",
              "isHook": false,
              "skipped": false
            },
            {
              "title": "Verificar elemetos Footer da tela New Info",
              "fullTitle": "Usabilidade da tela inicial Verificar elemetos Footer da tela New Info",
              "timedOut": null,
              "duration": 246,
              "state": "passed",
              "speed": "fast",
              "pass": true,
              "fail": false,
              "pending": false,
              "context": null,
              "code": "cy.visit('http://localhost:3000/pokenew/629604c157d58865a2493a1e');\ncy.get('[data-cy=\"copyright\"]').should('be.visible');",
              "err": {},
              "uuid": "3372d47e-2bae-4558-821b-c2385235f207",
              "parentUUID": "68a5b74e-f8c4-4d97-8dfd-b264462be3bb",
              "isHook": false,
              "skipped": false
            },
            {
              "title": "Verificar elemetos Footer da tela New Edit",
              "fullTitle": "Usabilidade da tela inicial Verificar elemetos Footer da tela New Edit",
              "timedOut": null,
              "duration": 271,
              "state": "passed",
              "speed": "fast",
              "pass": true,
              "fail": false,
              "pending": false,
              "context": null,
              "code": "cy.visit('http://localhost:3000/edit/629604c157d58865a2493a1e');\ncy.get('[data-cy=\"copyright\"]').should('be.visible');",
              "err": {},
              "uuid": "9f603ae2-0aef-4320-a2b4-d8613c7839e1",
              "parentUUID": "68a5b74e-f8c4-4d97-8dfd-b264462be3bb",
              "isHook": false,
              "skipped": false
            },
            {
              "title": "Verificar elemetos Footer da tela New",
              "fullTitle": "Usabilidade da tela inicial Verificar elemetos Footer da tela New",
              "timedOut": null,
              "duration": 501,
              "state": "passed",
              "speed": "fast",
              "pass": true,
              "fail": false,
              "pending": false,
              "context": null,
              "code": "cy.visit('http://localhost:3000/new');\ncy.get('[data-cy=\"copyright\"]').should('be.visible');",
              "err": {},
              "uuid": "a44c6318-f9e0-48f8-b17e-b064a1e71279",
              "parentUUID": "68a5b74e-f8c4-4d97-8dfd-b264462be3bb",
              "isHook": false,
              "skipped": false
            }
          ],
          "suites": [],
          "passes": [
            "dc993e45-2e51-4725-85c1-5480156064d1",
            "bc35e982-7cb2-4339-9e37-2674db33089d",
            "8bab3fa5-8e4c-4254-8c3b-148cdeb491d7",
            "038e319e-5987-4a8c-a459-58d15da9a851",
            "82401f8e-83ce-4a6a-a887-99a0617acf65",
            "3372d47e-2bae-4558-821b-c2385235f207",
            "9f603ae2-0aef-4320-a2b4-d8613c7839e1",
            "a44c6318-f9e0-48f8-b17e-b064a1e71279"
          ],
          "failures": [],
          "pending": [],
          "skipped": [],
          "duration": 3670,
          "root": false,
          "rootEmpty": false,
          "_timeout": 2000
        }
      ],
      "passes": [],
      "failures": [],
      "pending": [],
      "skipped": [],
      "duration": 0,
      "root": true,
      "rootEmpty": true,
      "_timeout": 2000
    }
  ],
  "meta": {
    "mocha": {
      "version": "7.0.1"
    },
    "mochawesome": {
      "options": {
        "quiet": false,
        "reportFilename": "report",
        "saveHtml": false,
        "saveJson": true,
        "consoleReporter": "spec",
        "useInlineDiffs": false,
        "code": true
      },
      "version": "7.1.3"
    },
    "marge": {
      "options": {
        "reportDir": "cypress/report/mochawesome-report",
        "reportFilename": "report",
        "charts": true,
        "overwrite": false,
        "html": false,
        "json": true,
        "timestamp": "mmddyyyy_HHMMss"
      },
      "version": "6.2.0"
    }
  }
}