{
  "stats": {
    "suites": 1,
    "tests": 1,
    "passes": 1,
    "pending": 0,
    "failures": 0,
    "start": "2022-06-02T23:21:35.458Z",
    "end": "2022-06-02T23:21:38.151Z",
    "duration": 2693,
    "testsRegistered": 1,
    "passPercent": 100,
    "pendingPercent": 0,
    "other": 0,
    "hasOther": false,
    "skipped": 0,
    "hasSkipped": false
  },
  "results": [
    {
      "uuid": "aeb22f6a-1017-40b1-9fb8-02f4837473d1",
      "title": "",
      "fullFile": "cypress/integration/tests/ui_info.spec.js",
      "file": "cypress/integration/tests/ui_info.spec.js",
      "beforeHooks": [],
      "afterHooks": [],
      "tests": [],
      "suites": [
        {
          "uuid": "0d2811cd-4306-4a9c-b82f-092417232b99",
          "title": "Info screen usability test",
          "fullFile": "",
          "file": "",
          "beforeHooks": [],
          "afterHooks": [],
          "tests": [
            {
              "title": "Check Info screen elements",
              "fullTitle": "Info screen usability test Check Info screen elements",
              "timedOut": null,
              "duration": 1333,
              "state": "passed",
              "speed": "fast",
              "pass": true,
              "fail": false,
              "pending": false,
              "context": null,
              "code": "cy.get('[data-cy=\"title-info\"]').should('be.visible');\ncy.get('[data-cy=\"img-info\"]').should('be.visible').and($img => {\n  // \"naturalWidth\" and \"naturalHeight\" are set when the image loads\n  expect($img[0].naturalWidth).to.be.greaterThan(0);\n});\ncy.get('[data-cy=\"types-info\"]').should('be.visible');\ncy.get('[data-cy=\"stats-name-info\"]').should('be.visible');\ncy.get('[data-cy=\"stats-progress-info\"]').should('be.visible');\ncy.get('[data-cy=\"stats-num-info\"]').should('be.visible');\ncy.get('[data-cy=\"abilities-title-info\"]').should('be.visible');\ncy.get('[data-cy=\"btn-back-info\"]').should('be.visible');",
              "err": {},
              "uuid": "f3ab2667-9f24-4c30-8189-f6df7a029bfc",
              "parentUUID": "0d2811cd-4306-4a9c-b82f-092417232b99",
              "isHook": false,
              "skipped": false
            }
          ],
          "suites": [],
          "passes": [
            "f3ab2667-9f24-4c30-8189-f6df7a029bfc"
          ],
          "failures": [],
          "pending": [],
          "skipped": [],
          "duration": 1333,
          "root": false,
          "rootEmpty": false,
          "_timeout": 2000
        }
      ],
      "passes": [],
      "failures": [],
      "pending": [],
      "skipped": [],
      "duration": 0,
      "root": true,
      "rootEmpty": true,
      "_timeout": 2000
    }
  ],
  "meta": {
    "mocha": {
      "version": "7.0.1"
    },
    "mochawesome": {
      "options": {
        "quiet": false,
        "reportFilename": "report",
        "saveHtml": false,
        "saveJson": true,
        "consoleReporter": "spec",
        "useInlineDiffs": false,
        "code": true
      },
      "version": "7.1.3"
    },
    "marge": {
      "options": {
        "reportDir": "cypress/report/mochawesome-report",
        "reportFilename": "report",
        "charts": true,
        "overwrite": false,
        "html": false,
        "json": true,
        "timestamp": "mmddyyyy_HHMMss"
      },
      "version": "6.2.0"
    }
  }
}