{
  "stats": {
    "suites": 1,
    "tests": 1,
    "passes": 1,
    "pending": 0,
    "failures": 0,
    "start": "2022-06-02T23:22:06.438Z",
    "end": "2022-06-02T23:22:06.566Z",
    "duration": 128,
    "testsRegistered": 1,
    "passPercent": 100,
    "pendingPercent": 0,
    "other": 0,
    "hasOther": false,
    "skipped": 0,
    "hasSkipped": false
  },
  "results": [
    {
      "uuid": "8175a973-37b4-44ae-ae0a-3d412b7e8892",
      "title": "",
      "fullFile": "cypress/integration/tests/zz_api_pokenew.spec.js",
      "file": "cypress/integration/tests/zz_api_pokenew.spec.js",
      "beforeHooks": [],
      "afterHooks": [],
      "tests": [],
      "suites": [
        {
          "uuid": "a37260ac-d0b0-4564-ad85-bfc15657d2fc",
          "title": "POST Pokenew",
          "fullFile": "",
          "file": "",
          "beforeHooks": [],
          "afterHooks": [],
          "tests": [
            {
              "title": "Clear database",
              "fullTitle": "POST Pokenew Clear database",
              "timedOut": null,
              "duration": 115,
              "state": "passed",
              "speed": "fast",
              "pass": true,
              "fail": false,
              "pending": false,
              "context": null,
              "code": "GETPokenew.allPokenew().should(response => {\n  const index = response.body.length - 1;\n  const idNew = response.body[index]._id;\n  DELPokenew.delPokenew(idNew).should(resDelete => {\n    expect(resDelete.status).to.eq(200);\n    expect(resDelete.body).to.be.not.null;\n    expect(JSON.stringify(resDelete.body)).to.eq('{\"message\":\"Pokémon successfully deleted!\"}');\n  });\n});",
              "err": {},
              "uuid": "ebf00624-1af8-4c5f-af59-404c64af6a98",
              "parentUUID": "a37260ac-d0b0-4564-ad85-bfc15657d2fc",
              "isHook": false,
              "skipped": false
            }
          ],
          "suites": [],
          "passes": [
            "ebf00624-1af8-4c5f-af59-404c64af6a98"
          ],
          "failures": [],
          "pending": [],
          "skipped": [],
          "duration": 115,
          "root": false,
          "rootEmpty": false,
          "_timeout": 2000
        }
      ],
      "passes": [],
      "failures": [],
      "pending": [],
      "skipped": [],
      "duration": 0,
      "root": true,
      "rootEmpty": true,
      "_timeout": 2000
    }
  ],
  "meta": {
    "mocha": {
      "version": "7.0.1"
    },
    "mochawesome": {
      "options": {
        "quiet": false,
        "reportFilename": "report",
        "saveHtml": false,
        "saveJson": true,
        "consoleReporter": "spec",
        "useInlineDiffs": false,
        "code": true
      },
      "version": "7.1.3"
    },
    "marge": {
      "options": {
        "reportDir": "cypress/report/mochawesome-report",
        "reportFilename": "report",
        "charts": true,
        "overwrite": false,
        "html": false,
        "json": true,
        "timestamp": "mmddyyyy_HHMMss"
      },
      "version": "6.2.0"
    }
  }
}