{
  "stats": {
    "suites": 1,
    "tests": 8,
    "passes": 8,
    "pending": 0,
    "failures": 0,
    "start": "2022-05-31T13:17:55.416Z",
    "end": "2022-05-31T13:18:01.174Z",
    "duration": 5758,
    "testsRegistered": 8,
    "passPercent": 100,
    "pendingPercent": 0,
    "other": 0,
    "hasOther": false,
    "skipped": 0,
    "hasSkipped": false
  },
  "results": [
    {
      "uuid": "3b705ed3-7195-4ede-bbd6-42f950db71bc",
      "title": "",
      "fullFile": "cypress/integration/Pokemon/ui_header.spec.js",
      "file": "cypress/integration/Pokemon/ui_header.spec.js",
      "beforeHooks": [],
      "afterHooks": [],
      "tests": [],
      "suites": [
        {
          "uuid": "2858f199-b46e-4cfa-97ee-0cfeacef2d4b",
          "title": "Usabilidade da tela inicial",
          "fullFile": "",
          "file": "",
          "beforeHooks": [],
          "afterHooks": [],
          "tests": [
            {
              "title": "Verificar elemetos Header da tela Home",
              "fullTitle": "Usabilidade da tela inicial Verificar elemetos Header da tela Home",
              "timedOut": null,
              "duration": 824,
              "state": "passed",
              "speed": "fast",
              "pass": true,
              "fail": false,
              "pending": false,
              "context": null,
              "code": "cy.visit('http://localhost:3000');\ncy.get('[data-cy=\"nav-title\"]').should('be.visible');\ncy.get('[data-cy=\"nav-logo\"]').should('be.visible').and($img => {\n  // \"naturalWidth\" and \"naturalHeight\" are set when the image loads\n  expect($img[0].naturalWidth).to.be.greaterThan(0);\n});\ncy.get('[data-cy=\"menu-list\"]').should('be.visible');\ncy.get('[data-cy=\"menu-create\"]').should('be.visible');\ncy.get('[data-cy=\"menu-history\"]').should('be.visible');\ncy.get('[data-cy=\"menu-about\"]').should('be.visible');",
              "err": {},
              "uuid": "783fbfd4-d2cf-482b-bac3-81db9b2e2a93",
              "parentUUID": "2858f199-b46e-4cfa-97ee-0cfeacef2d4b",
              "isHook": false,
              "skipped": false
            },
            {
              "title": "Verificar elemetos Header da tela Initial",
              "fullTitle": "Usabilidade da tela inicial Verificar elemetos Header da tela Initial",
              "timedOut": null,
              "duration": 685,
              "state": "passed",
              "speed": "fast",
              "pass": true,
              "fail": false,
              "pending": false,
              "context": null,
              "code": "cy.visit('http://localhost:3000/initial');\ncy.get('[data-cy=\"nav-title\"]').should('be.visible');\ncy.get('[data-cy=\"nav-logo\"]').should('be.visible').and($img => {\n  // \"naturalWidth\" and \"naturalHeight\" are set when the image loads\n  expect($img[0].naturalWidth).to.be.greaterThan(0);\n});\ncy.get('[data-cy=\"menu-list\"]').should('be.visible');\ncy.get('[data-cy=\"menu-create\"]').should('be.visible');\ncy.get('[data-cy=\"menu-history\"]').should('be.visible');\ncy.get('[data-cy=\"menu-about\"]').should('be.visible');",
              "err": {},
              "uuid": "26919355-c1c6-449a-b1d4-ede57dfccbd7",
              "parentUUID": "2858f199-b46e-4cfa-97ee-0cfeacef2d4b",
              "isHook": false,
              "skipped": false
            },
            {
              "title": "Verificar elemetos Header da tela New List",
              "fullTitle": "Usabilidade da tela inicial Verificar elemetos Header da tela New List",
              "timedOut": null,
              "duration": 308,
              "state": "passed",
              "speed": "fast",
              "pass": true,
              "fail": false,
              "pending": false,
              "context": null,
              "code": "cy.visit('http://localhost:3000/list');\ncy.get('[data-cy=\"nav-title\"]').should('be.visible');\ncy.get('[data-cy=\"nav-logo\"]').should('be.visible').and($img => {\n  // \"naturalWidth\" and \"naturalHeight\" are set when the image loads\n  expect($img[0].naturalWidth).to.be.greaterThan(0);\n});\ncy.get('[data-cy=\"menu-list\"]').should('be.visible');\ncy.get('[data-cy=\"menu-create\"]').should('be.visible');\ncy.get('[data-cy=\"menu-history\"]').should('be.visible');\ncy.get('[data-cy=\"menu-about\"]').should('be.visible');",
              "err": {},
              "uuid": "a9f95d20-282f-4425-8df9-11ea870b87be",
              "parentUUID": "2858f199-b46e-4cfa-97ee-0cfeacef2d4b",
              "isHook": false,
              "skipped": false
            },
            {
              "title": "Verificar elemetos Header da tela History",
              "fullTitle": "Usabilidade da tela inicial Verificar elemetos Header da tela History",
              "timedOut": null,
              "duration": 466,
              "state": "passed",
              "speed": "fast",
              "pass": true,
              "fail": false,
              "pending": false,
              "context": null,
              "code": "cy.visit('http://localhost:3000/history');\ncy.get('[data-cy=\"nav-title\"]').should('be.visible');\ncy.get('[data-cy=\"nav-logo\"]').should('be.visible').and($img => {\n  // \"naturalWidth\" and \"naturalHeight\" are set when the image loads\n  expect($img[0].naturalWidth).to.be.greaterThan(0);\n});\ncy.get('[data-cy=\"menu-list\"]').should('be.visible');\ncy.get('[data-cy=\"menu-create\"]').should('be.visible');\ncy.get('[data-cy=\"menu-history\"]').should('be.visible');\ncy.get('[data-cy=\"menu-about\"]').should('be.visible');",
              "err": {},
              "uuid": "42878392-0f67-482d-bf56-87dd9c727d0e",
              "parentUUID": "2858f199-b46e-4cfa-97ee-0cfeacef2d4b",
              "isHook": false,
              "skipped": false
            },
            {
              "title": "Verificar elemetos Header da tela About",
              "fullTitle": "Usabilidade da tela inicial Verificar elemetos Header da tela About",
              "timedOut": null,
              "duration": 273,
              "state": "passed",
              "speed": "fast",
              "pass": true,
              "fail": false,
              "pending": false,
              "context": null,
              "code": "cy.visit('http://localhost:3000/about');\ncy.get('[data-cy=\"nav-title\"]').should('be.visible');\ncy.get('[data-cy=\"nav-logo\"]').should('be.visible').and($img => {\n  // \"naturalWidth\" and \"naturalHeight\" are set when the image loads\n  expect($img[0].naturalWidth).to.be.greaterThan(0);\n});\ncy.get('[data-cy=\"menu-list\"]').should('be.visible');\ncy.get('[data-cy=\"menu-create\"]').should('be.visible');\ncy.get('[data-cy=\"menu-history\"]').should('be.visible');\ncy.get('[data-cy=\"menu-about\"]').should('be.visible');",
              "err": {},
              "uuid": "b8826cd3-944e-4ad3-b324-4c3177f1aa1d",
              "parentUUID": "2858f199-b46e-4cfa-97ee-0cfeacef2d4b",
              "isHook": false,
              "skipped": false
            },
            {
              "title": "Verificar elemetos Header da tela New Info",
              "fullTitle": "Usabilidade da tela inicial Verificar elemetos Header da tela New Info",
              "timedOut": null,
              "duration": 316,
              "state": "passed",
              "speed": "fast",
              "pass": true,
              "fail": false,
              "pending": false,
              "context": null,
              "code": "cy.visit('http://localhost:3000/pokenew/629604c157d58865a2493a1e');\ncy.get('[data-cy=\"nav-title\"]').should('be.visible');\ncy.get('[data-cy=\"nav-logo\"]').should('be.visible').and($img => {\n  // \"naturalWidth\" and \"naturalHeight\" are set when the image loads\n  expect($img[0].naturalWidth).to.be.greaterThan(0);\n});\ncy.get('[data-cy=\"menu-list\"]').should('be.visible');\ncy.get('[data-cy=\"menu-create\"]').should('be.visible');\ncy.get('[data-cy=\"menu-history\"]').should('be.visible');\ncy.get('[data-cy=\"menu-about\"]').should('be.visible');",
              "err": {},
              "uuid": "6660f60b-b176-47f5-ac8e-e5da6e4ec81d",
              "parentUUID": "2858f199-b46e-4cfa-97ee-0cfeacef2d4b",
              "isHook": false,
              "skipped": false
            },
            {
              "title": "Verificar elemetos Header da tela New Edit",
              "fullTitle": "Usabilidade da tela inicial Verificar elemetos Header da tela New Edit",
              "timedOut": null,
              "duration": 471,
              "state": "passed",
              "speed": "fast",
              "pass": true,
              "fail": false,
              "pending": false,
              "context": null,
              "code": "cy.visit('http://localhost:3000/edit/629604c157d58865a2493a1e');\ncy.get('[data-cy=\"nav-title\"]').should('be.visible');\ncy.get('[data-cy=\"nav-logo\"]').should('be.visible').and($img => {\n  // \"naturalWidth\" and \"naturalHeight\" are set when the image loads\n  expect($img[0].naturalWidth).to.be.greaterThan(0);\n});\ncy.get('[data-cy=\"menu-list\"]').should('be.visible');\ncy.get('[data-cy=\"menu-create\"]').should('be.visible');\ncy.get('[data-cy=\"menu-history\"]').should('be.visible');\ncy.get('[data-cy=\"menu-about\"]').should('be.visible');",
              "err": {},
              "uuid": "958a4da3-77c5-4ee5-bd85-a4b23d87e89e",
              "parentUUID": "2858f199-b46e-4cfa-97ee-0cfeacef2d4b",
              "isHook": false,
              "skipped": false
            },
            {
              "title": "Verificar elemetos Header da tela New",
              "fullTitle": "Usabilidade da tela inicial Verificar elemetos Header da tela New",
              "timedOut": null,
              "duration": 399,
              "state": "passed",
              "speed": "fast",
              "pass": true,
              "fail": false,
              "pending": false,
              "context": null,
              "code": "cy.visit('http://localhost:3000/new');\ncy.get('[data-cy=\"nav-title\"]').should('be.visible');\ncy.get('[data-cy=\"nav-logo\"]').should('be.visible').and($img => {\n  // \"naturalWidth\" and \"naturalHeight\" are set when the image loads\n  expect($img[0].naturalWidth).to.be.greaterThan(0);\n});\ncy.get('[data-cy=\"menu-list\"]').should('be.visible');\ncy.get('[data-cy=\"menu-create\"]').should('be.visible');\ncy.get('[data-cy=\"menu-history\"]').should('be.visible');\ncy.get('[data-cy=\"menu-about\"]').should('be.visible');",
              "err": {},
              "uuid": "be181416-4094-4a63-87a5-9a45d9d37c08",
              "parentUUID": "2858f199-b46e-4cfa-97ee-0cfeacef2d4b",
              "isHook": false,
              "skipped": false
            }
          ],
          "suites": [],
          "passes": [
            "783fbfd4-d2cf-482b-bac3-81db9b2e2a93",
            "26919355-c1c6-449a-b1d4-ede57dfccbd7",
            "a9f95d20-282f-4425-8df9-11ea870b87be",
            "42878392-0f67-482d-bf56-87dd9c727d0e",
            "b8826cd3-944e-4ad3-b324-4c3177f1aa1d",
            "6660f60b-b176-47f5-ac8e-e5da6e4ec81d",
            "958a4da3-77c5-4ee5-bd85-a4b23d87e89e",
            "be181416-4094-4a63-87a5-9a45d9d37c08"
          ],
          "failures": [],
          "pending": [],
          "skipped": [],
          "duration": 3742,
          "root": false,
          "rootEmpty": false,
          "_timeout": 2000
        }
      ],
      "passes": [],
      "failures": [],
      "pending": [],
      "skipped": [],
      "duration": 0,
      "root": true,
      "rootEmpty": true,
      "_timeout": 2000
    }
  ],
  "meta": {
    "mocha": {
      "version": "7.0.1"
    },
    "mochawesome": {
      "options": {
        "quiet": false,
        "reportFilename": "report",
        "saveHtml": false,
        "saveJson": true,
        "consoleReporter": "spec",
        "useInlineDiffs": false,
        "code": true
      },
      "version": "7.1.3"
    },
    "marge": {
      "options": {
        "reportDir": "cypress/report/mochawesome-report",
        "reportFilename": "report",
        "charts": true,
        "overwrite": false,
        "html": false,
        "json": true,
        "timestamp": "mmddyyyy_HHMMss"
      },
      "version": "6.2.0"
    }
  }
}