{
  "stats": {
    "suites": 1,
    "tests": 1,
    "passes": 1,
    "pending": 0,
    "failures": 0,
    "start": "2022-05-31T13:18:27.398Z",
    "end": "2022-05-31T13:18:30.323Z",
    "duration": 2925,
    "testsRegistered": 1,
    "passPercent": 100,
    "pendingPercent": 0,
    "other": 0,
    "hasOther": false,
    "skipped": 0,
    "hasSkipped": false
  },
  "results": [
    {
      "uuid": "b8bd567b-9f1d-4749-a87b-d0281444561f",
      "title": "",
      "fullFile": "cypress/integration/Pokemon/ui_list.spec.js",
      "file": "cypress/integration/Pokemon/ui_list.spec.js",
      "beforeHooks": [],
      "afterHooks": [],
      "tests": [],
      "suites": [
        {
          "uuid": "67eedc44-75e8-4385-86e6-a1a9d513b0d1",
          "title": "Usabilidade da tela list",
          "fullFile": "",
          "file": "",
          "beforeHooks": [],
          "afterHooks": [],
          "tests": [
            {
              "title": "Verificar elementos da tela List",
              "fullTitle": "Usabilidade da tela list Verificar elementos da tela List",
              "timedOut": null,
              "duration": 1076,
              "state": "passed",
              "speed": "fast",
              "pass": true,
              "fail": false,
              "pending": false,
              "context": null,
              "code": "cy.get('[data-cy=\"title-listpokes\"]').should('be.visible');\ncy.get('[data-cy=\"search-listpokes\"]').should('be.visible');\ncy.get('[data-cy=\"lbl-limit\"]').should('be.visible');\ncy.get('[data-cy=\"limit\"]').should('be.visible');\ncy.get('[href=\"/info/metapod\"]').should('be.visible');\ncy.get('[data-cy=\"wrapper-pagination\"]').should('be.visible');",
              "err": {},
              "uuid": "08e223d9-233f-46e2-970d-10bec9c246d4",
              "parentUUID": "67eedc44-75e8-4385-86e6-a1a9d513b0d1",
              "isHook": false,
              "skipped": false
            }
          ],
          "suites": [],
          "passes": [
            "08e223d9-233f-46e2-970d-10bec9c246d4"
          ],
          "failures": [],
          "pending": [],
          "skipped": [],
          "duration": 1076,
          "root": false,
          "rootEmpty": false,
          "_timeout": 2000
        }
      ],
      "passes": [],
      "failures": [],
      "pending": [],
      "skipped": [],
      "duration": 0,
      "root": true,
      "rootEmpty": true,
      "_timeout": 2000
    }
  ],
  "meta": {
    "mocha": {
      "version": "7.0.1"
    },
    "mochawesome": {
      "options": {
        "quiet": false,
        "reportFilename": "report",
        "saveHtml": false,
        "saveJson": true,
        "consoleReporter": "spec",
        "useInlineDiffs": false,
        "code": true
      },
      "version": "7.1.3"
    },
    "marge": {
      "options": {
        "reportDir": "cypress/report/mochawesome-report",
        "reportFilename": "report",
        "charts": true,
        "overwrite": false,
        "html": false,
        "json": true,
        "timestamp": "mmddyyyy_HHMMss"
      },
      "version": "6.2.0"
    }
  }
}