{
  "stats": {
    "suites": 1,
    "tests": 1,
    "passes": 1,
    "pending": 0,
    "failures": 0,
    "start": "2022-05-31T13:18:19.328Z",
    "end": "2022-05-31T13:18:22.819Z",
    "duration": 3491,
    "testsRegistered": 1,
    "passPercent": 100,
    "pendingPercent": 0,
    "other": 0,
    "hasOther": false,
    "skipped": 0,
    "hasSkipped": false
  },
  "results": [
    {
      "uuid": "bc05fbaf-ba36-4b57-8a4e-e9153f617895",
      "title": "",
      "fullFile": "cypress/integration/Pokemon/ui_info.spec.js",
      "file": "cypress/integration/Pokemon/ui_info.spec.js",
      "beforeHooks": [],
      "afterHooks": [],
      "tests": [],
      "suites": [
        {
          "uuid": "7246e099-153f-4e94-a92e-6a7ccca8c60b",
          "title": "Usabilidade da tela info",
          "fullFile": "",
          "file": "",
          "beforeHooks": [],
          "afterHooks": [],
          "tests": [
            {
              "title": "Verificar elementos da tela Info",
              "fullTitle": "Usabilidade da tela info Verificar elementos da tela Info",
              "timedOut": null,
              "duration": 1578,
              "state": "passed",
              "speed": "fast",
              "pass": true,
              "fail": false,
              "pending": false,
              "context": null,
              "code": "cy.get('[data-cy=\"title-info\"]').should('be.visible');\ncy.get('[data-cy=\"img-info\"]').should('be.visible').and($img => {\n  // \"naturalWidth\" and \"naturalHeight\" are set when the image loads\n  expect($img[0].naturalWidth).to.be.greaterThan(0);\n});\ncy.get('[data-cy=\"types-info\"]').should('be.visible');\ncy.get('[data-cy=\"stats-name-info\"]').should('be.visible');\ncy.get('[data-cy=\"stats-progress-info\"]').should('be.visible');\ncy.get('[data-cy=\"stats-num-info\"]').should('be.visible');\ncy.get('[data-cy=\"abilities-title-info\"]').should('be.visible');\ncy.get('[data-cy=\"btn-back-info\"]').should('be.visible');",
              "err": {},
              "uuid": "0721df42-aa0e-4614-9a28-47a191791d29",
              "parentUUID": "7246e099-153f-4e94-a92e-6a7ccca8c60b",
              "isHook": false,
              "skipped": false
            }
          ],
          "suites": [],
          "passes": [
            "0721df42-aa0e-4614-9a28-47a191791d29"
          ],
          "failures": [],
          "pending": [],
          "skipped": [],
          "duration": 1578,
          "root": false,
          "rootEmpty": false,
          "_timeout": 2000
        }
      ],
      "passes": [],
      "failures": [],
      "pending": [],
      "skipped": [],
      "duration": 0,
      "root": true,
      "rootEmpty": true,
      "_timeout": 2000
    }
  ],
  "meta": {
    "mocha": {
      "version": "7.0.1"
    },
    "mochawesome": {
      "options": {
        "quiet": false,
        "reportFilename": "report",
        "saveHtml": false,
        "saveJson": true,
        "consoleReporter": "spec",
        "useInlineDiffs": false,
        "code": true
      },
      "version": "7.1.3"
    },
    "marge": {
      "options": {
        "reportDir": "cypress/report/mochawesome-report",
        "reportFilename": "report",
        "charts": true,
        "overwrite": false,
        "html": false,
        "json": true,
        "timestamp": "mmddyyyy_HHMMss"
      },
      "version": "6.2.0"
    }
  }
}