{
  "stats": {
    "suites": 1,
    "tests": 4,
    "passes": 4,
    "pending": 0,
    "failures": 0,
    "start": "2022-06-02T23:20:59.411Z",
    "end": "2022-06-02T23:21:07.859Z",
    "duration": 8448,
    "testsRegistered": 4,
    "passPercent": 100,
    "pendingPercent": 0,
    "other": 0,
    "hasOther": false,
    "skipped": 0,
    "hasSkipped": false
  },
  "results": [
    {
      "uuid": "bf78aa2e-4aab-49da-9ff5-274e3872d0df",
      "title": "",
      "fullFile": "cypress/integration/tests/nav_app.spec.js",
      "file": "cypress/integration/tests/nav_app.spec.js",
      "beforeHooks": [],
      "afterHooks": [],
      "tests": [],
      "suites": [
        {
          "uuid": "743f50fd-b77e-4979-b6eb-50b744ca48bd",
          "title": "Testing routes",
          "fullFile": "",
          "file": "",
          "beforeHooks": [],
          "afterHooks": [],
          "tests": [
            {
              "title": "Click menu list",
              "fullTitle": "Testing routes Click menu list",
              "timedOut": null,
              "duration": 1884,
              "state": "passed",
              "speed": "fast",
              "pass": true,
              "fail": false,
              "pending": false,
              "context": null,
              "code": "cy.get('[data-cy=\"menu-list\"]').click();\ncy.get('[data-cy=\"title-listpokes\"]').should('contain', 'Search a Pokémon');\ncy.get('[href=\"/info/metapod\"]').click();\ncy.get('[data-cy=\"title-info\"]').should('contain', 'metapod');\ncy.get('[data-cy=\"btn-back-info\"]').click();\ncy.get('[data-cy=\"title-listpokes\"]').should('contain', 'Search a Pokémon');",
              "err": {},
              "uuid": "e9d64d68-2a64-48ec-8c42-886c418f3eaa",
              "parentUUID": "743f50fd-b77e-4979-b6eb-50b744ca48bd",
              "isHook": false,
              "skipped": false
            },
            {
              "title": "Click menu create",
              "fullTitle": "Testing routes Click menu create",
              "timedOut": null,
              "duration": 2665,
              "state": "passed",
              "speed": "fast",
              "pass": true,
              "fail": false,
              "pending": false,
              "context": null,
              "code": "cy.get('[data-cy=\"menu-create\"]').click();\ncy.get('[data-cy=\"msgwel-pokenewlist\"]').should('contain', 'Be welcome!');\ncy.get('[data-cy=\"btn-create-pokenewlist\"]').should('have.length', 1).click();\ncy.get('[data-cy=\"wapper-pokenew\"]').should('be.visible');\ncy.get('[data-cy=\"btn-save-pokenew\"]').should('be.visible');\ncy.get('[data-cy=\"btn-back-pokenew\"]').click();\ncy.get('[data-cy=\"msgwel-pokenewlist\"]').should('contain', 'Be welcome!');\ncy.get('[data-cy=\"card-newpoke\"]:nth-last-child(1)').click();\ncy.get('[data-cy=\"title-pokeinfo\"]').should('contain', 'Mega Rampardos');\ncy.get('[data-cy=\"btn-update-pokeinfo\"]').click();\ncy.get('[data-cy=\"inp-name-pokeedit\"]').should('be.visible');\ncy.get('[data-cy=\"btn-save-pokeedit\"]').should('be.visible');\ncy.get('[data-cy=\"btn-back-pokeedit\"]').click();\ncy.get('[data-cy=\"title-pokeinfo\"]').should('contain', 'Mega Rampardos');\ncy.get('[data-cy=\"btn-delete-pokeinfo\"]').should('be.visible');\ncy.get('[data-cy=\"btn-back-pokeinfo\"]').click();\ncy.get('[data-cy=\"msgwel-pokenewlist\"]').should('contain', 'Be welcome!');",
              "err": {},
              "uuid": "ad90958b-0139-4fce-9742-16193e539011",
              "parentUUID": "743f50fd-b77e-4979-b6eb-50b744ca48bd",
              "isHook": false,
              "skipped": false
            },
            {
              "title": "Click menu history",
              "fullTitle": "Testing routes Click menu history",
              "timedOut": null,
              "duration": 460,
              "state": "passed",
              "speed": "fast",
              "pass": true,
              "fail": false,
              "pending": false,
              "context": null,
              "code": "cy.get('[data-cy=\"menu-history\"]').click();\ncy.get('[data-cy=\"title-history\"]').should('contain', 'A História do Anime Pokémon');",
              "err": {},
              "uuid": "af7bcc40-ba6a-4877-8552-959e6b614b3b",
              "parentUUID": "743f50fd-b77e-4979-b6eb-50b744ca48bd",
              "isHook": false,
              "skipped": false
            },
            {
              "title": "Click menu about",
              "fullTitle": "Testing routes Click menu about",
              "timedOut": null,
              "duration": 1638,
              "state": "passed",
              "speed": "fast",
              "pass": true,
              "fail": false,
              "pending": false,
              "context": null,
              "code": "cy.get('[data-cy=\"menu-about\"]').click();\ncy.get('[data-cy=\"project-poke\"]').should('be.visible');\ncy.get('[data-cy=\"git_autor\"]').should('be.visible');",
              "err": {},
              "uuid": "234d2476-144b-434e-acc1-98df14eb0086",
              "parentUUID": "743f50fd-b77e-4979-b6eb-50b744ca48bd",
              "isHook": false,
              "skipped": false
            }
          ],
          "suites": [],
          "passes": [
            "e9d64d68-2a64-48ec-8c42-886c418f3eaa",
            "ad90958b-0139-4fce-9742-16193e539011",
            "af7bcc40-ba6a-4877-8552-959e6b614b3b",
            "234d2476-144b-434e-acc1-98df14eb0086"
          ],
          "failures": [],
          "pending": [],
          "skipped": [],
          "duration": 6647,
          "root": false,
          "rootEmpty": false,
          "_timeout": 2000
        }
      ],
      "passes": [],
      "failures": [],
      "pending": [],
      "skipped": [],
      "duration": 0,
      "root": true,
      "rootEmpty": true,
      "_timeout": 2000
    }
  ],
  "meta": {
    "mocha": {
      "version": "7.0.1"
    },
    "mochawesome": {
      "options": {
        "quiet": false,
        "reportFilename": "report",
        "saveHtml": false,
        "saveJson": true,
        "consoleReporter": "spec",
        "useInlineDiffs": false,
        "code": true
      },
      "version": "7.1.3"
    },
    "marge": {
      "options": {
        "reportDir": "cypress/report/mochawesome-report",
        "reportFilename": "report",
        "charts": true,
        "overwrite": false,
        "html": false,
        "json": true,
        "timestamp": "mmddyyyy_HHMMss"
      },
      "version": "6.2.0"
    }
  }
}