{
  "stats": {
    "suites": 1,
    "tests": 1,
    "passes": 1,
    "pending": 0,
    "failures": 0,
    "start": "2022-06-02T23:21:40.131Z",
    "end": "2022-06-02T23:21:42.792Z",
    "duration": 2661,
    "testsRegistered": 1,
    "passPercent": 100,
    "pendingPercent": 0,
    "other": 0,
    "hasOther": false,
    "skipped": 0,
    "hasSkipped": false
  },
  "results": [
    {
      "uuid": "89ccfb66-28a7-4f0e-8114-624c186b288e",
      "title": "",
      "fullFile": "cypress/integration/tests/ui_list.spec.js",
      "file": "cypress/integration/tests/ui_list.spec.js",
      "beforeHooks": [],
      "afterHooks": [],
      "tests": [],
      "suites": [
        {
          "uuid": "fd8f429e-ef69-45ed-b6f5-41c2b512c017",
          "title": "List screen usability test",
          "fullFile": "",
          "file": "",
          "beforeHooks": [],
          "afterHooks": [],
          "tests": [
            {
              "title": "Check List screen elements",
              "fullTitle": "List screen usability test Check List screen elements",
              "timedOut": null,
              "duration": 919,
              "state": "passed",
              "speed": "fast",
              "pass": true,
              "fail": false,
              "pending": false,
              "context": null,
              "code": "cy.get('[data-cy=\"title-listpokes\"]').should('be.visible');\ncy.get('[data-cy=\"search-listpokes\"]').should('be.visible');\ncy.get('[data-cy=\"lbl-limit\"]').should('be.visible');\ncy.get('[data-cy=\"limit\"]').should('be.visible');\ncy.get('[href=\"/info/metapod\"]').should('be.visible');\ncy.get('[data-cy=\"wrapper-pagination\"]').should('be.visible');",
              "err": {},
              "uuid": "8d49de45-5fbe-4dd1-a259-035a9d38fd1b",
              "parentUUID": "fd8f429e-ef69-45ed-b6f5-41c2b512c017",
              "isHook": false,
              "skipped": false
            }
          ],
          "suites": [],
          "passes": [
            "8d49de45-5fbe-4dd1-a259-035a9d38fd1b"
          ],
          "failures": [],
          "pending": [],
          "skipped": [],
          "duration": 919,
          "root": false,
          "rootEmpty": false,
          "_timeout": 2000
        }
      ],
      "passes": [],
      "failures": [],
      "pending": [],
      "skipped": [],
      "duration": 0,
      "root": true,
      "rootEmpty": true,
      "_timeout": 2000
    }
  ],
  "meta": {
    "mocha": {
      "version": "7.0.1"
    },
    "mochawesome": {
      "options": {
        "quiet": false,
        "reportFilename": "report",
        "saveHtml": false,
        "saveJson": true,
        "consoleReporter": "spec",
        "useInlineDiffs": false,
        "code": true
      },
      "version": "7.1.3"
    },
    "marge": {
      "options": {
        "reportDir": "cypress/report/mochawesome-report",
        "reportFilename": "report",
        "charts": true,
        "overwrite": false,
        "html": false,
        "json": true,
        "timestamp": "mmddyyyy_HHMMss"
      },
      "version": "6.2.0"
    }
  }
}