{
  "stats": {
    "suites": 1,
    "tests": 8,
    "passes": 8,
    "pending": 0,
    "failures": 0,
    "start": "2022-06-02T23:21:15.017Z",
    "end": "2022-06-02T23:21:19.308Z",
    "duration": 4291,
    "testsRegistered": 8,
    "passPercent": 100,
    "pendingPercent": 0,
    "other": 0,
    "hasOther": false,
    "skipped": 0,
    "hasSkipped": false
  },
  "results": [
    {
      "uuid": "aea52aa6-4321-4eab-a97f-35caf866e89b",
      "title": "",
      "fullFile": "cypress/integration/tests/ui_footer.spec.js",
      "file": "cypress/integration/tests/ui_footer.spec.js",
      "beforeHooks": [],
      "afterHooks": [],
      "tests": [],
      "suites": [
        {
          "uuid": "074cbe36-bb4f-42a8-a69c-07fc938d6fa7",
          "title": "Initial screen usability test",
          "fullFile": "",
          "file": "",
          "beforeHooks": [],
          "afterHooks": [],
          "tests": [
            {
              "title": "Verificar elemetos Footer da tela na home",
              "fullTitle": "Initial screen usability test Verificar elemetos Footer da tela na home",
              "timedOut": null,
              "duration": 807,
              "state": "passed",
              "speed": "fast",
              "pass": true,
              "fail": false,
              "pending": false,
              "context": null,
              "code": "cy.visit('http://localhost:3000');\ncy.get('[data-cy=\"copyright\"]').should('be.visible');",
              "err": {},
              "uuid": "edf50f70-1914-4d8d-98dc-61c6bc4bfe29",
              "parentUUID": "074cbe36-bb4f-42a8-a69c-07fc938d6fa7",
              "isHook": false,
              "skipped": false
            },
            {
              "title": "Check Initial Screen Footer Elements",
              "fullTitle": "Initial screen usability test Check Initial Screen Footer Elements",
              "timedOut": null,
              "duration": 443,
              "state": "passed",
              "speed": "fast",
              "pass": true,
              "fail": false,
              "pending": false,
              "context": null,
              "code": "cy.visit('http://localhost:3000/initial');\ncy.get('[data-cy=\"copyright\"]').should('be.visible');",
              "err": {},
              "uuid": "66db16a0-ed0d-4ba4-a28b-9d0b5e28a2b8",
              "parentUUID": "074cbe36-bb4f-42a8-a69c-07fc938d6fa7",
              "isHook": false,
              "skipped": false
            },
            {
              "title": "Check New List Screen Footer Elements",
              "fullTitle": "Initial screen usability test Check New List Screen Footer Elements",
              "timedOut": null,
              "duration": 201,
              "state": "passed",
              "speed": "fast",
              "pass": true,
              "fail": false,
              "pending": false,
              "context": null,
              "code": "cy.visit('http://localhost:3000/list');\ncy.get('[data-cy=\"copyright\"]').should('be.visible');",
              "err": {},
              "uuid": "9a446e34-938d-40cb-b583-db24f462e11c",
              "parentUUID": "074cbe36-bb4f-42a8-a69c-07fc938d6fa7",
              "isHook": false,
              "skipped": false
            },
            {
              "title": "Check History Screen Footer Elements",
              "fullTitle": "Initial screen usability test Check History Screen Footer Elements",
              "timedOut": null,
              "duration": 210,
              "state": "passed",
              "speed": "fast",
              "pass": true,
              "fail": false,
              "pending": false,
              "context": null,
              "code": "cy.visit('http://localhost:3000/history');\ncy.get('[data-cy=\"copyright\"]').should('be.visible');",
              "err": {},
              "uuid": "977306e9-de27-429c-973f-3350d8124c97",
              "parentUUID": "074cbe36-bb4f-42a8-a69c-07fc938d6fa7",
              "isHook": false,
              "skipped": false
            },
            {
              "title": "Check About Screen Footer Elements",
              "fullTitle": "Initial screen usability test Check About Screen Footer Elements",
              "timedOut": null,
              "duration": 182,
              "state": "passed",
              "speed": "fast",
              "pass": true,
              "fail": false,
              "pending": false,
              "context": null,
              "code": "cy.visit('http://localhost:3000/about');\ncy.get('[data-cy=\"copyright\"]').should('be.visible');",
              "err": {},
              "uuid": "c0a98088-141d-4732-bbd5-eda2b679f9a5",
              "parentUUID": "074cbe36-bb4f-42a8-a69c-07fc938d6fa7",
              "isHook": false,
              "skipped": false
            },
            {
              "title": "Check New Info Screen Footer Elements",
              "fullTitle": "Initial screen usability test Check New Info Screen Footer Elements",
              "timedOut": null,
              "duration": 174,
              "state": "passed",
              "speed": "fast",
              "pass": true,
              "fail": false,
              "pending": false,
              "context": null,
              "code": "cy.visit('http://localhost:3000/pokenew/629604c157d58865a2493a1e');\ncy.get('[data-cy=\"copyright\"]').should('be.visible');",
              "err": {},
              "uuid": "79d5c9a9-d922-4713-94a1-2ae528815847",
              "parentUUID": "074cbe36-bb4f-42a8-a69c-07fc938d6fa7",
              "isHook": false,
              "skipped": false
            },
            {
              "title": "Check New Edit Screen Footer Elements",
              "fullTitle": "Initial screen usability test Check New Edit Screen Footer Elements",
              "timedOut": null,
              "duration": 262,
              "state": "passed",
              "speed": "fast",
              "pass": true,
              "fail": false,
              "pending": false,
              "context": null,
              "code": "cy.visit('http://localhost:3000/edit/629604c157d58865a2493a1e');\ncy.get('[data-cy=\"copyright\"]').should('be.visible');",
              "err": {},
              "uuid": "059041a7-5060-41a4-891c-84ff41a960d2",
              "parentUUID": "074cbe36-bb4f-42a8-a69c-07fc938d6fa7",
              "isHook": false,
              "skipped": false
            },
            {
              "title": "Check New Screen Footer Elements",
              "fullTitle": "Initial screen usability test Check New Screen Footer Elements",
              "timedOut": null,
              "duration": 286,
              "state": "passed",
              "speed": "fast",
              "pass": true,
              "fail": false,
              "pending": false,
              "context": null,
              "code": "cy.visit('http://localhost:3000/new');\ncy.get('[data-cy=\"copyright\"]').should('be.visible');",
              "err": {},
              "uuid": "a414dd27-8c17-469e-9d90-83038e4c772a",
              "parentUUID": "074cbe36-bb4f-42a8-a69c-07fc938d6fa7",
              "isHook": false,
              "skipped": false
            }
          ],
          "suites": [],
          "passes": [
            "edf50f70-1914-4d8d-98dc-61c6bc4bfe29",
            "66db16a0-ed0d-4ba4-a28b-9d0b5e28a2b8",
            "9a446e34-938d-40cb-b583-db24f462e11c",
            "977306e9-de27-429c-973f-3350d8124c97",
            "c0a98088-141d-4732-bbd5-eda2b679f9a5",
            "79d5c9a9-d922-4713-94a1-2ae528815847",
            "059041a7-5060-41a4-891c-84ff41a960d2",
            "a414dd27-8c17-469e-9d90-83038e4c772a"
          ],
          "failures": [],
          "pending": [],
          "skipped": [],
          "duration": 2565,
          "root": false,
          "rootEmpty": false,
          "_timeout": 2000
        }
      ],
      "passes": [],
      "failures": [],
      "pending": [],
      "skipped": [],
      "duration": 0,
      "root": true,
      "rootEmpty": true,
      "_timeout": 2000
    }
  ],
  "meta": {
    "mocha": {
      "version": "7.0.1"
    },
    "mochawesome": {
      "options": {
        "quiet": false,
        "reportFilename": "report",
        "saveHtml": false,
        "saveJson": true,
        "consoleReporter": "spec",
        "useInlineDiffs": false,
        "code": true
      },
      "version": "7.1.3"
    },
    "marge": {
      "options": {
        "reportDir": "cypress/report/mochawesome-report",
        "reportFilename": "report",
        "charts": true,
        "overwrite": false,
        "html": false,
        "json": true,
        "timestamp": "mmddyyyy_HHMMss"
      },
      "version": "6.2.0"
    }
  }
}