{
  "stats": {
    "suites": 1,
    "tests": 2,
    "passes": 2,
    "pending": 0,
    "failures": 0,
    "start": "2022-06-02T23:21:54.832Z",
    "end": "2022-06-02T23:21:58.304Z",
    "duration": 3472,
    "testsRegistered": 2,
    "passPercent": 100,
    "pendingPercent": 0,
    "other": 0,
    "hasOther": false,
    "skipped": 0,
    "hasSkipped": false
  },
  "results": [
    {
      "uuid": "c77a5889-a2c9-42f2-948c-b1c8bf8f24c3",
      "title": "",
      "fullFile": "cypress/integration/tests/ui_newinfo.spec.js",
      "file": "cypress/integration/tests/ui_newinfo.spec.js",
      "beforeHooks": [],
      "afterHooks": [],
      "tests": [],
      "suites": [
        {
          "uuid": "a7ab3b05-0725-4b11-873b-1e3729f93dfa",
          "title": "New Info screen usability test",
          "fullFile": "",
          "file": "",
          "beforeHooks": [],
          "afterHooks": [],
          "tests": [
            {
              "title": "Create and Delete Pokémon",
              "fullTitle": "New Info screen usability test Create and Delete Pokémon",
              "timedOut": null,
              "duration": 1660,
              "state": "passed",
              "speed": "fast",
              "pass": true,
              "fail": false,
              "pending": false,
              "context": null,
              "code": "GETPokenew.allPokenew().should(response => {\n  const index = response.body.length - 1;\n  const idNew = response.body[index]._id;\n  cy.visit(`http://localhost:3000/pokenew/${idNew}`);\n});",
              "err": {},
              "uuid": "b37d52cd-2204-45f3-b35c-221737283fe8",
              "parentUUID": "a7ab3b05-0725-4b11-873b-1e3729f93dfa",
              "isHook": false,
              "skipped": false
            },
            {
              "title": "Check New Info screen elements",
              "fullTitle": "New Info screen usability test Check New Info screen elements",
              "timedOut": null,
              "duration": 219,
              "state": "passed",
              "speed": "fast",
              "pass": true,
              "fail": false,
              "pending": false,
              "context": null,
              "code": "cy.get('[data-cy=\"title-pokeinfo\"]').should('be.visible');\ncy.get('[data-cy=\"img-pokeinfo\"]').should('be.visible').and($img => {\n  expect($img[0].naturalWidth).to.be.greaterThan(0);\n});\ncy.get('[data-cy=\"types-pokeinfo\"]').should('be.visible');\ncy.get('[data-cy=\"img-pokeinfo\"]').should('be.visible');\ncy.get('[data-cy=\"types-pokeinfo\"]').should('be.visible');\ncy.get('[data-cy=\"lbl-stats-pokeinfo\"]').should('be.visible');\ncy.get('[data-cy=\"progress-newpoke\"]').should('be.visible');\ncy.get('[data-cy=\"stats-pokeinfo\"]').should('be.visible');\ncy.get('[data-cy=\"title-abilities-pokeinfo\"]').should('be.visible');\ncy.get('[data-cy=\"title-ability-pokeinfo\"]').should('be.visible');\ncy.get('[data-cy=\"descr-abilities-pokeinfo\"]').should('be.visible');\ncy.get('[data-cy=\"btn-update-pokeinfo\"]').should('be.visible');\ncy.get('[data-cy=\"btn-delete-pokeinfo\"]').should('be.visible');\ncy.get('[data-cy=\"btn-back-pokeinfo\"]').should('be.visible');",
              "err": {},
              "uuid": "28325886-e15c-49d6-9220-335953edf49a",
              "parentUUID": "a7ab3b05-0725-4b11-873b-1e3729f93dfa",
              "isHook": false,
              "skipped": false
            }
          ],
          "suites": [],
          "passes": [
            "b37d52cd-2204-45f3-b35c-221737283fe8",
            "28325886-e15c-49d6-9220-335953edf49a"
          ],
          "failures": [],
          "pending": [],
          "skipped": [],
          "duration": 1879,
          "root": false,
          "rootEmpty": false,
          "_timeout": 2000
        }
      ],
      "passes": [],
      "failures": [],
      "pending": [],
      "skipped": [],
      "duration": 0,
      "root": true,
      "rootEmpty": true,
      "_timeout": 2000
    }
  ],
  "meta": {
    "mocha": {
      "version": "7.0.1"
    },
    "mochawesome": {
      "options": {
        "quiet": false,
        "reportFilename": "report",
        "saveHtml": false,
        "saveJson": true,
        "consoleReporter": "spec",
        "useInlineDiffs": false,
        "code": true
      },
      "version": "7.1.3"
    },
    "marge": {
      "options": {
        "reportDir": "cypress/report/mochawesome-report",
        "reportFilename": "report",
        "charts": true,
        "overwrite": false,
        "html": false,
        "json": true,
        "timestamp": "mmddyyyy_HHMMss"
      },
      "version": "6.2.0"
    }
  }
}