{
  "stats": {
    "suites": 1,
    "tests": 1,
    "passes": 1,
    "pending": 0,
    "failures": 0,
    "start": "2022-05-31T13:18:53.095Z",
    "end": "2022-05-31T13:18:56.866Z",
    "duration": 3771,
    "testsRegistered": 1,
    "passPercent": 100,
    "pendingPercent": 0,
    "other": 0,
    "hasOther": false,
    "skipped": 0,
    "hasSkipped": false
  },
  "results": [
    {
      "uuid": "ffae2aa4-9eb4-4dd1-a6b9-89b0263eee98",
      "title": "",
      "fullFile": "cypress/integration/Pokemon/ui_newinfo.spec.js",
      "file": "cypress/integration/Pokemon/ui_newinfo.spec.js",
      "beforeHooks": [],
      "afterHooks": [],
      "tests": [],
      "suites": [
        {
          "uuid": "449400a3-08a3-4bc4-b4a5-d666485b2558",
          "title": "Usabilidade da tela New Pokémon info",
          "fullFile": "",
          "file": "",
          "beforeHooks": [],
          "afterHooks": [],
          "tests": [
            {
              "title": "Verificar elementos da tela New Info",
              "fullTitle": "Usabilidade da tela New Pokémon info Verificar elementos da tela New Info",
              "timedOut": null,
              "duration": 1743,
              "state": "passed",
              "speed": "fast",
              "pass": true,
              "fail": false,
              "pending": false,
              "context": null,
              "code": "cy.get('[data-cy=\"title-pokeinfo\"]').should('be.visible');\ncy.get('[data-cy=\"img-pokeinfo\"]').should('be.visible').and($img => {\n  // \"naturalWidth\" and \"naturalHeight\" are set when the image loads\n  expect($img[0].naturalWidth).to.be.greaterThan(0);\n});\ncy.get('[data-cy=\"types-pokeinfo\"]').should('be.visible');\ncy.get('[data-cy=\"img-pokeinfo\"]').should('be.visible');\ncy.get('[data-cy=\"types-pokeinfo\"]').should('be.visible');\ncy.get('[data-cy=\"lbl-stats-pokeinfo\"]').should('be.visible');\ncy.get('[data-cy=\"progress-newpoke\"]').should('be.visible');\ncy.get('[data-cy=\"stats-pokeinfo\"]').should('be.visible');\ncy.get('[data-cy=\"title-abilities-pokeinfo\"]').should('be.visible');\ncy.get('[data-cy=\"title-ability-pokeinfo\"]').should('be.visible');\ncy.get('[data-cy=\"descr-abilities-pokeinfo\"]').should('be.visible');\ncy.get('[data-cy=\"btn-update-pokeinfo\"]').should('be.visible');\ncy.get('[data-cy=\"btn-delete-pokeinfo\"]').should('be.visible');\ncy.get('[data-cy=\"btn-back-pokeinfo\"]').should('be.visible');",
              "err": {},
              "uuid": "4e5dfa83-c427-4e76-80db-298ddc30d5f0",
              "parentUUID": "449400a3-08a3-4bc4-b4a5-d666485b2558",
              "isHook": false,
              "skipped": false
            }
          ],
          "suites": [],
          "passes": [
            "4e5dfa83-c427-4e76-80db-298ddc30d5f0"
          ],
          "failures": [],
          "pending": [],
          "skipped": [],
          "duration": 1743,
          "root": false,
          "rootEmpty": false,
          "_timeout": 2000
        }
      ],
      "passes": [],
      "failures": [],
      "pending": [],
      "skipped": [],
      "duration": 0,
      "root": true,
      "rootEmpty": true,
      "_timeout": 2000
    }
  ],
  "meta": {
    "mocha": {
      "version": "7.0.1"
    },
    "mochawesome": {
      "options": {
        "quiet": false,
        "reportFilename": "report",
        "saveHtml": false,
        "saveJson": true,
        "consoleReporter": "spec",
        "useInlineDiffs": false,
        "code": true
      },
      "version": "7.1.3"
    },
    "marge": {
      "options": {
        "reportDir": "cypress/report/mochawesome-report",
        "reportFilename": "report",
        "charts": true,
        "overwrite": false,
        "html": false,
        "json": true,
        "timestamp": "mmddyyyy_HHMMss"
      },
      "version": "6.2.0"
    }
  }
}