{
  "stats": {
    "suites": 1,
    "tests": 4,
    "passes": 4,
    "pending": 0,
    "failures": 0,
    "start": "2022-05-31T13:17:21.265Z",
    "end": "2022-05-31T13:17:30.518Z",
    "duration": 9253,
    "testsRegistered": 4,
    "passPercent": 100,
    "pendingPercent": 0,
    "other": 0,
    "hasOther": false,
    "skipped": 0,
    "hasSkipped": false
  },
  "results": [
    {
      "uuid": "c3c262bf-fead-4ed3-a310-88d11190f715",
      "title": "",
      "fullFile": "cypress/integration/Pokemon/nav_app.spec.js",
      "file": "cypress/integration/Pokemon/nav_app.spec.js",
      "beforeHooks": [],
      "afterHooks": [],
      "tests": [],
      "suites": [
        {
          "uuid": "d9aa8ed3-e732-446d-aebf-7d324e3ecf9e",
          "title": "Testando rotas",
          "fullFile": "",
          "file": "",
          "beforeHooks": [],
          "afterHooks": [],
          "tests": [
            {
              "title": "Click menu list",
              "fullTitle": "Testando rotas Click menu list",
              "timedOut": null,
              "duration": 3543,
              "state": "passed",
              "speed": "fast",
              "pass": true,
              "fail": false,
              "pending": false,
              "context": null,
              "code": "cy.get('[data-cy=\"menu-list\"]').click();\ncy.get('[data-cy=\"title-listpokes\"]').should('contain', 'Search a Pokémon');\ncy.get('[href=\"/info/metapod\"]').click();\ncy.get('[data-cy=\"title-info\"]').should('contain', 'metapod');\ncy.get('[data-cy=\"btn-back-info\"]').click();\ncy.get('[data-cy=\"title-listpokes\"]').should('contain', 'Search a Pokémon');",
              "err": {},
              "uuid": "b1b1dc19-6211-4a5a-a1f2-10f9c93080b7",
              "parentUUID": "d9aa8ed3-e732-446d-aebf-7d324e3ecf9e",
              "isHook": false,
              "skipped": false
            },
            {
              "title": "Click menu create",
              "fullTitle": "Testando rotas Click menu create",
              "timedOut": null,
              "duration": 1917,
              "state": "passed",
              "speed": "fast",
              "pass": true,
              "fail": false,
              "pending": false,
              "context": null,
              "code": "cy.get('[data-cy=\"menu-create\"]').click();\ncy.get('[data-cy=\"msgwel-pokenewlist\"]').should('contain', 'Be welcome!');\ncy.get('[data-cy=\"btn-create-pokenewlist\"]').click();\ncy.get('[data-cy=\"wapper-pokenew\"]').should('be.visible');\ncy.get('[data-cy=\"btn-save-pokenew\"]').should('be.visible');\ncy.get('[data-cy=\"btn-back-pokenew\"]').click();\ncy.get('[data-cy=\"msgwel-pokenewlist\"]').should('contain', 'Be welcome!');\ncy.get('[data-cy=\"card-newpoke\"]').click();\ncy.get('[data-cy=\"title-pokeinfo\"]').should('contain', 'Mega Rampardos');\ncy.get('[data-cy=\"btn-update-pokeinfo\"]').click();\ncy.get('[data-cy=\"inp-name-pokeedit\"]').should('be.visible');\ncy.get('[data-cy=\"btn-save-pokeedit\"]').should('be.visible');\ncy.get('[data-cy=\"btn-back-pokeedit\"]').click();\ncy.get('[data-cy=\"title-pokeinfo\"]').should('contain', 'Mega Rampardos');\ncy.get('[data-cy=\"btn-delete-pokeinfo\"]').should('be.visible');\ncy.get('[data-cy=\"btn-back-pokeinfo\"]').click();\ncy.get('[data-cy=\"msgwel-pokenewlist\"]').should('contain', 'Be welcome!');",
              "err": {},
              "uuid": "c961dbcc-d018-4af3-b47e-f5c889234b61",
              "parentUUID": "d9aa8ed3-e732-446d-aebf-7d324e3ecf9e",
              "isHook": false,
              "skipped": false
            },
            {
              "title": "Click menu history",
              "fullTitle": "Testando rotas Click menu history",
              "timedOut": null,
              "duration": 431,
              "state": "passed",
              "speed": "fast",
              "pass": true,
              "fail": false,
              "pending": false,
              "context": null,
              "code": "cy.get('[data-cy=\"menu-history\"]').click();\ncy.get('[data-cy=\"title-history\"]').should('contain', 'A História do Anime Pokémon');",
              "err": {},
              "uuid": "b1010c90-4c5b-41ba-baee-0e156fcd2ade",
              "parentUUID": "d9aa8ed3-e732-446d-aebf-7d324e3ecf9e",
              "isHook": false,
              "skipped": false
            },
            {
              "title": "Click menu about",
              "fullTitle": "Testando rotas Click menu about",
              "timedOut": null,
              "duration": 541,
              "state": "passed",
              "speed": "fast",
              "pass": true,
              "fail": false,
              "pending": false,
              "context": null,
              "code": "cy.get('[data-cy=\"menu-about\"]').click();\ncy.get('[data-cy=\"project-poke\"]').should('be.visible');\ncy.get('[data-cy=\"git_autor\"]').should('be.visible');",
              "err": {},
              "uuid": "373e41b5-4cd2-4cfb-839a-b48bdab3dc25",
              "parentUUID": "d9aa8ed3-e732-446d-aebf-7d324e3ecf9e",
              "isHook": false,
              "skipped": false
            }
          ],
          "suites": [],
          "passes": [
            "b1b1dc19-6211-4a5a-a1f2-10f9c93080b7",
            "c961dbcc-d018-4af3-b47e-f5c889234b61",
            "b1010c90-4c5b-41ba-baee-0e156fcd2ade",
            "373e41b5-4cd2-4cfb-839a-b48bdab3dc25"
          ],
          "failures": [],
          "pending": [],
          "skipped": [],
          "duration": 6432,
          "root": false,
          "rootEmpty": false,
          "_timeout": 2000
        }
      ],
      "passes": [],
      "failures": [],
      "pending": [],
      "skipped": [],
      "duration": 0,
      "root": true,
      "rootEmpty": true,
      "_timeout": 2000
    }
  ],
  "meta": {
    "mocha": {
      "version": "7.0.1"
    },
    "mochawesome": {
      "options": {
        "quiet": false,
        "reportFilename": "report",
        "saveHtml": false,
        "saveJson": true,
        "consoleReporter": "spec",
        "useInlineDiffs": false,
        "code": true
      },
      "version": "7.1.3"
    },
    "marge": {
      "options": {
        "reportDir": "cypress/report/mochawesome-report",
        "reportFilename": "report",
        "charts": true,
        "overwrite": false,
        "html": false,
        "json": true,
        "timestamp": "mmddyyyy_HHMMss"
      },
      "version": "6.2.0"
    }
  }
}