{
  "stats": {
    "suites": 1,
    "tests": 1,
    "passes": 1,
    "pending": 0,
    "failures": 0,
    "start": "2022-05-31T13:19:05.782Z",
    "end": "2022-05-31T13:19:08.783Z",
    "duration": 3001,
    "testsRegistered": 1,
    "passPercent": 100,
    "pendingPercent": 0,
    "other": 0,
    "hasOther": false,
    "skipped": 0,
    "hasSkipped": false
  },
  "results": [
    {
      "uuid": "fc53ea6b-29e3-4d8c-87b7-e48053f51861",
      "title": "",
      "fullFile": "cypress/integration/Pokemon/ui_newlist.spec.js",
      "file": "cypress/integration/Pokemon/ui_newlist.spec.js",
      "beforeHooks": [],
      "afterHooks": [],
      "tests": [],
      "suites": [
        {
          "uuid": "1b0de103-4cda-4ab4-a964-a8b7d03a5827",
          "title": "Usabilidade da tela list",
          "fullFile": "",
          "file": "",
          "beforeHooks": [],
          "afterHooks": [],
          "tests": [
            {
              "title": "Verificar elementos da tela New List",
              "fullTitle": "Usabilidade da tela list Verificar elementos da tela New List",
              "timedOut": null,
              "duration": 1013,
              "state": "passed",
              "speed": "fast",
              "pass": true,
              "fail": false,
              "pending": false,
              "context": null,
              "code": "cy.get('[data-cy=\"msgwel-pokenewlist\"]').should('be.visible');\ncy.get('[data-cy=\"msgclick-pokenewlist\"]').should('be.visible');\ncy.get('[data-cy=\"btn-create-pokenewlist\"]').should('be.visible');\ncy.get('[data-cy=\"title-pokenewlist\"]').should('be.visible');\ncy.get('[data-cy=\"card-newpoke\"]').should('be.visible');",
              "err": {},
              "uuid": "f8e46645-d98f-4f51-8641-09676f093e3d",
              "parentUUID": "1b0de103-4cda-4ab4-a964-a8b7d03a5827",
              "isHook": false,
              "skipped": false
            }
          ],
          "suites": [],
          "passes": [
            "f8e46645-d98f-4f51-8641-09676f093e3d"
          ],
          "failures": [],
          "pending": [],
          "skipped": [],
          "duration": 1013,
          "root": false,
          "rootEmpty": false,
          "_timeout": 2000
        }
      ],
      "passes": [],
      "failures": [],
      "pending": [],
      "skipped": [],
      "duration": 0,
      "root": true,
      "rootEmpty": true,
      "_timeout": 2000
    }
  ],
  "meta": {
    "mocha": {
      "version": "7.0.1"
    },
    "mochawesome": {
      "options": {
        "quiet": false,
        "reportFilename": "report",
        "saveHtml": false,
        "saveJson": true,
        "consoleReporter": "spec",
        "useInlineDiffs": false,
        "code": true
      },
      "version": "7.1.3"
    },
    "marge": {
      "options": {
        "reportDir": "cypress/report/mochawesome-report",
        "reportFilename": "report",
        "charts": true,
        "overwrite": false,
        "html": false,
        "json": true,
        "timestamp": "mmddyyyy_HHMMss"
      },
      "version": "6.2.0"
    }
  }
}