{
  "stats": {
    "suites": 2,
    "tests": 2,
    "passes": 2,
    "pending": 0,
    "failures": 0,
    "start": "2022-06-02T23:20:57.274Z",
    "end": "2022-06-02T23:20:57.822Z",
    "duration": 548,
    "testsRegistered": 2,
    "passPercent": 100,
    "pendingPercent": 0,
    "other": 0,
    "hasOther": false,
    "skipped": 0,
    "hasSkipped": false
  },
  "results": [
    {
      "uuid": "45c8c540-c5d1-4c21-bbf3-237606c375b6",
      "title": "",
      "fullFile": "cypress/integration/tests/api_app.spec.js",
      "file": "cypress/integration/tests/api_app.spec.js",
      "beforeHooks": [],
      "afterHooks": [],
      "tests": [],
      "suites": [
        {
          "uuid": "2c62df22-e503-4086-8912-01a0c67fd108",
          "title": "API Testing Pokeapi.co",
          "fullFile": "",
          "file": "",
          "beforeHooks": [],
          "afterHooks": [],
          "tests": [
            {
              "title": "check connection and request",
              "fullTitle": "API Testing Pokeapi.co check connection and request",
              "timedOut": null,
              "duration": 478,
              "state": "passed",
              "speed": "fast",
              "pass": true,
              "fail": false,
              "pending": false,
              "context": null,
              "code": "cy.get('@bulbasaur').its('body').should('include', {\n  name: 'bulbasaur'\n}).should('not.include', {\n  name: 'pikachu'\n});",
              "err": {},
              "uuid": "70c50480-927e-46cd-8dfd-c94cd6aec669",
              "parentUUID": "2c62df22-e503-4086-8912-01a0c67fd108",
              "isHook": false,
              "skipped": false
            }
          ],
          "suites": [],
          "passes": [
            "70c50480-927e-46cd-8dfd-c94cd6aec669"
          ],
          "failures": [],
          "pending": [],
          "skipped": [],
          "duration": 478,
          "root": false,
          "rootEmpty": false,
          "_timeout": 2000
        },
        {
          "uuid": "3a61adc3-b870-4b80-b5ff-de6f9185259c",
          "title": "API Testing Pokenew api",
          "fullFile": "",
          "file": "",
          "beforeHooks": [],
          "afterHooks": [],
          "tests": [
            {
              "title": "check connection and request",
              "fullTitle": "API Testing Pokenew api check connection and request",
              "timedOut": null,
              "duration": 47,
              "state": "passed",
              "speed": "fast",
              "pass": true,
              "fail": false,
              "pending": false,
              "context": null,
              "code": "cy.get('@pokenew').then(response => {\n  expect(response.status).to.eq(200);\n  expect(response.body).to.be.not.null;\n  expect(JSON.stringify(response.body[0].name)).to.eq('\"Mega Rampardos\"');\n});",
              "err": {},
              "uuid": "fdd47878-59b8-4ade-9aeb-2feca531a8fb",
              "parentUUID": "3a61adc3-b870-4b80-b5ff-de6f9185259c",
              "isHook": false,
              "skipped": false
            }
          ],
          "suites": [],
          "passes": [
            "fdd47878-59b8-4ade-9aeb-2feca531a8fb"
          ],
          "failures": [],
          "pending": [],
          "skipped": [],
          "duration": 47,
          "root": false,
          "rootEmpty": false,
          "_timeout": 2000
        }
      ],
      "passes": [],
      "failures": [],
      "pending": [],
      "skipped": [],
      "duration": 0,
      "root": true,
      "rootEmpty": true,
      "_timeout": 2000
    }
  ],
  "meta": {
    "mocha": {
      "version": "7.0.1"
    },
    "mochawesome": {
      "options": {
        "quiet": false,
        "reportFilename": "report",
        "saveHtml": false,
        "saveJson": true,
        "consoleReporter": "spec",
        "useInlineDiffs": false,
        "code": true
      },
      "version": "7.1.3"
    },
    "marge": {
      "options": {
        "reportDir": "cypress/report/mochawesome-report",
        "reportFilename": "report",
        "charts": true,
        "overwrite": false,
        "html": false,
        "json": true,
        "timestamp": "mmddyyyy_HHMMss"
      },
      "version": "6.2.0"
    }
  }
}