{
  "stats": {
    "suites": 1,
    "tests": 8,
    "passes": 8,
    "pending": 0,
    "failures": 0,
    "start": "2022-06-02T23:21:21.775Z",
    "end": "2022-06-02T23:21:26.032Z",
    "duration": 4257,
    "testsRegistered": 8,
    "passPercent": 100,
    "pendingPercent": 0,
    "other": 0,
    "hasOther": false,
    "skipped": 0,
    "hasSkipped": false
  },
  "results": [
    {
      "uuid": "f1ea3fa9-5032-4f98-a8bc-086507ad97b0",
      "title": "",
      "fullFile": "cypress/integration/tests/ui_header.spec.js",
      "file": "cypress/integration/tests/ui_header.spec.js",
      "beforeHooks": [],
      "afterHooks": [],
      "tests": [],
      "suites": [
        {
          "uuid": "bd273b66-f95a-4bbb-b085-30043f4e6214",
          "title": "Inicial screen usability test",
          "fullFile": "",
          "file": "",
          "beforeHooks": [],
          "afterHooks": [],
          "tests": [
            {
              "title": "Check Home screen Header elements",
              "fullTitle": "Inicial screen usability test Check Home screen Header elements",
              "timedOut": null,
              "duration": 1038,
              "state": "passed",
              "speed": "fast",
              "pass": true,
              "fail": false,
              "pending": false,
              "context": null,
              "code": "cy.visit('http://localhost:3000');\ncy.get('[data-cy=\"nav-title\"]').should('be.visible');\ncy.get('[data-cy=\"nav-logo\"]').should('be.visible').and($img => {\n  // \"naturalWidth\" and \"naturalHeight\" are set when the image loads\n  expect($img[0].naturalWidth).to.be.greaterThan(0);\n});\ncy.get('[data-cy=\"menu-list\"]').should('be.visible');\ncy.get('[data-cy=\"menu-create\"]').should('be.visible');\ncy.get('[data-cy=\"menu-history\"]').should('be.visible');\ncy.get('[data-cy=\"menu-about\"]').should('be.visible');",
              "err": {},
              "uuid": "43dba7f0-ced2-4d78-9f8f-54cee67ef1d2",
              "parentUUID": "bd273b66-f95a-4bbb-b085-30043f4e6214",
              "isHook": false,
              "skipped": false
            },
            {
              "title": "Check Initial screen Header elements",
              "fullTitle": "Inicial screen usability test Check Initial screen Header elements",
              "timedOut": null,
              "duration": 370,
              "state": "passed",
              "speed": "fast",
              "pass": true,
              "fail": false,
              "pending": false,
              "context": null,
              "code": "cy.visit('http://localhost:3000/initial');\ncy.get('[data-cy=\"nav-title\"]').should('be.visible');\ncy.get('[data-cy=\"nav-logo\"]').should('be.visible').and($img => {\n  // \"naturalWidth\" and \"naturalHeight\" are set when the image loads\n  expect($img[0].naturalWidth).to.be.greaterThan(0);\n});\ncy.get('[data-cy=\"menu-list\"]').should('be.visible');\ncy.get('[data-cy=\"menu-create\"]').should('be.visible');\ncy.get('[data-cy=\"menu-history\"]').should('be.visible');\ncy.get('[data-cy=\"menu-about\"]').should('be.visible');",
              "err": {},
              "uuid": "6fed887e-9d69-481b-8ed6-09a2a46de6de",
              "parentUUID": "bd273b66-f95a-4bbb-b085-30043f4e6214",
              "isHook": false,
              "skipped": false
            },
            {
              "title": "Check New List screen Header elements",
              "fullTitle": "Inicial screen usability test Check New List screen Header elements",
              "timedOut": null,
              "duration": 226,
              "state": "passed",
              "speed": "fast",
              "pass": true,
              "fail": false,
              "pending": false,
              "context": null,
              "code": "cy.visit('http://localhost:3000/list');\ncy.get('[data-cy=\"nav-title\"]').should('be.visible');\ncy.get('[data-cy=\"nav-logo\"]').should('be.visible').and($img => {\n  // \"naturalWidth\" and \"naturalHeight\" are set when the image loads\n  expect($img[0].naturalWidth).to.be.greaterThan(0);\n});\ncy.get('[data-cy=\"menu-list\"]').should('be.visible');\ncy.get('[data-cy=\"menu-create\"]').should('be.visible');\ncy.get('[data-cy=\"menu-history\"]').should('be.visible');\ncy.get('[data-cy=\"menu-about\"]').should('be.visible');",
              "err": {},
              "uuid": "d90ef057-03fc-4f95-8be7-db8392fffddf",
              "parentUUID": "bd273b66-f95a-4bbb-b085-30043f4e6214",
              "isHook": false,
              "skipped": false
            },
            {
              "title": "Check History screen Header elements",
              "fullTitle": "Inicial screen usability test Check History screen Header elements",
              "timedOut": null,
              "duration": 198,
              "state": "passed",
              "speed": "fast",
              "pass": true,
              "fail": false,
              "pending": false,
              "context": null,
              "code": "cy.visit('http://localhost:3000/history');\ncy.get('[data-cy=\"nav-title\"]').should('be.visible');\ncy.get('[data-cy=\"nav-logo\"]').should('be.visible').and($img => {\n  // \"naturalWidth\" and \"naturalHeight\" are set when the image loads\n  expect($img[0].naturalWidth).to.be.greaterThan(0);\n});\ncy.get('[data-cy=\"menu-list\"]').should('be.visible');\ncy.get('[data-cy=\"menu-create\"]').should('be.visible');\ncy.get('[data-cy=\"menu-history\"]').should('be.visible');\ncy.get('[data-cy=\"menu-about\"]').should('be.visible');",
              "err": {},
              "uuid": "2d3ef1a5-aef1-443c-b372-5441e967cc35",
              "parentUUID": "bd273b66-f95a-4bbb-b085-30043f4e6214",
              "isHook": false,
              "skipped": false
            },
            {
              "title": "Check About screen Header elements",
              "fullTitle": "Inicial screen usability test Check About screen Header elements",
              "timedOut": null,
              "duration": 212,
              "state": "passed",
              "speed": "fast",
              "pass": true,
              "fail": false,
              "pending": false,
              "context": null,
              "code": "cy.visit('http://localhost:3000/about');\ncy.get('[data-cy=\"nav-title\"]').should('be.visible');\ncy.get('[data-cy=\"nav-logo\"]').should('be.visible').and($img => {\n  // \"naturalWidth\" and \"naturalHeight\" are set when the image loads\n  expect($img[0].naturalWidth).to.be.greaterThan(0);\n});\ncy.get('[data-cy=\"menu-list\"]').should('be.visible');\ncy.get('[data-cy=\"menu-create\"]').should('be.visible');\ncy.get('[data-cy=\"menu-history\"]').should('be.visible');\ncy.get('[data-cy=\"menu-about\"]').should('be.visible');",
              "err": {},
              "uuid": "5a330d11-bfc2-49c4-a86c-250e73fadfd8",
              "parentUUID": "bd273b66-f95a-4bbb-b085-30043f4e6214",
              "isHook": false,
              "skipped": false
            },
            {
              "title": "Check New Info screen Header elements",
              "fullTitle": "Inicial screen usability test Check New Info screen Header elements",
              "timedOut": null,
              "duration": 327,
              "state": "passed",
              "speed": "fast",
              "pass": true,
              "fail": false,
              "pending": false,
              "context": null,
              "code": "cy.visit('http://localhost:3000/pokenew/629604c157d58865a2493a1e');\ncy.get('[data-cy=\"nav-title\"]').should('be.visible');\ncy.get('[data-cy=\"nav-logo\"]').should('be.visible').and($img => {\n  // \"naturalWidth\" and \"naturalHeight\" are set when the image loads\n  expect($img[0].naturalWidth).to.be.greaterThan(0);\n});\ncy.get('[data-cy=\"menu-list\"]').should('be.visible');\ncy.get('[data-cy=\"menu-create\"]').should('be.visible');\ncy.get('[data-cy=\"menu-history\"]').should('be.visible');\ncy.get('[data-cy=\"menu-about\"]').should('be.visible');",
              "err": {},
              "uuid": "a23578ec-d270-4e40-901c-37f02527685e",
              "parentUUID": "bd273b66-f95a-4bbb-b085-30043f4e6214",
              "isHook": false,
              "skipped": false
            },
            {
              "title": "Check New Edit screen Header elements",
              "fullTitle": "Inicial screen usability test Check New Edit screen Header elements",
              "timedOut": null,
              "duration": 321,
              "state": "passed",
              "speed": "fast",
              "pass": true,
              "fail": false,
              "pending": false,
              "context": null,
              "code": "cy.visit('http://localhost:3000/edit/629604c157d58865a2493a1e');\ncy.get('[data-cy=\"nav-title\"]').should('be.visible');\ncy.get('[data-cy=\"nav-logo\"]').should('be.visible').and($img => {\n  // \"naturalWidth\" and \"naturalHeight\" are set when the image loads\n  expect($img[0].naturalWidth).to.be.greaterThan(0);\n});\ncy.get('[data-cy=\"menu-list\"]').should('be.visible');\ncy.get('[data-cy=\"menu-create\"]').should('be.visible');\ncy.get('[data-cy=\"menu-history\"]').should('be.visible');\ncy.get('[data-cy=\"menu-about\"]').should('be.visible');",
              "err": {},
              "uuid": "ae79f6a2-db1c-4285-98b0-fe796af1f8b4",
              "parentUUID": "bd273b66-f95a-4bbb-b085-30043f4e6214",
              "isHook": false,
              "skipped": false
            },
            {
              "title": "Check New screen Header elements",
              "fullTitle": "Inicial screen usability test Check New screen Header elements",
              "timedOut": null,
              "duration": 288,
              "state": "passed",
              "speed": "fast",
              "pass": true,
              "fail": false,
              "pending": false,
              "context": null,
              "code": "cy.visit('http://localhost:3000/new');\ncy.get('[data-cy=\"nav-title\"]').should('be.visible');\ncy.get('[data-cy=\"nav-logo\"]').should('be.visible').and($img => {\n  // \"naturalWidth\" and \"naturalHeight\" are set when the image loads\n  expect($img[0].naturalWidth).to.be.greaterThan(0);\n});\ncy.get('[data-cy=\"menu-list\"]').should('be.visible');\ncy.get('[data-cy=\"menu-create\"]').should('be.visible');\ncy.get('[data-cy=\"menu-history\"]').should('be.visible');\ncy.get('[data-cy=\"menu-about\"]').should('be.visible');",
              "err": {},
              "uuid": "ca41dcbd-82b5-4c99-a4a5-5f78f5c4f1f4",
              "parentUUID": "bd273b66-f95a-4bbb-b085-30043f4e6214",
              "isHook": false,
              "skipped": false
            }
          ],
          "suites": [],
          "passes": [
            "43dba7f0-ced2-4d78-9f8f-54cee67ef1d2",
            "6fed887e-9d69-481b-8ed6-09a2a46de6de",
            "d90ef057-03fc-4f95-8be7-db8392fffddf",
            "2d3ef1a5-aef1-443c-b372-5441e967cc35",
            "5a330d11-bfc2-49c4-a86c-250e73fadfd8",
            "a23578ec-d270-4e40-901c-37f02527685e",
            "ae79f6a2-db1c-4285-98b0-fe796af1f8b4",
            "ca41dcbd-82b5-4c99-a4a5-5f78f5c4f1f4"
          ],
          "failures": [],
          "pending": [],
          "skipped": [],
          "duration": 2980,
          "root": false,
          "rootEmpty": false,
          "_timeout": 2000
        }
      ],
      "passes": [],
      "failures": [],
      "pending": [],
      "skipped": [],
      "duration": 0,
      "root": true,
      "rootEmpty": true,
      "_timeout": 2000
    }
  ],
  "meta": {
    "mocha": {
      "version": "7.0.1"
    },
    "mochawesome": {
      "options": {
        "quiet": false,
        "reportFilename": "report",
        "saveHtml": false,
        "saveJson": true,
        "consoleReporter": "spec",
        "useInlineDiffs": false,
        "code": true
      },
      "version": "7.1.3"
    },
    "marge": {
      "options": {
        "reportDir": "cypress/report/mochawesome-report",
        "reportFilename": "report",
        "charts": true,
        "overwrite": false,
        "html": false,
        "json": true,
        "timestamp": "mmddyyyy_HHMMss"
      },
      "version": "6.2.0"
    }
  }
}