{
  "stats": {
    "suites": 1,
    "tests": 1,
    "passes": 1,
    "pending": 0,
    "failures": 0,
    "start": "2022-05-31T13:18:43.854Z",
    "end": "2022-05-31T13:18:48.003Z",
    "duration": 4149,
    "testsRegistered": 1,
    "passPercent": 100,
    "pendingPercent": 0,
    "other": 0,
    "hasOther": false,
    "skipped": 0,
    "hasSkipped": false
  },
  "results": [
    {
      "uuid": "295996ec-cd58-46aa-905a-81db860108ff",
      "title": "",
      "fullFile": "cypress/integration/Pokemon/ui_newedit.spec.js",
      "file": "cypress/integration/Pokemon/ui_newedit.spec.js",
      "beforeHooks": [],
      "afterHooks": [],
      "tests": [],
      "suites": [
        {
          "uuid": "6759093c-3efd-466e-ae52-a802844c044a",
          "title": "Usabilidade da tela Create",
          "fullFile": "",
          "file": "",
          "beforeHooks": [],
          "afterHooks": [],
          "tests": [
            {
              "title": "Verificar elementos da tela New Edit",
              "fullTitle": "Usabilidade da tela Create Verificar elementos da tela New Edit",
              "timedOut": null,
              "duration": 1914,
              "state": "passed",
              "speed": "fast",
              "pass": true,
              "fail": false,
              "pending": false,
              "context": null,
              "code": "cy.get('[data-cy=\"wapper-pokeedit\"]').should('be.visible');\ncy.get('[data-cy=\"title-pokeedit\"]').should('be.visible');\ncy.get('[data-cy=\"lbl-name-pokeedit\"]').should('be.visible');\ncy.get('[data-cy=\"inp-name-pokeedit\"]').should('be.visible');\ncy.get('[data-cy=\"lbl-url-pokeedit\"]').should('be.visible');\ncy.get('[data-cy=\"inp-url-pokeedit\"]').should('be.visible');\ncy.get('[data-cy=\"lbl-type1-pokeedit\"]').should('be.visible');\ncy.get('[data-cy=\"inp-type1-pokeedit\"]').should('be.visible');\ncy.get('[data-cy=\"lbl-type2-pokeedit\"]').should('be.visible');\ncy.get('[data-cy=\"inp-type2-pokeedit\"]').should('be.visible');\ncy.get('[data-cy=\"lbl-hp-pokeedit\"]').should('be.visible');\ncy.get('[data-cy=\"inp-hp-pokeedit\"]').should('be.visible');\ncy.get('[data-cy=\"lbl-attack-pokeedit\"]').should('be.visible');\ncy.get('[data-cy=\"inp-attack-pokeedit\"]').should('be.visible');\ncy.get('[data-cy=\"lbl-defense-pokeedit\"]').should('be.visible');\ncy.get('[data-cy=\"inp-defense-pokeedit\"]').should('be.visible');\ncy.get('[data-cy=\"lbl-specAtc-pokeedit\"]').should('be.visible');\ncy.get('[data-cy=\"inp-specAtc-pokeedit\"]').should('be.visible');\ncy.get('[data-cy=\"lbl-specDef-pokeedit\"]').should('be.visible');\ncy.get('[data-cy=\"inp-specDef-pokeedit\"]').should('be.visible');\ncy.get('[data-cy=\"lbl-speed-pokeedit\"]').should('be.visible');\ncy.get('[data-cy=\"inp-speed-pokeedit\"]').should('be.visible');\ncy.get('[data-cy=\"lbl-title1-pokeedit\"]').should('be.visible');\ncy.get('[data-cy=\"inp-title1-pokeedit\"]').should('be.visible');\ncy.get('[data-cy=\"lbl-descr1-pokeedit\"]').should('be.visible');\ncy.get('[data-cy=\"inp-descr1-pokeedit\"]').should('be.visible');\ncy.get('[data-cy=\"lbl-title2-pokeedit\"]').should('be.visible');\ncy.get('[data-cy=\"inp-title2-pokeedit\"]').should('be.visible');\ncy.get('[data-cy=\"lbl-descr2-pokeedit\"]').should('be.visible');\ncy.get('[data-cy=\"inp-descr2-pokeedit\"]').should('be.visible');\ncy.get('[data-cy=\"btn-save-pokeedit\"]').should('be.visible');\ncy.get('[data-cy=\"btn-back-pokeedit\"]').should('be.visible');",
              "err": {},
              "uuid": "9ec44921-924a-4d32-a8d0-159a03325194",
              "parentUUID": "6759093c-3efd-466e-ae52-a802844c044a",
              "isHook": false,
              "skipped": false
            }
          ],
          "suites": [],
          "passes": [
            "9ec44921-924a-4d32-a8d0-159a03325194"
          ],
          "failures": [],
          "pending": [],
          "skipped": [],
          "duration": 1914,
          "root": false,
          "rootEmpty": false,
          "_timeout": 2000
        }
      ],
      "passes": [],
      "failures": [],
      "pending": [],
      "skipped": [],
      "duration": 0,
      "root": true,
      "rootEmpty": true,
      "_timeout": 2000
    }
  ],
  "meta": {
    "mocha": {
      "version": "7.0.1"
    },
    "mochawesome": {
      "options": {
        "quiet": false,
        "reportFilename": "report",
        "saveHtml": false,
        "saveJson": true,
        "consoleReporter": "spec",
        "useInlineDiffs": false,
        "code": true
      },
      "version": "7.1.3"
    },
    "marge": {
      "options": {
        "reportDir": "cypress/report/mochawesome-report",
        "reportFilename": "report",
        "charts": true,
        "overwrite": false,
        "html": false,
        "json": true,
        "timestamp": "mmddyyyy_HHMMss"
      },
      "version": "6.2.0"
    }
  }
}