{
  "stats": {
    "suites": 1,
    "tests": 1,
    "passes": 1,
    "pending": 0,
    "failures": 0,
    "start": "2022-06-02T23:21:10.963Z",
    "end": "2022-06-02T23:21:13.665Z",
    "duration": 2702,
    "testsRegistered": 1,
    "passPercent": 100,
    "pendingPercent": 0,
    "other": 0,
    "hasOther": false,
    "skipped": 0,
    "hasSkipped": false
  },
  "results": [
    {
      "uuid": "88d7a77a-c163-44ab-85c8-7fa4d2023e26",
      "title": "",
      "fullFile": "cypress/integration/tests/ui_about.spec.js",
      "file": "cypress/integration/tests/ui_about.spec.js",
      "beforeHooks": [],
      "afterHooks": [],
      "tests": [],
      "suites": [
        {
          "uuid": "a126592b-fc1a-4abf-ae46-4c91ce45b599",
          "title": "About screen usability test",
          "fullFile": "",
          "file": "",
          "beforeHooks": [],
          "afterHooks": [],
          "tests": [
            {
              "title": "Check About Screen Elements",
              "fullTitle": "About screen usability test Check About Screen Elements",
              "timedOut": null,
              "duration": 890,
              "state": "passed",
              "speed": "fast",
              "pass": true,
              "fail": false,
              "pending": false,
              "context": null,
              "code": "cy.get('[data-cy=\"project-poke\"]').should('be.visible');\ncy.get('[data-cy=\"autor-poke\"]').should('be.visible');",
              "err": {},
              "uuid": "12d7e846-22b3-4524-93fe-0f20f73230b1",
              "parentUUID": "a126592b-fc1a-4abf-ae46-4c91ce45b599",
              "isHook": false,
              "skipped": false
            }
          ],
          "suites": [],
          "passes": [
            "12d7e846-22b3-4524-93fe-0f20f73230b1"
          ],
          "failures": [],
          "pending": [],
          "skipped": [],
          "duration": 890,
          "root": false,
          "rootEmpty": false,
          "_timeout": 2000
        }
      ],
      "passes": [],
      "failures": [],
      "pending": [],
      "skipped": [],
      "duration": 0,
      "root": true,
      "rootEmpty": true,
      "_timeout": 2000
    }
  ],
  "meta": {
    "mocha": {
      "version": "7.0.1"
    },
    "mochawesome": {
      "options": {
        "quiet": false,
        "reportFilename": "report",
        "saveHtml": false,
        "saveJson": true,
        "consoleReporter": "spec",
        "useInlineDiffs": false,
        "code": true
      },
      "version": "7.1.3"
    },
    "marge": {
      "options": {
        "reportDir": "cypress/report/mochawesome-report",
        "reportFilename": "report",
        "charts": true,
        "overwrite": false,
        "html": false,
        "json": true,
        "timestamp": "mmddyyyy_HHMMss"
      },
      "version": "6.2.0"
    }
  }
}