{
  "stats": {
    "suites": 1,
    "tests": 1,
    "passes": 1,
    "pending": 0,
    "failures": 0,
    "start": "2022-06-02T23:20:54.837Z",
    "end": "2022-06-02T23:20:54.994Z",
    "duration": 157,
    "testsRegistered": 1,
    "passPercent": 100,
    "pendingPercent": 0,
    "other": 0,
    "hasOther": false,
    "skipped": 0,
    "hasSkipped": false
  },
  "results": [
    {
      "uuid": "6dc409af-cb8a-4924-9b79-eea2404c8ce1",
      "title": "",
      "fullFile": "cypress/integration/tests/aa_api_pokenew.spec.js",
      "file": "cypress/integration/tests/aa_api_pokenew.spec.js",
      "beforeHooks": [],
      "afterHooks": [],
      "tests": [],
      "suites": [
        {
          "uuid": "5d495648-6bc0-4efd-a607-b3fa39e99678",
          "title": "POST Pokenew",
          "fullFile": "",
          "file": "",
          "beforeHooks": [],
          "afterHooks": [],
          "tests": [
            {
              "title": "New Pokémon for testing included",
              "fullTitle": "POST Pokenew New Pokémon for testing included",
              "timedOut": null,
              "duration": 145,
              "state": "passed",
              "speed": "fast",
              "pass": true,
              "fail": false,
              "pending": false,
              "context": null,
              "code": "POSTPokenew.addPokenew().should(response => {\n  expect(response.status).to.eq(200);\n  expect(response.body).to.be.not.null;\n  expect(response.body.newPoke.name).to.eq('Mega Rampardos Test frontend');\n});",
              "err": {},
              "uuid": "11617de3-6999-47b0-860e-07c0d5ba53e9",
              "parentUUID": "5d495648-6bc0-4efd-a607-b3fa39e99678",
              "isHook": false,
              "skipped": false
            }
          ],
          "suites": [],
          "passes": [
            "11617de3-6999-47b0-860e-07c0d5ba53e9"
          ],
          "failures": [],
          "pending": [],
          "skipped": [],
          "duration": 145,
          "root": false,
          "rootEmpty": false,
          "_timeout": 2000
        }
      ],
      "passes": [],
      "failures": [],
      "pending": [],
      "skipped": [],
      "duration": 0,
      "root": true,
      "rootEmpty": true,
      "_timeout": 2000
    }
  ],
  "meta": {
    "mocha": {
      "version": "7.0.1"
    },
    "mochawesome": {
      "options": {
        "quiet": false,
        "reportFilename": "report",
        "saveHtml": false,
        "saveJson": true,
        "consoleReporter": "spec",
        "useInlineDiffs": false,
        "code": true
      },
      "version": "7.1.3"
    },
    "marge": {
      "options": {
        "reportDir": "cypress/report/mochawesome-report",
        "reportFilename": "report",
        "charts": true,
        "overwrite": false,
        "html": false,
        "json": true,
        "timestamp": "mmddyyyy_HHMMss"
      },
      "version": "6.2.0"
    }
  }
}