{
  "stats": {
    "suites": 12,
    "tests": 30,
    "passes": 30,
    "pending": 0,
    "failures": 0,
    "start": "2022-05-31T13:17:21.265Z",
    "end": "2022-05-31T13:19:08.783Z",
    "duration": 26097,
    "testsRegistered": 30,
    "passPercent": 100,
    "pendingPercent": 0,
    "other": 0,
    "hasOther": false,
    "skipped": 0,
    "hasSkipped": false
  },
  "results": [
    {
      "uuid": "c3c262bf-fead-4ed3-a310-88d11190f715",
      "title": "",
      "fullFile": "cypress/integration/Pokemon/nav_app.spec.js",
      "file": "cypress/integration/Pokemon/nav_app.spec.js",
      "beforeHooks": [],
      "afterHooks": [],
      "tests": [],
      "suites": [
        {
          "uuid": "d9aa8ed3-e732-446d-aebf-7d324e3ecf9e",
          "title": "Testando rotas",
          "fullFile": "",
          "file": "",
          "beforeHooks": [],
          "afterHooks": [],
          "tests": [
            {
              "title": "Click menu list",
              "fullTitle": "Testando rotas Click menu list",
              "timedOut": null,
              "duration": 3543,
              "state": "passed",
              "speed": "fast",
              "pass": true,
              "fail": false,
              "pending": false,
              "context": null,
              "code": "cy.get('[data-cy=\"menu-list\"]').click();\ncy.get('[data-cy=\"title-listpokes\"]').should('contain', 'Search a Pokémon');\ncy.get('[href=\"/info/metapod\"]').click();\ncy.get('[data-cy=\"title-info\"]').should('contain', 'metapod');\ncy.get('[data-cy=\"btn-back-info\"]').click();\ncy.get('[data-cy=\"title-listpokes\"]').should('contain', 'Search a Pokémon');",
              "err": {},
              "uuid": "b1b1dc19-6211-4a5a-a1f2-10f9c93080b7",
              "parentUUID": "d9aa8ed3-e732-446d-aebf-7d324e3ecf9e",
              "isHook": false,
              "skipped": false
            },
            {
              "title": "Click menu create",
              "fullTitle": "Testando rotas Click menu create",
              "timedOut": null,
              "duration": 1917,
              "state": "passed",
              "speed": "fast",
              "pass": true,
              "fail": false,
              "pending": false,
              "context": null,
              "code": "cy.get('[data-cy=\"menu-create\"]').click();\ncy.get('[data-cy=\"msgwel-pokenewlist\"]').should('contain', 'Be welcome!');\ncy.get('[data-cy=\"btn-create-pokenewlist\"]').click();\ncy.get('[data-cy=\"wapper-pokenew\"]').should('be.visible');\ncy.get('[data-cy=\"btn-save-pokenew\"]').should('be.visible');\ncy.get('[data-cy=\"btn-back-pokenew\"]').click();\ncy.get('[data-cy=\"msgwel-pokenewlist\"]').should('contain', 'Be welcome!');\ncy.get('[data-cy=\"card-newpoke\"]').click();\ncy.get('[data-cy=\"title-pokeinfo\"]').should('contain', 'Mega Rampardos');\ncy.get('[data-cy=\"btn-update-pokeinfo\"]').click();\ncy.get('[data-cy=\"inp-name-pokeedit\"]').should('be.visible');\ncy.get('[data-cy=\"btn-save-pokeedit\"]').should('be.visible');\ncy.get('[data-cy=\"btn-back-pokeedit\"]').click();\ncy.get('[data-cy=\"title-pokeinfo\"]').should('contain', 'Mega Rampardos');\ncy.get('[data-cy=\"btn-delete-pokeinfo\"]').should('be.visible');\ncy.get('[data-cy=\"btn-back-pokeinfo\"]').click();\ncy.get('[data-cy=\"msgwel-pokenewlist\"]').should('contain', 'Be welcome!');",
              "err": {},
              "uuid": "c961dbcc-d018-4af3-b47e-f5c889234b61",
              "parentUUID": "d9aa8ed3-e732-446d-aebf-7d324e3ecf9e",
              "isHook": false,
              "skipped": false
            },
            {
              "title": "Click menu history",
              "fullTitle": "Testando rotas Click menu history",
              "timedOut": null,
              "duration": 431,
              "state": "passed",
              "speed": "fast",
              "pass": true,
              "fail": false,
              "pending": false,
              "context": null,
              "code": "cy.get('[data-cy=\"menu-history\"]').click();\ncy.get('[data-cy=\"title-history\"]').should('contain', 'A História do Anime Pokémon');",
              "err": {},
              "uuid": "b1010c90-4c5b-41ba-baee-0e156fcd2ade",
              "parentUUID": "d9aa8ed3-e732-446d-aebf-7d324e3ecf9e",
              "isHook": false,
              "skipped": false
            },
            {
              "title": "Click menu about",
              "fullTitle": "Testando rotas Click menu about",
              "timedOut": null,
              "duration": 541,
              "state": "passed",
              "speed": "fast",
              "pass": true,
              "fail": false,
              "pending": false,
              "context": null,
              "code": "cy.get('[data-cy=\"menu-about\"]').click();\ncy.get('[data-cy=\"project-poke\"]').should('be.visible');\ncy.get('[data-cy=\"git_autor\"]').should('be.visible');",
              "err": {},
              "uuid": "373e41b5-4cd2-4cfb-839a-b48bdab3dc25",
              "parentUUID": "d9aa8ed3-e732-446d-aebf-7d324e3ecf9e",
              "isHook": false,
              "skipped": false
            }
          ],
          "suites": [],
          "passes": [
            "b1b1dc19-6211-4a5a-a1f2-10f9c93080b7",
            "c961dbcc-d018-4af3-b47e-f5c889234b61",
            "b1010c90-4c5b-41ba-baee-0e156fcd2ade",
            "373e41b5-4cd2-4cfb-839a-b48bdab3dc25"
          ],
          "failures": [],
          "pending": [],
          "skipped": [],
          "duration": 6432,
          "root": false,
          "rootEmpty": false,
          "_timeout": 2000
        }
      ],
      "passes": [],
      "failures": [],
      "pending": [],
      "skipped": [],
      "duration": 0,
      "root": true,
      "rootEmpty": true,
      "_timeout": 2000
    },
    {
      "uuid": "710273c5-d49e-41f7-bc30-ece27dd0df11",
      "title": "",
      "fullFile": "cypress/integration/Pokemon/ui_about.spec.js",
      "file": "cypress/integration/Pokemon/ui_about.spec.js",
      "beforeHooks": [],
      "afterHooks": [],
      "tests": [],
      "suites": [
        {
          "uuid": "aae2a8e4-238b-4c07-967e-c082cea5fbb2",
          "title": "Usabilidade da tela about",
          "fullFile": "",
          "file": "",
          "beforeHooks": [],
          "afterHooks": [],
          "tests": [
            {
              "title": "Verificar elementos da tela About",
              "fullTitle": "Usabilidade da tela about Verificar elementos da tela About",
              "timedOut": null,
              "duration": 928,
              "state": "passed",
              "speed": "fast",
              "pass": true,
              "fail": false,
              "pending": false,
              "context": null,
              "code": "cy.get('[data-cy=\"project-poke\"]').should('be.visible');\ncy.get('[data-cy=\"autor-poke\"]').should('be.visible');",
              "err": {},
              "uuid": "11a52cc5-1bc7-4b63-8d8b-cea8602c797e",
              "parentUUID": "aae2a8e4-238b-4c07-967e-c082cea5fbb2",
              "isHook": false,
              "skipped": false
            }
          ],
          "suites": [],
          "passes": [
            "11a52cc5-1bc7-4b63-8d8b-cea8602c797e"
          ],
          "failures": [],
          "pending": [],
          "skipped": [],
          "duration": 928,
          "root": false,
          "rootEmpty": false,
          "_timeout": 2000
        }
      ],
      "passes": [],
      "failures": [],
      "pending": [],
      "skipped": [],
      "duration": 0,
      "root": true,
      "rootEmpty": true,
      "_timeout": 2000
    },
    {
      "uuid": "c70f403d-8433-425a-806b-1f44019dbe9e",
      "title": "",
      "fullFile": "cypress/integration/Pokemon/ui_footer.spec.js",
      "file": "cypress/integration/Pokemon/ui_footer.spec.js",
      "beforeHooks": [],
      "afterHooks": [],
      "tests": [],
      "suites": [
        {
          "uuid": "68a5b74e-f8c4-4d97-8dfd-b264462be3bb",
          "title": "Usabilidade da tela inicial",
          "fullFile": "",
          "file": "",
          "beforeHooks": [],
          "afterHooks": [],
          "tests": [
            {
              "title": "Verificar elemetos Footer da tela na home",
              "fullTitle": "Usabilidade da tela inicial Verificar elemetos Footer da tela na home",
              "timedOut": null,
              "duration": 772,
              "state": "passed",
              "speed": "fast",
              "pass": true,
              "fail": false,
              "pending": false,
              "context": null,
              "code": "cy.visit('http://localhost:3000');\ncy.get('[data-cy=\"copyright\"]').should('be.visible');",
              "err": {},
              "uuid": "dc993e45-2e51-4725-85c1-5480156064d1",
              "parentUUID": "68a5b74e-f8c4-4d97-8dfd-b264462be3bb",
              "isHook": false,
              "skipped": false
            },
            {
              "title": "Verificar elemetos Footer da tela Initial",
              "fullTitle": "Usabilidade da tela inicial Verificar elemetos Footer da tela Initial",
              "timedOut": null,
              "duration": 1039,
              "state": "passed",
              "speed": "fast",
              "pass": true,
              "fail": false,
              "pending": false,
              "context": null,
              "code": "cy.visit('http://localhost:3000/initial');\ncy.get('[data-cy=\"copyright\"]').should('be.visible');",
              "err": {},
              "uuid": "bc35e982-7cb2-4339-9e37-2674db33089d",
              "parentUUID": "68a5b74e-f8c4-4d97-8dfd-b264462be3bb",
              "isHook": false,
              "skipped": false
            },
            {
              "title": "Verificar elemetos Footer da tela New List",
              "fullTitle": "Usabilidade da tela inicial Verificar elemetos Footer da tela New List",
              "timedOut": null,
              "duration": 262,
              "state": "passed",
              "speed": "fast",
              "pass": true,
              "fail": false,
              "pending": false,
              "context": null,
              "code": "cy.visit('http://localhost:3000/list');\ncy.get('[data-cy=\"copyright\"]').should('be.visible');",
              "err": {},
              "uuid": "8bab3fa5-8e4c-4254-8c3b-148cdeb491d7",
              "parentUUID": "68a5b74e-f8c4-4d97-8dfd-b264462be3bb",
              "isHook": false,
              "skipped": false
            },
            {
              "title": "Verificar elemetos Footer da tela History",
              "fullTitle": "Usabilidade da tela inicial Verificar elemetos Footer da tela History",
              "timedOut": null,
              "duration": 257,
              "state": "passed",
              "speed": "fast",
              "pass": true,
              "fail": false,
              "pending": false,
              "context": null,
              "code": "cy.visit('http://localhost:3000/history');\ncy.get('[data-cy=\"copyright\"]').should('be.visible');",
              "err": {},
              "uuid": "038e319e-5987-4a8c-a459-58d15da9a851",
              "parentUUID": "68a5b74e-f8c4-4d97-8dfd-b264462be3bb",
              "isHook": false,
              "skipped": false
            },
            {
              "title": "Verificar elemetos Footer da tela About",
              "fullTitle": "Usabilidade da tela inicial Verificar elemetos Footer da tela About",
              "timedOut": null,
              "duration": 322,
              "state": "passed",
              "speed": "fast",
              "pass": true,
              "fail": false,
              "pending": false,
              "context": null,
              "code": "cy.visit('http://localhost:3000/about');\ncy.get('[data-cy=\"copyright\"]').should('be.visible');",
              "err": {},
              "uuid": "82401f8e-83ce-4a6a-a887-99a0617acf65",
              "parentUUID": "68a5b74e-f8c4-4d97-8dfd-b264462be3bb",
              "isHook": false,
              "skipped": false
            },
            {
              "title": "Verificar elemetos Footer da tela New Info",
              "fullTitle": "Usabilidade da tela inicial Verificar elemetos Footer da tela New Info",
              "timedOut": null,
              "duration": 246,
              "state": "passed",
              "speed": "fast",
              "pass": true,
              "fail": false,
              "pending": false,
              "context": null,
              "code": "cy.visit('http://localhost:3000/pokenew/629604c157d58865a2493a1e');\ncy.get('[data-cy=\"copyright\"]').should('be.visible');",
              "err": {},
              "uuid": "3372d47e-2bae-4558-821b-c2385235f207",
              "parentUUID": "68a5b74e-f8c4-4d97-8dfd-b264462be3bb",
              "isHook": false,
              "skipped": false
            },
            {
              "title": "Verificar elemetos Footer da tela New Edit",
              "fullTitle": "Usabilidade da tela inicial Verificar elemetos Footer da tela New Edit",
              "timedOut": null,
              "duration": 271,
              "state": "passed",
              "speed": "fast",
              "pass": true,
              "fail": false,
              "pending": false,
              "context": null,
              "code": "cy.visit('http://localhost:3000/edit/629604c157d58865a2493a1e');\ncy.get('[data-cy=\"copyright\"]').should('be.visible');",
              "err": {},
              "uuid": "9f603ae2-0aef-4320-a2b4-d8613c7839e1",
              "parentUUID": "68a5b74e-f8c4-4d97-8dfd-b264462be3bb",
              "isHook": false,
              "skipped": false
            },
            {
              "title": "Verificar elemetos Footer da tela New",
              "fullTitle": "Usabilidade da tela inicial Verificar elemetos Footer da tela New",
              "timedOut": null,
              "duration": 501,
              "state": "passed",
              "speed": "fast",
              "pass": true,
              "fail": false,
              "pending": false,
              "context": null,
              "code": "cy.visit('http://localhost:3000/new');\ncy.get('[data-cy=\"copyright\"]').should('be.visible');",
              "err": {},
              "uuid": "a44c6318-f9e0-48f8-b17e-b064a1e71279",
              "parentUUID": "68a5b74e-f8c4-4d97-8dfd-b264462be3bb",
              "isHook": false,
              "skipped": false
            }
          ],
          "suites": [],
          "passes": [
            "dc993e45-2e51-4725-85c1-5480156064d1",
            "bc35e982-7cb2-4339-9e37-2674db33089d",
            "8bab3fa5-8e4c-4254-8c3b-148cdeb491d7",
            "038e319e-5987-4a8c-a459-58d15da9a851",
            "82401f8e-83ce-4a6a-a887-99a0617acf65",
            "3372d47e-2bae-4558-821b-c2385235f207",
            "9f603ae2-0aef-4320-a2b4-d8613c7839e1",
            "a44c6318-f9e0-48f8-b17e-b064a1e71279"
          ],
          "failures": [],
          "pending": [],
          "skipped": [],
          "duration": 3670,
          "root": false,
          "rootEmpty": false,
          "_timeout": 2000
        }
      ],
      "passes": [],
      "failures": [],
      "pending": [],
      "skipped": [],
      "duration": 0,
      "root": true,
      "rootEmpty": true,
      "_timeout": 2000
    },
    {
      "uuid": "3b705ed3-7195-4ede-bbd6-42f950db71bc",
      "title": "",
      "fullFile": "cypress/integration/Pokemon/ui_header.spec.js",
      "file": "cypress/integration/Pokemon/ui_header.spec.js",
      "beforeHooks": [],
      "afterHooks": [],
      "tests": [],
      "suites": [
        {
          "uuid": "2858f199-b46e-4cfa-97ee-0cfeacef2d4b",
          "title": "Usabilidade da tela inicial",
          "fullFile": "",
          "file": "",
          "beforeHooks": [],
          "afterHooks": [],
          "tests": [
            {
              "title": "Verificar elemetos Header da tela Home",
              "fullTitle": "Usabilidade da tela inicial Verificar elemetos Header da tela Home",
              "timedOut": null,
              "duration": 824,
              "state": "passed",
              "speed": "fast",
              "pass": true,
              "fail": false,
              "pending": false,
              "context": null,
              "code": "cy.visit('http://localhost:3000');\ncy.get('[data-cy=\"nav-title\"]').should('be.visible');\ncy.get('[data-cy=\"nav-logo\"]').should('be.visible').and($img => {\n  // \"naturalWidth\" and \"naturalHeight\" are set when the image loads\n  expect($img[0].naturalWidth).to.be.greaterThan(0);\n});\ncy.get('[data-cy=\"menu-list\"]').should('be.visible');\ncy.get('[data-cy=\"menu-create\"]').should('be.visible');\ncy.get('[data-cy=\"menu-history\"]').should('be.visible');\ncy.get('[data-cy=\"menu-about\"]').should('be.visible');",
              "err": {},
              "uuid": "783fbfd4-d2cf-482b-bac3-81db9b2e2a93",
              "parentUUID": "2858f199-b46e-4cfa-97ee-0cfeacef2d4b",
              "isHook": false,
              "skipped": false
            },
            {
              "title": "Verificar elemetos Header da tela Initial",
              "fullTitle": "Usabilidade da tela inicial Verificar elemetos Header da tela Initial",
              "timedOut": null,
              "duration": 685,
              "state": "passed",
              "speed": "fast",
              "pass": true,
              "fail": false,
              "pending": false,
              "context": null,
              "code": "cy.visit('http://localhost:3000/initial');\ncy.get('[data-cy=\"nav-title\"]').should('be.visible');\ncy.get('[data-cy=\"nav-logo\"]').should('be.visible').and($img => {\n  // \"naturalWidth\" and \"naturalHeight\" are set when the image loads\n  expect($img[0].naturalWidth).to.be.greaterThan(0);\n});\ncy.get('[data-cy=\"menu-list\"]').should('be.visible');\ncy.get('[data-cy=\"menu-create\"]').should('be.visible');\ncy.get('[data-cy=\"menu-history\"]').should('be.visible');\ncy.get('[data-cy=\"menu-about\"]').should('be.visible');",
              "err": {},
              "uuid": "26919355-c1c6-449a-b1d4-ede57dfccbd7",
              "parentUUID": "2858f199-b46e-4cfa-97ee-0cfeacef2d4b",
              "isHook": false,
              "skipped": false
            },
            {
              "title": "Verificar elemetos Header da tela New List",
              "fullTitle": "Usabilidade da tela inicial Verificar elemetos Header da tela New List",
              "timedOut": null,
              "duration": 308,
              "state": "passed",
              "speed": "fast",
              "pass": true,
              "fail": false,
              "pending": false,
              "context": null,
              "code": "cy.visit('http://localhost:3000/list');\ncy.get('[data-cy=\"nav-title\"]').should('be.visible');\ncy.get('[data-cy=\"nav-logo\"]').should('be.visible').and($img => {\n  // \"naturalWidth\" and \"naturalHeight\" are set when the image loads\n  expect($img[0].naturalWidth).to.be.greaterThan(0);\n});\ncy.get('[data-cy=\"menu-list\"]').should('be.visible');\ncy.get('[data-cy=\"menu-create\"]').should('be.visible');\ncy.get('[data-cy=\"menu-history\"]').should('be.visible');\ncy.get('[data-cy=\"menu-about\"]').should('be.visible');",
              "err": {},
              "uuid": "a9f95d20-282f-4425-8df9-11ea870b87be",
              "parentUUID": "2858f199-b46e-4cfa-97ee-0cfeacef2d4b",
              "isHook": false,
              "skipped": false
            },
            {
              "title": "Verificar elemetos Header da tela History",
              "fullTitle": "Usabilidade da tela inicial Verificar elemetos Header da tela History",
              "timedOut": null,
              "duration": 466,
              "state": "passed",
              "speed": "fast",
              "pass": true,
              "fail": false,
              "pending": false,
              "context": null,
              "code": "cy.visit('http://localhost:3000/history');\ncy.get('[data-cy=\"nav-title\"]').should('be.visible');\ncy.get('[data-cy=\"nav-logo\"]').should('be.visible').and($img => {\n  // \"naturalWidth\" and \"naturalHeight\" are set when the image loads\n  expect($img[0].naturalWidth).to.be.greaterThan(0);\n});\ncy.get('[data-cy=\"menu-list\"]').should('be.visible');\ncy.get('[data-cy=\"menu-create\"]').should('be.visible');\ncy.get('[data-cy=\"menu-history\"]').should('be.visible');\ncy.get('[data-cy=\"menu-about\"]').should('be.visible');",
              "err": {},
              "uuid": "42878392-0f67-482d-bf56-87dd9c727d0e",
              "parentUUID": "2858f199-b46e-4cfa-97ee-0cfeacef2d4b",
              "isHook": false,
              "skipped": false
            },
            {
              "title": "Verificar elemetos Header da tela About",
              "fullTitle": "Usabilidade da tela inicial Verificar elemetos Header da tela About",
              "timedOut": null,
              "duration": 273,
              "state": "passed",
              "speed": "fast",
              "pass": true,
              "fail": false,
              "pending": false,
              "context": null,
              "code": "cy.visit('http://localhost:3000/about');\ncy.get('[data-cy=\"nav-title\"]').should('be.visible');\ncy.get('[data-cy=\"nav-logo\"]').should('be.visible').and($img => {\n  // \"naturalWidth\" and \"naturalHeight\" are set when the image loads\n  expect($img[0].naturalWidth).to.be.greaterThan(0);\n});\ncy.get('[data-cy=\"menu-list\"]').should('be.visible');\ncy.get('[data-cy=\"menu-create\"]').should('be.visible');\ncy.get('[data-cy=\"menu-history\"]').should('be.visible');\ncy.get('[data-cy=\"menu-about\"]').should('be.visible');",
              "err": {},
              "uuid": "b8826cd3-944e-4ad3-b324-4c3177f1aa1d",
              "parentUUID": "2858f199-b46e-4cfa-97ee-0cfeacef2d4b",
              "isHook": false,
              "skipped": false
            },
            {
              "title": "Verificar elemetos Header da tela New Info",
              "fullTitle": "Usabilidade da tela inicial Verificar elemetos Header da tela New Info",
              "timedOut": null,
              "duration": 316,
              "state": "passed",
              "speed": "fast",
              "pass": true,
              "fail": false,
              "pending": false,
              "context": null,
              "code": "cy.visit('http://localhost:3000/pokenew/629604c157d58865a2493a1e');\ncy.get('[data-cy=\"nav-title\"]').should('be.visible');\ncy.get('[data-cy=\"nav-logo\"]').should('be.visible').and($img => {\n  // \"naturalWidth\" and \"naturalHeight\" are set when the image loads\n  expect($img[0].naturalWidth).to.be.greaterThan(0);\n});\ncy.get('[data-cy=\"menu-list\"]').should('be.visible');\ncy.get('[data-cy=\"menu-create\"]').should('be.visible');\ncy.get('[data-cy=\"menu-history\"]').should('be.visible');\ncy.get('[data-cy=\"menu-about\"]').should('be.visible');",
              "err": {},
              "uuid": "6660f60b-b176-47f5-ac8e-e5da6e4ec81d",
              "parentUUID": "2858f199-b46e-4cfa-97ee-0cfeacef2d4b",
              "isHook": false,
              "skipped": false
            },
            {
              "title": "Verificar elemetos Header da tela New Edit",
              "fullTitle": "Usabilidade da tela inicial Verificar elemetos Header da tela New Edit",
              "timedOut": null,
              "duration": 471,
              "state": "passed",
              "speed": "fast",
              "pass": true,
              "fail": false,
              "pending": false,
              "context": null,
              "code": "cy.visit('http://localhost:3000/edit/629604c157d58865a2493a1e');\ncy.get('[data-cy=\"nav-title\"]').should('be.visible');\ncy.get('[data-cy=\"nav-logo\"]').should('be.visible').and($img => {\n  // \"naturalWidth\" and \"naturalHeight\" are set when the image loads\n  expect($img[0].naturalWidth).to.be.greaterThan(0);\n});\ncy.get('[data-cy=\"menu-list\"]').should('be.visible');\ncy.get('[data-cy=\"menu-create\"]').should('be.visible');\ncy.get('[data-cy=\"menu-history\"]').should('be.visible');\ncy.get('[data-cy=\"menu-about\"]').should('be.visible');",
              "err": {},
              "uuid": "958a4da3-77c5-4ee5-bd85-a4b23d87e89e",
              "parentUUID": "2858f199-b46e-4cfa-97ee-0cfeacef2d4b",
              "isHook": false,
              "skipped": false
            },
            {
              "title": "Verificar elemetos Header da tela New",
              "fullTitle": "Usabilidade da tela inicial Verificar elemetos Header da tela New",
              "timedOut": null,
              "duration": 399,
              "state": "passed",
              "speed": "fast",
              "pass": true,
              "fail": false,
              "pending": false,
              "context": null,
              "code": "cy.visit('http://localhost:3000/new');\ncy.get('[data-cy=\"nav-title\"]').should('be.visible');\ncy.get('[data-cy=\"nav-logo\"]').should('be.visible').and($img => {\n  // \"naturalWidth\" and \"naturalHeight\" are set when the image loads\n  expect($img[0].naturalWidth).to.be.greaterThan(0);\n});\ncy.get('[data-cy=\"menu-list\"]').should('be.visible');\ncy.get('[data-cy=\"menu-create\"]').should('be.visible');\ncy.get('[data-cy=\"menu-history\"]').should('be.visible');\ncy.get('[data-cy=\"menu-about\"]').should('be.visible');",
              "err": {},
              "uuid": "be181416-4094-4a63-87a5-9a45d9d37c08",
              "parentUUID": "2858f199-b46e-4cfa-97ee-0cfeacef2d4b",
              "isHook": false,
              "skipped": false
            }
          ],
          "suites": [],
          "passes": [
            "783fbfd4-d2cf-482b-bac3-81db9b2e2a93",
            "26919355-c1c6-449a-b1d4-ede57dfccbd7",
            "a9f95d20-282f-4425-8df9-11ea870b87be",
            "42878392-0f67-482d-bf56-87dd9c727d0e",
            "b8826cd3-944e-4ad3-b324-4c3177f1aa1d",
            "6660f60b-b176-47f5-ac8e-e5da6e4ec81d",
            "958a4da3-77c5-4ee5-bd85-a4b23d87e89e",
            "be181416-4094-4a63-87a5-9a45d9d37c08"
          ],
          "failures": [],
          "pending": [],
          "skipped": [],
          "duration": 3742,
          "root": false,
          "rootEmpty": false,
          "_timeout": 2000
        }
      ],
      "passes": [],
      "failures": [],
      "pending": [],
      "skipped": [],
      "duration": 0,
      "root": true,
      "rootEmpty": true,
      "_timeout": 2000
    },
    {
      "uuid": "7d34369a-f8c6-4d20-b052-5796ceeadc96",
      "title": "",
      "fullFile": "cypress/integration/Pokemon/ui_history.spec.js",
      "file": "cypress/integration/Pokemon/ui_history.spec.js",
      "beforeHooks": [],
      "afterHooks": [],
      "tests": [],
      "suites": [
        {
          "uuid": "4d7251ba-5afd-4690-9288-c72f43f445ec",
          "title": "Usabilidade da tela history",
          "fullFile": "",
          "file": "",
          "beforeHooks": [],
          "afterHooks": [],
          "tests": [
            {
              "title": "Verificar elementos da tela History",
              "fullTitle": "Usabilidade da tela history Verificar elementos da tela History",
              "timedOut": null,
              "duration": 837,
              "state": "passed",
              "speed": "fast",
              "pass": true,
              "fail": false,
              "pending": false,
              "context": null,
              "code": "cy.get('[data-cy=\"img-history\"]').should('be.visible').and($img => {\n  // \"naturalWidth\" and \"naturalHeight\" are set when the image loads\n  expect($img[0].naturalWidth).to.be.greaterThan(0);\n});\ncy.get('[data-cy=\"title-history\"]').should('be.visible');\ncy.get('[data-cy=\"text-history\"]').should('be.visible');",
              "err": {},
              "uuid": "da2ef5ff-6822-47d3-b474-6574a05c5aee",
              "parentUUID": "4d7251ba-5afd-4690-9288-c72f43f445ec",
              "isHook": false,
              "skipped": false
            }
          ],
          "suites": [],
          "passes": [
            "da2ef5ff-6822-47d3-b474-6574a05c5aee"
          ],
          "failures": [],
          "pending": [],
          "skipped": [],
          "duration": 837,
          "root": false,
          "rootEmpty": false,
          "_timeout": 2000
        }
      ],
      "passes": [],
      "failures": [],
      "pending": [],
      "skipped": [],
      "duration": 0,
      "root": true,
      "rootEmpty": true,
      "_timeout": 2000
    },
    {
      "uuid": "0ac9f5ea-ab13-4487-8b58-80bb2c3671d7",
      "title": "",
      "fullFile": "cypress/integration/Pokemon/ui_home.spec.js",
      "file": "cypress/integration/Pokemon/ui_home.spec.js",
      "beforeHooks": [],
      "afterHooks": [],
      "tests": [],
      "suites": [
        {
          "uuid": "e347cf5a-22af-4e3b-82de-3a26ae2e3642",
          "title": "Usabilidade da tela inicial",
          "fullFile": "",
          "file": "",
          "beforeHooks": [],
          "afterHooks": [],
          "tests": [
            {
              "title": "Verificar elemetos da tela Home",
              "fullTitle": "Usabilidade da tela inicial Verificar elemetos da tela Home",
              "timedOut": null,
              "duration": 835,
              "state": "passed",
              "speed": "fast",
              "pass": true,
              "fail": false,
              "pending": false,
              "context": null,
              "code": "cy.get('[data-cy=\"img-home\"]').should('be.visible').and($img => {\n  // \"naturalWidth\" and \"naturalHeight\" are set when the image loads\n  expect($img[0].naturalWidth).to.be.greaterThan(0);\n});",
              "err": {},
              "uuid": "402addd6-3cf1-4bc2-96f8-10ede9a7d2fe",
              "parentUUID": "e347cf5a-22af-4e3b-82de-3a26ae2e3642",
              "isHook": false,
              "skipped": false
            }
          ],
          "suites": [],
          "passes": [
            "402addd6-3cf1-4bc2-96f8-10ede9a7d2fe"
          ],
          "failures": [],
          "pending": [],
          "skipped": [],
          "duration": 835,
          "root": false,
          "rootEmpty": false,
          "_timeout": 2000
        }
      ],
      "passes": [],
      "failures": [],
      "pending": [],
      "skipped": [],
      "duration": 0,
      "root": true,
      "rootEmpty": true,
      "_timeout": 2000
    },
    {
      "uuid": "bc05fbaf-ba36-4b57-8a4e-e9153f617895",
      "title": "",
      "fullFile": "cypress/integration/Pokemon/ui_info.spec.js",
      "file": "cypress/integration/Pokemon/ui_info.spec.js",
      "beforeHooks": [],
      "afterHooks": [],
      "tests": [],
      "suites": [
        {
          "uuid": "7246e099-153f-4e94-a92e-6a7ccca8c60b",
          "title": "Usabilidade da tela info",
          "fullFile": "",
          "file": "",
          "beforeHooks": [],
          "afterHooks": [],
          "tests": [
            {
              "title": "Verificar elementos da tela Info",
              "fullTitle": "Usabilidade da tela info Verificar elementos da tela Info",
              "timedOut": null,
              "duration": 1578,
              "state": "passed",
              "speed": "fast",
              "pass": true,
              "fail": false,
              "pending": false,
              "context": null,
              "code": "cy.get('[data-cy=\"title-info\"]').should('be.visible');\ncy.get('[data-cy=\"img-info\"]').should('be.visible').and($img => {\n  // \"naturalWidth\" and \"naturalHeight\" are set when the image loads\n  expect($img[0].naturalWidth).to.be.greaterThan(0);\n});\ncy.get('[data-cy=\"types-info\"]').should('be.visible');\ncy.get('[data-cy=\"stats-name-info\"]').should('be.visible');\ncy.get('[data-cy=\"stats-progress-info\"]').should('be.visible');\ncy.get('[data-cy=\"stats-num-info\"]').should('be.visible');\ncy.get('[data-cy=\"abilities-title-info\"]').should('be.visible');\ncy.get('[data-cy=\"btn-back-info\"]').should('be.visible');",
              "err": {},
              "uuid": "0721df42-aa0e-4614-9a28-47a191791d29",
              "parentUUID": "7246e099-153f-4e94-a92e-6a7ccca8c60b",
              "isHook": false,
              "skipped": false
            }
          ],
          "suites": [],
          "passes": [
            "0721df42-aa0e-4614-9a28-47a191791d29"
          ],
          "failures": [],
          "pending": [],
          "skipped": [],
          "duration": 1578,
          "root": false,
          "rootEmpty": false,
          "_timeout": 2000
        }
      ],
      "passes": [],
      "failures": [],
      "pending": [],
      "skipped": [],
      "duration": 0,
      "root": true,
      "rootEmpty": true,
      "_timeout": 2000
    },
    {
      "uuid": "b8bd567b-9f1d-4749-a87b-d0281444561f",
      "title": "",
      "fullFile": "cypress/integration/Pokemon/ui_list.spec.js",
      "file": "cypress/integration/Pokemon/ui_list.spec.js",
      "beforeHooks": [],
      "afterHooks": [],
      "tests": [],
      "suites": [
        {
          "uuid": "67eedc44-75e8-4385-86e6-a1a9d513b0d1",
          "title": "Usabilidade da tela list",
          "fullFile": "",
          "file": "",
          "beforeHooks": [],
          "afterHooks": [],
          "tests": [
            {
              "title": "Verificar elementos da tela List",
              "fullTitle": "Usabilidade da tela list Verificar elementos da tela List",
              "timedOut": null,
              "duration": 1076,
              "state": "passed",
              "speed": "fast",
              "pass": true,
              "fail": false,
              "pending": false,
              "context": null,
              "code": "cy.get('[data-cy=\"title-listpokes\"]').should('be.visible');\ncy.get('[data-cy=\"search-listpokes\"]').should('be.visible');\ncy.get('[data-cy=\"lbl-limit\"]').should('be.visible');\ncy.get('[data-cy=\"limit\"]').should('be.visible');\ncy.get('[href=\"/info/metapod\"]').should('be.visible');\ncy.get('[data-cy=\"wrapper-pagination\"]').should('be.visible');",
              "err": {},
              "uuid": "08e223d9-233f-46e2-970d-10bec9c246d4",
              "parentUUID": "67eedc44-75e8-4385-86e6-a1a9d513b0d1",
              "isHook": false,
              "skipped": false
            }
          ],
          "suites": [],
          "passes": [
            "08e223d9-233f-46e2-970d-10bec9c246d4"
          ],
          "failures": [],
          "pending": [],
          "skipped": [],
          "duration": 1076,
          "root": false,
          "rootEmpty": false,
          "_timeout": 2000
        }
      ],
      "passes": [],
      "failures": [],
      "pending": [],
      "skipped": [],
      "duration": 0,
      "root": true,
      "rootEmpty": true,
      "_timeout": 2000
    },
    {
      "uuid": "c126d3c7-6f66-476a-8402-40eba1af8563",
      "title": "",
      "fullFile": "cypress/integration/Pokemon/ui_new.spec.js",
      "file": "cypress/integration/Pokemon/ui_new.spec.js",
      "beforeHooks": [],
      "afterHooks": [],
      "tests": [],
      "suites": [
        {
          "uuid": "83a71130-c2b4-4b64-b996-8e7b29309464",
          "title": "Usabilidade da tela Create",
          "fullFile": "",
          "file": "",
          "beforeHooks": [],
          "afterHooks": [],
          "tests": [
            {
              "title": "Verificar elementos da tela New",
              "fullTitle": "Usabilidade da tela Create Verificar elementos da tela New",
              "timedOut": null,
              "duration": 1129,
              "state": "passed",
              "speed": "fast",
              "pass": true,
              "fail": false,
              "pending": false,
              "context": null,
              "code": "cy.get('[data-cy=\"wapper-pokenew\"]').should('be.visible');\ncy.get('[data-cy=\"title-pokenew\"]').should('be.visible');\ncy.get('[data-cy=\"lbl-name-pokenew\"]').should('be.visible');\ncy.get('[data-cy=\"inp-name-pokenew\"]').should('be.visible');\ncy.get('[data-cy=\"lbl-url-pokenew\"]').should('be.visible');\ncy.get('[data-cy=\"inp-url-pokenew\"]').should('be.visible');\ncy.get('[data-cy=\"lbl-type1-pokenew\"]').should('be.visible');\ncy.get('[data-cy=\"inp-type1-pokenew\"]').should('be.visible');\ncy.get('[data-cy=\"lbl-type2-pokenew\"]').should('be.visible');\ncy.get('[data-cy=\"inp-type2-pokenew\"]').should('be.visible');\ncy.get('[data-cy=\"lbl-hp-pokenew\"]').should('be.visible');\ncy.get('[data-cy=\"inp-hp-pokenew\"]').should('be.visible');\ncy.get('[data-cy=\"lbl-attack-pokenew\"]').should('be.visible');\ncy.get('[data-cy=\"inp-attack-pokenew\"]').should('be.visible');\ncy.get('[data-cy=\"lbl-defense-pokenew\"]').should('be.visible');\ncy.get('[data-cy=\"inp-defense-pokenew\"]').should('be.visible');\ncy.get('[data-cy=\"lbl-specAtc-pokenew\"]').should('be.visible');\ncy.get('[data-cy=\"inp-specAtc-pokenew\"]').should('be.visible');\ncy.get('[data-cy=\"lbl-specDef-pokenew\"]').should('be.visible');\ncy.get('[data-cy=\"inp-specDef-pokenew\"]').should('be.visible');\ncy.get('[data-cy=\"lbl-speed-pokenew\"]').should('be.visible');\ncy.get('[data-cy=\"inp-speed-pokenew\"]').should('be.visible');\ncy.get('[data-cy=\"lbl-title1-pokenew\"]').should('be.visible');\ncy.get('[data-cy=\"inp-title1-pokenew\"]').should('be.visible');\ncy.get('[data-cy=\"lbl-descr1-pokenew\"]').should('be.visible');\ncy.get('[data-cy=\"inp-descr1-pokenew\"]').should('be.visible');\ncy.get('[data-cy=\"lbl-title2-pokenew\"]').should('be.visible');\ncy.get('[data-cy=\"inp-title2-pokenew\"]').should('be.visible');\ncy.get('[data-cy=\"lbl-descr2-pokenew\"]').should('be.visible');\ncy.get('[data-cy=\"inp-descr2-pokenew\"]').should('be.visible');\ncy.get('[data-cy=\"btn-save-pokenew\"]').should('be.visible');\ncy.get('[data-cy=\"btn-back-pokenew\"]').should('be.visible');",
              "err": {},
              "uuid": "50cd11db-dc22-446e-8928-22e8635a27f9",
              "parentUUID": "83a71130-c2b4-4b64-b996-8e7b29309464",
              "isHook": false,
              "skipped": false
            },
            {
              "title": "Verificar mensagens de erros",
              "fullTitle": "Usabilidade da tela Create Verificar mensagens de erros",
              "timedOut": null,
              "duration": 1200,
              "state": "passed",
              "speed": "fast",
              "pass": true,
              "fail": false,
              "pending": false,
              "context": null,
              "code": "cy.get('[data-cy=\"btn-save-pokenew\"]').click();\ncy.get('[data-cy=\"error-name-pokenew\"]').should('be.visible');\ncy.get('[data-cy=\"error-url-pokenew\"]').should('be.visible');\ncy.get('[data-cy=\"error-type-pokenew\"]').should('be.visible');\ncy.get('[data-cy=\"error-stats-pokenew\"]').should('be.visible');\ncy.get('[data-cy=\"error-title-pokenew\"]').should('be.visible');\ncy.get('[data-cy=\"error-description-pokenew\"]').should('be.visible');",
              "err": {},
              "uuid": "2bf0f051-b379-4c72-8dec-70f2801d45f5",
              "parentUUID": "83a71130-c2b4-4b64-b996-8e7b29309464",
              "isHook": false,
              "skipped": false
            }
          ],
          "suites": [],
          "passes": [
            "50cd11db-dc22-446e-8928-22e8635a27f9",
            "2bf0f051-b379-4c72-8dec-70f2801d45f5"
          ],
          "failures": [],
          "pending": [],
          "skipped": [],
          "duration": 2329,
          "root": false,
          "rootEmpty": false,
          "_timeout": 2000
        }
      ],
      "passes": [],
      "failures": [],
      "pending": [],
      "skipped": [],
      "duration": 0,
      "root": true,
      "rootEmpty": true,
      "_timeout": 2000
    },
    {
      "uuid": "295996ec-cd58-46aa-905a-81db860108ff",
      "title": "",
      "fullFile": "cypress/integration/Pokemon/ui_newedit.spec.js",
      "file": "cypress/integration/Pokemon/ui_newedit.spec.js",
      "beforeHooks": [],
      "afterHooks": [],
      "tests": [],
      "suites": [
        {
          "uuid": "6759093c-3efd-466e-ae52-a802844c044a",
          "title": "Usabilidade da tela Create",
          "fullFile": "",
          "file": "",
          "beforeHooks": [],
          "afterHooks": [],
          "tests": [
            {
              "title": "Verificar elementos da tela New Edit",
              "fullTitle": "Usabilidade da tela Create Verificar elementos da tela New Edit",
              "timedOut": null,
              "duration": 1914,
              "state": "passed",
              "speed": "fast",
              "pass": true,
              "fail": false,
              "pending": false,
              "context": null,
              "code": "cy.get('[data-cy=\"wapper-pokeedit\"]').should('be.visible');\ncy.get('[data-cy=\"title-pokeedit\"]').should('be.visible');\ncy.get('[data-cy=\"lbl-name-pokeedit\"]').should('be.visible');\ncy.get('[data-cy=\"inp-name-pokeedit\"]').should('be.visible');\ncy.get('[data-cy=\"lbl-url-pokeedit\"]').should('be.visible');\ncy.get('[data-cy=\"inp-url-pokeedit\"]').should('be.visible');\ncy.get('[data-cy=\"lbl-type1-pokeedit\"]').should('be.visible');\ncy.get('[data-cy=\"inp-type1-pokeedit\"]').should('be.visible');\ncy.get('[data-cy=\"lbl-type2-pokeedit\"]').should('be.visible');\ncy.get('[data-cy=\"inp-type2-pokeedit\"]').should('be.visible');\ncy.get('[data-cy=\"lbl-hp-pokeedit\"]').should('be.visible');\ncy.get('[data-cy=\"inp-hp-pokeedit\"]').should('be.visible');\ncy.get('[data-cy=\"lbl-attack-pokeedit\"]').should('be.visible');\ncy.get('[data-cy=\"inp-attack-pokeedit\"]').should('be.visible');\ncy.get('[data-cy=\"lbl-defense-pokeedit\"]').should('be.visible');\ncy.get('[data-cy=\"inp-defense-pokeedit\"]').should('be.visible');\ncy.get('[data-cy=\"lbl-specAtc-pokeedit\"]').should('be.visible');\ncy.get('[data-cy=\"inp-specAtc-pokeedit\"]').should('be.visible');\ncy.get('[data-cy=\"lbl-specDef-pokeedit\"]').should('be.visible');\ncy.get('[data-cy=\"inp-specDef-pokeedit\"]').should('be.visible');\ncy.get('[data-cy=\"lbl-speed-pokeedit\"]').should('be.visible');\ncy.get('[data-cy=\"inp-speed-pokeedit\"]').should('be.visible');\ncy.get('[data-cy=\"lbl-title1-pokeedit\"]').should('be.visible');\ncy.get('[data-cy=\"inp-title1-pokeedit\"]').should('be.visible');\ncy.get('[data-cy=\"lbl-descr1-pokeedit\"]').should('be.visible');\ncy.get('[data-cy=\"inp-descr1-pokeedit\"]').should('be.visible');\ncy.get('[data-cy=\"lbl-title2-pokeedit\"]').should('be.visible');\ncy.get('[data-cy=\"inp-title2-pokeedit\"]').should('be.visible');\ncy.get('[data-cy=\"lbl-descr2-pokeedit\"]').should('be.visible');\ncy.get('[data-cy=\"inp-descr2-pokeedit\"]').should('be.visible');\ncy.get('[data-cy=\"btn-save-pokeedit\"]').should('be.visible');\ncy.get('[data-cy=\"btn-back-pokeedit\"]').should('be.visible');",
              "err": {},
              "uuid": "9ec44921-924a-4d32-a8d0-159a03325194",
              "parentUUID": "6759093c-3efd-466e-ae52-a802844c044a",
              "isHook": false,
              "skipped": false
            }
          ],
          "suites": [],
          "passes": [
            "9ec44921-924a-4d32-a8d0-159a03325194"
          ],
          "failures": [],
          "pending": [],
          "skipped": [],
          "duration": 1914,
          "root": false,
          "rootEmpty": false,
          "_timeout": 2000
        }
      ],
      "passes": [],
      "failures": [],
      "pending": [],
      "skipped": [],
      "duration": 0,
      "root": true,
      "rootEmpty": true,
      "_timeout": 2000
    },
    {
      "uuid": "ffae2aa4-9eb4-4dd1-a6b9-89b0263eee98",
      "title": "",
      "fullFile": "cypress/integration/Pokemon/ui_newinfo.spec.js",
      "file": "cypress/integration/Pokemon/ui_newinfo.spec.js",
      "beforeHooks": [],
      "afterHooks": [],
      "tests": [],
      "suites": [
        {
          "uuid": "449400a3-08a3-4bc4-b4a5-d666485b2558",
          "title": "Usabilidade da tela New Pokémon info",
          "fullFile": "",
          "file": "",
          "beforeHooks": [],
          "afterHooks": [],
          "tests": [
            {
              "title": "Verificar elementos da tela New Info",
              "fullTitle": "Usabilidade da tela New Pokémon info Verificar elementos da tela New Info",
              "timedOut": null,
              "duration": 1743,
              "state": "passed",
              "speed": "fast",
              "pass": true,
              "fail": false,
              "pending": false,
              "context": null,
              "code": "cy.get('[data-cy=\"title-pokeinfo\"]').should('be.visible');\ncy.get('[data-cy=\"img-pokeinfo\"]').should('be.visible').and($img => {\n  // \"naturalWidth\" and \"naturalHeight\" are set when the image loads\n  expect($img[0].naturalWidth).to.be.greaterThan(0);\n});\ncy.get('[data-cy=\"types-pokeinfo\"]').should('be.visible');\ncy.get('[data-cy=\"img-pokeinfo\"]').should('be.visible');\ncy.get('[data-cy=\"types-pokeinfo\"]').should('be.visible');\ncy.get('[data-cy=\"lbl-stats-pokeinfo\"]').should('be.visible');\ncy.get('[data-cy=\"progress-newpoke\"]').should('be.visible');\ncy.get('[data-cy=\"stats-pokeinfo\"]').should('be.visible');\ncy.get('[data-cy=\"title-abilities-pokeinfo\"]').should('be.visible');\ncy.get('[data-cy=\"title-ability-pokeinfo\"]').should('be.visible');\ncy.get('[data-cy=\"descr-abilities-pokeinfo\"]').should('be.visible');\ncy.get('[data-cy=\"btn-update-pokeinfo\"]').should('be.visible');\ncy.get('[data-cy=\"btn-delete-pokeinfo\"]').should('be.visible');\ncy.get('[data-cy=\"btn-back-pokeinfo\"]').should('be.visible');",
              "err": {},
              "uuid": "4e5dfa83-c427-4e76-80db-298ddc30d5f0",
              "parentUUID": "449400a3-08a3-4bc4-b4a5-d666485b2558",
              "isHook": false,
              "skipped": false
            }
          ],
          "suites": [],
          "passes": [
            "4e5dfa83-c427-4e76-80db-298ddc30d5f0"
          ],
          "failures": [],
          "pending": [],
          "skipped": [],
          "duration": 1743,
          "root": false,
          "rootEmpty": false,
          "_timeout": 2000
        }
      ],
      "passes": [],
      "failures": [],
      "pending": [],
      "skipped": [],
      "duration": 0,
      "root": true,
      "rootEmpty": true,
      "_timeout": 2000
    },
    {
      "uuid": "fc53ea6b-29e3-4d8c-87b7-e48053f51861",
      "title": "",
      "fullFile": "cypress/integration/Pokemon/ui_newlist.spec.js",
      "file": "cypress/integration/Pokemon/ui_newlist.spec.js",
      "beforeHooks": [],
      "afterHooks": [],
      "tests": [],
      "suites": [
        {
          "uuid": "1b0de103-4cda-4ab4-a964-a8b7d03a5827",
          "title": "Usabilidade da tela list",
          "fullFile": "",
          "file": "",
          "beforeHooks": [],
          "afterHooks": [],
          "tests": [
            {
              "title": "Verificar elementos da tela New List",
              "fullTitle": "Usabilidade da tela list Verificar elementos da tela New List",
              "timedOut": null,
              "duration": 1013,
              "state": "passed",
              "speed": "fast",
              "pass": true,
              "fail": false,
              "pending": false,
              "context": null,
              "code": "cy.get('[data-cy=\"msgwel-pokenewlist\"]').should('be.visible');\ncy.get('[data-cy=\"msgclick-pokenewlist\"]').should('be.visible');\ncy.get('[data-cy=\"btn-create-pokenewlist\"]').should('be.visible');\ncy.get('[data-cy=\"title-pokenewlist\"]').should('be.visible');\ncy.get('[data-cy=\"card-newpoke\"]').should('be.visible');",
              "err": {},
              "uuid": "f8e46645-d98f-4f51-8641-09676f093e3d",
              "parentUUID": "1b0de103-4cda-4ab4-a964-a8b7d03a5827",
              "isHook": false,
              "skipped": false
            }
          ],
          "suites": [],
          "passes": [
            "f8e46645-d98f-4f51-8641-09676f093e3d"
          ],
          "failures": [],
          "pending": [],
          "skipped": [],
          "duration": 1013,
          "root": false,
          "rootEmpty": false,
          "_timeout": 2000
        }
      ],
      "passes": [],
      "failures": [],
      "pending": [],
      "skipped": [],
      "duration": 0,
      "root": true,
      "rootEmpty": true,
      "_timeout": 2000
    }
  ],
  "meta": {
    "mocha": {
      "version": "7.0.1"
    },
    "mochawesome": {
      "options": {
        "quiet": false,
        "reportFilename": "report",
        "saveHtml": false,
        "saveJson": true,
        "consoleReporter": "spec",
        "useInlineDiffs": false,
        "code": true
      },
      "version": "7.1.3"
    },
    "marge": {
      "options": {
        "reportDir": "cypress/report/mochawesome-report",
        "reportFilename": "report",
        "charts": true,
        "overwrite": false,
        "html": false,
        "json": true,
        "timestamp": "mmddyyyy_HHMMss"
      },
      "version": "6.2.0"
    }
  }
}