{
  "stats": {
    "suites": 15,
    "tests": 35,
    "passes": 35,
    "pending": 0,
    "failures": 0,
    "start": "2022-06-02T23:20:45.608Z",
    "end": "2022-06-02T23:22:06.566Z",
    "duration": 25393,
    "testsRegistered": 35,
    "passPercent": 100,
    "pendingPercent": 0,
    "other": 0,
    "hasOther": false,
    "skipped": 0,
    "hasSkipped": false
  },
  "results": [
    {
      "uuid": "6dc409af-cb8a-4924-9b79-eea2404c8ce1",
      "title": "",
      "fullFile": "cypress/integration/tests/aa_api_pokenew.spec.js",
      "file": "cypress/integration/tests/aa_api_pokenew.spec.js",
      "beforeHooks": [],
      "afterHooks": [],
      "tests": [],
      "suites": [
        {
          "uuid": "5d495648-6bc0-4efd-a607-b3fa39e99678",
          "title": "POST Pokenew",
          "fullFile": "",
          "file": "",
          "beforeHooks": [],
          "afterHooks": [],
          "tests": [
            {
              "title": "New Pokémon for testing included",
              "fullTitle": "POST Pokenew New Pokémon for testing included",
              "timedOut": null,
              "duration": 145,
              "state": "passed",
              "speed": "fast",
              "pass": true,
              "fail": false,
              "pending": false,
              "context": null,
              "code": "POSTPokenew.addPokenew().should(response => {\n  expect(response.status).to.eq(200);\n  expect(response.body).to.be.not.null;\n  expect(response.body.newPoke.name).to.eq('Mega Rampardos Test frontend');\n});",
              "err": {},
              "uuid": "11617de3-6999-47b0-860e-07c0d5ba53e9",
              "parentUUID": "5d495648-6bc0-4efd-a607-b3fa39e99678",
              "isHook": false,
              "skipped": false
            }
          ],
          "suites": [],
          "passes": [
            "11617de3-6999-47b0-860e-07c0d5ba53e9"
          ],
          "failures": [],
          "pending": [],
          "skipped": [],
          "duration": 145,
          "root": false,
          "rootEmpty": false,
          "_timeout": 2000
        }
      ],
      "passes": [],
      "failures": [],
      "pending": [],
      "skipped": [],
      "duration": 0,
      "root": true,
      "rootEmpty": true,
      "_timeout": 2000
    },
    {
      "uuid": "45c8c540-c5d1-4c21-bbf3-237606c375b6",
      "title": "",
      "fullFile": "cypress/integration/tests/api_app.spec.js",
      "file": "cypress/integration/tests/api_app.spec.js",
      "beforeHooks": [],
      "afterHooks": [],
      "tests": [],
      "suites": [
        {
          "uuid": "2c62df22-e503-4086-8912-01a0c67fd108",
          "title": "API Testing Pokeapi.co",
          "fullFile": "",
          "file": "",
          "beforeHooks": [],
          "afterHooks": [],
          "tests": [
            {
              "title": "check connection and request",
              "fullTitle": "API Testing Pokeapi.co check connection and request",
              "timedOut": null,
              "duration": 478,
              "state": "passed",
              "speed": "fast",
              "pass": true,
              "fail": false,
              "pending": false,
              "context": null,
              "code": "cy.get('@bulbasaur').its('body').should('include', {\n  name: 'bulbasaur'\n}).should('not.include', {\n  name: 'pikachu'\n});",
              "err": {},
              "uuid": "70c50480-927e-46cd-8dfd-c94cd6aec669",
              "parentUUID": "2c62df22-e503-4086-8912-01a0c67fd108",
              "isHook": false,
              "skipped": false
            }
          ],
          "suites": [],
          "passes": [
            "70c50480-927e-46cd-8dfd-c94cd6aec669"
          ],
          "failures": [],
          "pending": [],
          "skipped": [],
          "duration": 478,
          "root": false,
          "rootEmpty": false,
          "_timeout": 2000
        },
        {
          "uuid": "3a61adc3-b870-4b80-b5ff-de6f9185259c",
          "title": "API Testing Pokenew api",
          "fullFile": "",
          "file": "",
          "beforeHooks": [],
          "afterHooks": [],
          "tests": [
            {
              "title": "check connection and request",
              "fullTitle": "API Testing Pokenew api check connection and request",
              "timedOut": null,
              "duration": 47,
              "state": "passed",
              "speed": "fast",
              "pass": true,
              "fail": false,
              "pending": false,
              "context": null,
              "code": "cy.get('@pokenew').then(response => {\n  expect(response.status).to.eq(200);\n  expect(response.body).to.be.not.null;\n  expect(JSON.stringify(response.body[0].name)).to.eq('\"Mega Rampardos\"');\n});",
              "err": {},
              "uuid": "fdd47878-59b8-4ade-9aeb-2feca531a8fb",
              "parentUUID": "3a61adc3-b870-4b80-b5ff-de6f9185259c",
              "isHook": false,
              "skipped": false
            }
          ],
          "suites": [],
          "passes": [
            "fdd47878-59b8-4ade-9aeb-2feca531a8fb"
          ],
          "failures": [],
          "pending": [],
          "skipped": [],
          "duration": 47,
          "root": false,
          "rootEmpty": false,
          "_timeout": 2000
        }
      ],
      "passes": [],
      "failures": [],
      "pending": [],
      "skipped": [],
      "duration": 0,
      "root": true,
      "rootEmpty": true,
      "_timeout": 2000
    },
    {
      "uuid": "bf78aa2e-4aab-49da-9ff5-274e3872d0df",
      "title": "",
      "fullFile": "cypress/integration/tests/nav_app.spec.js",
      "file": "cypress/integration/tests/nav_app.spec.js",
      "beforeHooks": [],
      "afterHooks": [],
      "tests": [],
      "suites": [
        {
          "uuid": "743f50fd-b77e-4979-b6eb-50b744ca48bd",
          "title": "Testing routes",
          "fullFile": "",
          "file": "",
          "beforeHooks": [],
          "afterHooks": [],
          "tests": [
            {
              "title": "Click menu list",
              "fullTitle": "Testing routes Click menu list",
              "timedOut": null,
              "duration": 1884,
              "state": "passed",
              "speed": "fast",
              "pass": true,
              "fail": false,
              "pending": false,
              "context": null,
              "code": "cy.get('[data-cy=\"menu-list\"]').click();\ncy.get('[data-cy=\"title-listpokes\"]').should('contain', 'Search a Pokémon');\ncy.get('[href=\"/info/metapod\"]').click();\ncy.get('[data-cy=\"title-info\"]').should('contain', 'metapod');\ncy.get('[data-cy=\"btn-back-info\"]').click();\ncy.get('[data-cy=\"title-listpokes\"]').should('contain', 'Search a Pokémon');",
              "err": {},
              "uuid": "e9d64d68-2a64-48ec-8c42-886c418f3eaa",
              "parentUUID": "743f50fd-b77e-4979-b6eb-50b744ca48bd",
              "isHook": false,
              "skipped": false
            },
            {
              "title": "Click menu create",
              "fullTitle": "Testing routes Click menu create",
              "timedOut": null,
              "duration": 2665,
              "state": "passed",
              "speed": "fast",
              "pass": true,
              "fail": false,
              "pending": false,
              "context": null,
              "code": "cy.get('[data-cy=\"menu-create\"]').click();\ncy.get('[data-cy=\"msgwel-pokenewlist\"]').should('contain', 'Be welcome!');\ncy.get('[data-cy=\"btn-create-pokenewlist\"]').should('have.length', 1).click();\ncy.get('[data-cy=\"wapper-pokenew\"]').should('be.visible');\ncy.get('[data-cy=\"btn-save-pokenew\"]').should('be.visible');\ncy.get('[data-cy=\"btn-back-pokenew\"]').click();\ncy.get('[data-cy=\"msgwel-pokenewlist\"]').should('contain', 'Be welcome!');\ncy.get('[data-cy=\"card-newpoke\"]:nth-last-child(1)').click();\ncy.get('[data-cy=\"title-pokeinfo\"]').should('contain', 'Mega Rampardos');\ncy.get('[data-cy=\"btn-update-pokeinfo\"]').click();\ncy.get('[data-cy=\"inp-name-pokeedit\"]').should('be.visible');\ncy.get('[data-cy=\"btn-save-pokeedit\"]').should('be.visible');\ncy.get('[data-cy=\"btn-back-pokeedit\"]').click();\ncy.get('[data-cy=\"title-pokeinfo\"]').should('contain', 'Mega Rampardos');\ncy.get('[data-cy=\"btn-delete-pokeinfo\"]').should('be.visible');\ncy.get('[data-cy=\"btn-back-pokeinfo\"]').click();\ncy.get('[data-cy=\"msgwel-pokenewlist\"]').should('contain', 'Be welcome!');",
              "err": {},
              "uuid": "ad90958b-0139-4fce-9742-16193e539011",
              "parentUUID": "743f50fd-b77e-4979-b6eb-50b744ca48bd",
              "isHook": false,
              "skipped": false
            },
            {
              "title": "Click menu history",
              "fullTitle": "Testing routes Click menu history",
              "timedOut": null,
              "duration": 460,
              "state": "passed",
              "speed": "fast",
              "pass": true,
              "fail": false,
              "pending": false,
              "context": null,
              "code": "cy.get('[data-cy=\"menu-history\"]').click();\ncy.get('[data-cy=\"title-history\"]').should('contain', 'A História do Anime Pokémon');",
              "err": {},
              "uuid": "af7bcc40-ba6a-4877-8552-959e6b614b3b",
              "parentUUID": "743f50fd-b77e-4979-b6eb-50b744ca48bd",
              "isHook": false,
              "skipped": false
            },
            {
              "title": "Click menu about",
              "fullTitle": "Testing routes Click menu about",
              "timedOut": null,
              "duration": 1638,
              "state": "passed",
              "speed": "fast",
              "pass": true,
              "fail": false,
              "pending": false,
              "context": null,
              "code": "cy.get('[data-cy=\"menu-about\"]').click();\ncy.get('[data-cy=\"project-poke\"]').should('be.visible');\ncy.get('[data-cy=\"git_autor\"]').should('be.visible');",
              "err": {},
              "uuid": "234d2476-144b-434e-acc1-98df14eb0086",
              "parentUUID": "743f50fd-b77e-4979-b6eb-50b744ca48bd",
              "isHook": false,
              "skipped": false
            }
          ],
          "suites": [],
          "passes": [
            "e9d64d68-2a64-48ec-8c42-886c418f3eaa",
            "ad90958b-0139-4fce-9742-16193e539011",
            "af7bcc40-ba6a-4877-8552-959e6b614b3b",
            "234d2476-144b-434e-acc1-98df14eb0086"
          ],
          "failures": [],
          "pending": [],
          "skipped": [],
          "duration": 6647,
          "root": false,
          "rootEmpty": false,
          "_timeout": 2000
        }
      ],
      "passes": [],
      "failures": [],
      "pending": [],
      "skipped": [],
      "duration": 0,
      "root": true,
      "rootEmpty": true,
      "_timeout": 2000
    },
    {
      "uuid": "88d7a77a-c163-44ab-85c8-7fa4d2023e26",
      "title": "",
      "fullFile": "cypress/integration/tests/ui_about.spec.js",
      "file": "cypress/integration/tests/ui_about.spec.js",
      "beforeHooks": [],
      "afterHooks": [],
      "tests": [],
      "suites": [
        {
          "uuid": "a126592b-fc1a-4abf-ae46-4c91ce45b599",
          "title": "About screen usability test",
          "fullFile": "",
          "file": "",
          "beforeHooks": [],
          "afterHooks": [],
          "tests": [
            {
              "title": "Check About Screen Elements",
              "fullTitle": "About screen usability test Check About Screen Elements",
              "timedOut": null,
              "duration": 890,
              "state": "passed",
              "speed": "fast",
              "pass": true,
              "fail": false,
              "pending": false,
              "context": null,
              "code": "cy.get('[data-cy=\"project-poke\"]').should('be.visible');\ncy.get('[data-cy=\"autor-poke\"]').should('be.visible');",
              "err": {},
              "uuid": "12d7e846-22b3-4524-93fe-0f20f73230b1",
              "parentUUID": "a126592b-fc1a-4abf-ae46-4c91ce45b599",
              "isHook": false,
              "skipped": false
            }
          ],
          "suites": [],
          "passes": [
            "12d7e846-22b3-4524-93fe-0f20f73230b1"
          ],
          "failures": [],
          "pending": [],
          "skipped": [],
          "duration": 890,
          "root": false,
          "rootEmpty": false,
          "_timeout": 2000
        }
      ],
      "passes": [],
      "failures": [],
      "pending": [],
      "skipped": [],
      "duration": 0,
      "root": true,
      "rootEmpty": true,
      "_timeout": 2000
    },
    {
      "uuid": "aea52aa6-4321-4eab-a97f-35caf866e89b",
      "title": "",
      "fullFile": "cypress/integration/tests/ui_footer.spec.js",
      "file": "cypress/integration/tests/ui_footer.spec.js",
      "beforeHooks": [],
      "afterHooks": [],
      "tests": [],
      "suites": [
        {
          "uuid": "074cbe36-bb4f-42a8-a69c-07fc938d6fa7",
          "title": "Initial screen usability test",
          "fullFile": "",
          "file": "",
          "beforeHooks": [],
          "afterHooks": [],
          "tests": [
            {
              "title": "Verificar elemetos Footer da tela na home",
              "fullTitle": "Initial screen usability test Verificar elemetos Footer da tela na home",
              "timedOut": null,
              "duration": 807,
              "state": "passed",
              "speed": "fast",
              "pass": true,
              "fail": false,
              "pending": false,
              "context": null,
              "code": "cy.visit('http://localhost:3000');\ncy.get('[data-cy=\"copyright\"]').should('be.visible');",
              "err": {},
              "uuid": "edf50f70-1914-4d8d-98dc-61c6bc4bfe29",
              "parentUUID": "074cbe36-bb4f-42a8-a69c-07fc938d6fa7",
              "isHook": false,
              "skipped": false
            },
            {
              "title": "Check Initial Screen Footer Elements",
              "fullTitle": "Initial screen usability test Check Initial Screen Footer Elements",
              "timedOut": null,
              "duration": 443,
              "state": "passed",
              "speed": "fast",
              "pass": true,
              "fail": false,
              "pending": false,
              "context": null,
              "code": "cy.visit('http://localhost:3000/initial');\ncy.get('[data-cy=\"copyright\"]').should('be.visible');",
              "err": {},
              "uuid": "66db16a0-ed0d-4ba4-a28b-9d0b5e28a2b8",
              "parentUUID": "074cbe36-bb4f-42a8-a69c-07fc938d6fa7",
              "isHook": false,
              "skipped": false
            },
            {
              "title": "Check New List Screen Footer Elements",
              "fullTitle": "Initial screen usability test Check New List Screen Footer Elements",
              "timedOut": null,
              "duration": 201,
              "state": "passed",
              "speed": "fast",
              "pass": true,
              "fail": false,
              "pending": false,
              "context": null,
              "code": "cy.visit('http://localhost:3000/list');\ncy.get('[data-cy=\"copyright\"]').should('be.visible');",
              "err": {},
              "uuid": "9a446e34-938d-40cb-b583-db24f462e11c",
              "parentUUID": "074cbe36-bb4f-42a8-a69c-07fc938d6fa7",
              "isHook": false,
              "skipped": false
            },
            {
              "title": "Check History Screen Footer Elements",
              "fullTitle": "Initial screen usability test Check History Screen Footer Elements",
              "timedOut": null,
              "duration": 210,
              "state": "passed",
              "speed": "fast",
              "pass": true,
              "fail": false,
              "pending": false,
              "context": null,
              "code": "cy.visit('http://localhost:3000/history');\ncy.get('[data-cy=\"copyright\"]').should('be.visible');",
              "err": {},
              "uuid": "977306e9-de27-429c-973f-3350d8124c97",
              "parentUUID": "074cbe36-bb4f-42a8-a69c-07fc938d6fa7",
              "isHook": false,
              "skipped": false
            },
            {
              "title": "Check About Screen Footer Elements",
              "fullTitle": "Initial screen usability test Check About Screen Footer Elements",
              "timedOut": null,
              "duration": 182,
              "state": "passed",
              "speed": "fast",
              "pass": true,
              "fail": false,
              "pending": false,
              "context": null,
              "code": "cy.visit('http://localhost:3000/about');\ncy.get('[data-cy=\"copyright\"]').should('be.visible');",
              "err": {},
              "uuid": "c0a98088-141d-4732-bbd5-eda2b679f9a5",
              "parentUUID": "074cbe36-bb4f-42a8-a69c-07fc938d6fa7",
              "isHook": false,
              "skipped": false
            },
            {
              "title": "Check New Info Screen Footer Elements",
              "fullTitle": "Initial screen usability test Check New Info Screen Footer Elements",
              "timedOut": null,
              "duration": 174,
              "state": "passed",
              "speed": "fast",
              "pass": true,
              "fail": false,
              "pending": false,
              "context": null,
              "code": "cy.visit('http://localhost:3000/pokenew/629604c157d58865a2493a1e');\ncy.get('[data-cy=\"copyright\"]').should('be.visible');",
              "err": {},
              "uuid": "79d5c9a9-d922-4713-94a1-2ae528815847",
              "parentUUID": "074cbe36-bb4f-42a8-a69c-07fc938d6fa7",
              "isHook": false,
              "skipped": false
            },
            {
              "title": "Check New Edit Screen Footer Elements",
              "fullTitle": "Initial screen usability test Check New Edit Screen Footer Elements",
              "timedOut": null,
              "duration": 262,
              "state": "passed",
              "speed": "fast",
              "pass": true,
              "fail": false,
              "pending": false,
              "context": null,
              "code": "cy.visit('http://localhost:3000/edit/629604c157d58865a2493a1e');\ncy.get('[data-cy=\"copyright\"]').should('be.visible');",
              "err": {},
              "uuid": "059041a7-5060-41a4-891c-84ff41a960d2",
              "parentUUID": "074cbe36-bb4f-42a8-a69c-07fc938d6fa7",
              "isHook": false,
              "skipped": false
            },
            {
              "title": "Check New Screen Footer Elements",
              "fullTitle": "Initial screen usability test Check New Screen Footer Elements",
              "timedOut": null,
              "duration": 286,
              "state": "passed",
              "speed": "fast",
              "pass": true,
              "fail": false,
              "pending": false,
              "context": null,
              "code": "cy.visit('http://localhost:3000/new');\ncy.get('[data-cy=\"copyright\"]').should('be.visible');",
              "err": {},
              "uuid": "a414dd27-8c17-469e-9d90-83038e4c772a",
              "parentUUID": "074cbe36-bb4f-42a8-a69c-07fc938d6fa7",
              "isHook": false,
              "skipped": false
            }
          ],
          "suites": [],
          "passes": [
            "edf50f70-1914-4d8d-98dc-61c6bc4bfe29",
            "66db16a0-ed0d-4ba4-a28b-9d0b5e28a2b8",
            "9a446e34-938d-40cb-b583-db24f462e11c",
            "977306e9-de27-429c-973f-3350d8124c97",
            "c0a98088-141d-4732-bbd5-eda2b679f9a5",
            "79d5c9a9-d922-4713-94a1-2ae528815847",
            "059041a7-5060-41a4-891c-84ff41a960d2",
            "a414dd27-8c17-469e-9d90-83038e4c772a"
          ],
          "failures": [],
          "pending": [],
          "skipped": [],
          "duration": 2565,
          "root": false,
          "rootEmpty": false,
          "_timeout": 2000
        }
      ],
      "passes": [],
      "failures": [],
      "pending": [],
      "skipped": [],
      "duration": 0,
      "root": true,
      "rootEmpty": true,
      "_timeout": 2000
    },
    {
      "uuid": "f1ea3fa9-5032-4f98-a8bc-086507ad97b0",
      "title": "",
      "fullFile": "cypress/integration/tests/ui_header.spec.js",
      "file": "cypress/integration/tests/ui_header.spec.js",
      "beforeHooks": [],
      "afterHooks": [],
      "tests": [],
      "suites": [
        {
          "uuid": "bd273b66-f95a-4bbb-b085-30043f4e6214",
          "title": "Inicial screen usability test",
          "fullFile": "",
          "file": "",
          "beforeHooks": [],
          "afterHooks": [],
          "tests": [
            {
              "title": "Check Home screen Header elements",
              "fullTitle": "Inicial screen usability test Check Home screen Header elements",
              "timedOut": null,
              "duration": 1038,
              "state": "passed",
              "speed": "fast",
              "pass": true,
              "fail": false,
              "pending": false,
              "context": null,
              "code": "cy.visit('http://localhost:3000');\ncy.get('[data-cy=\"nav-title\"]').should('be.visible');\ncy.get('[data-cy=\"nav-logo\"]').should('be.visible').and($img => {\n  // \"naturalWidth\" and \"naturalHeight\" are set when the image loads\n  expect($img[0].naturalWidth).to.be.greaterThan(0);\n});\ncy.get('[data-cy=\"menu-list\"]').should('be.visible');\ncy.get('[data-cy=\"menu-create\"]').should('be.visible');\ncy.get('[data-cy=\"menu-history\"]').should('be.visible');\ncy.get('[data-cy=\"menu-about\"]').should('be.visible');",
              "err": {},
              "uuid": "43dba7f0-ced2-4d78-9f8f-54cee67ef1d2",
              "parentUUID": "bd273b66-f95a-4bbb-b085-30043f4e6214",
              "isHook": false,
              "skipped": false
            },
            {
              "title": "Check Initial screen Header elements",
              "fullTitle": "Inicial screen usability test Check Initial screen Header elements",
              "timedOut": null,
              "duration": 370,
              "state": "passed",
              "speed": "fast",
              "pass": true,
              "fail": false,
              "pending": false,
              "context": null,
              "code": "cy.visit('http://localhost:3000/initial');\ncy.get('[data-cy=\"nav-title\"]').should('be.visible');\ncy.get('[data-cy=\"nav-logo\"]').should('be.visible').and($img => {\n  // \"naturalWidth\" and \"naturalHeight\" are set when the image loads\n  expect($img[0].naturalWidth).to.be.greaterThan(0);\n});\ncy.get('[data-cy=\"menu-list\"]').should('be.visible');\ncy.get('[data-cy=\"menu-create\"]').should('be.visible');\ncy.get('[data-cy=\"menu-history\"]').should('be.visible');\ncy.get('[data-cy=\"menu-about\"]').should('be.visible');",
              "err": {},
              "uuid": "6fed887e-9d69-481b-8ed6-09a2a46de6de",
              "parentUUID": "bd273b66-f95a-4bbb-b085-30043f4e6214",
              "isHook": false,
              "skipped": false
            },
            {
              "title": "Check New List screen Header elements",
              "fullTitle": "Inicial screen usability test Check New List screen Header elements",
              "timedOut": null,
              "duration": 226,
              "state": "passed",
              "speed": "fast",
              "pass": true,
              "fail": false,
              "pending": false,
              "context": null,
              "code": "cy.visit('http://localhost:3000/list');\ncy.get('[data-cy=\"nav-title\"]').should('be.visible');\ncy.get('[data-cy=\"nav-logo\"]').should('be.visible').and($img => {\n  // \"naturalWidth\" and \"naturalHeight\" are set when the image loads\n  expect($img[0].naturalWidth).to.be.greaterThan(0);\n});\ncy.get('[data-cy=\"menu-list\"]').should('be.visible');\ncy.get('[data-cy=\"menu-create\"]').should('be.visible');\ncy.get('[data-cy=\"menu-history\"]').should('be.visible');\ncy.get('[data-cy=\"menu-about\"]').should('be.visible');",
              "err": {},
              "uuid": "d90ef057-03fc-4f95-8be7-db8392fffddf",
              "parentUUID": "bd273b66-f95a-4bbb-b085-30043f4e6214",
              "isHook": false,
              "skipped": false
            },
            {
              "title": "Check History screen Header elements",
              "fullTitle": "Inicial screen usability test Check History screen Header elements",
              "timedOut": null,
              "duration": 198,
              "state": "passed",
              "speed": "fast",
              "pass": true,
              "fail": false,
              "pending": false,
              "context": null,
              "code": "cy.visit('http://localhost:3000/history');\ncy.get('[data-cy=\"nav-title\"]').should('be.visible');\ncy.get('[data-cy=\"nav-logo\"]').should('be.visible').and($img => {\n  // \"naturalWidth\" and \"naturalHeight\" are set when the image loads\n  expect($img[0].naturalWidth).to.be.greaterThan(0);\n});\ncy.get('[data-cy=\"menu-list\"]').should('be.visible');\ncy.get('[data-cy=\"menu-create\"]').should('be.visible');\ncy.get('[data-cy=\"menu-history\"]').should('be.visible');\ncy.get('[data-cy=\"menu-about\"]').should('be.visible');",
              "err": {},
              "uuid": "2d3ef1a5-aef1-443c-b372-5441e967cc35",
              "parentUUID": "bd273b66-f95a-4bbb-b085-30043f4e6214",
              "isHook": false,
              "skipped": false
            },
            {
              "title": "Check About screen Header elements",
              "fullTitle": "Inicial screen usability test Check About screen Header elements",
              "timedOut": null,
              "duration": 212,
              "state": "passed",
              "speed": "fast",
              "pass": true,
              "fail": false,
              "pending": false,
              "context": null,
              "code": "cy.visit('http://localhost:3000/about');\ncy.get('[data-cy=\"nav-title\"]').should('be.visible');\ncy.get('[data-cy=\"nav-logo\"]').should('be.visible').and($img => {\n  // \"naturalWidth\" and \"naturalHeight\" are set when the image loads\n  expect($img[0].naturalWidth).to.be.greaterThan(0);\n});\ncy.get('[data-cy=\"menu-list\"]').should('be.visible');\ncy.get('[data-cy=\"menu-create\"]').should('be.visible');\ncy.get('[data-cy=\"menu-history\"]').should('be.visible');\ncy.get('[data-cy=\"menu-about\"]').should('be.visible');",
              "err": {},
              "uuid": "5a330d11-bfc2-49c4-a86c-250e73fadfd8",
              "parentUUID": "bd273b66-f95a-4bbb-b085-30043f4e6214",
              "isHook": false,
              "skipped": false
            },
            {
              "title": "Check New Info screen Header elements",
              "fullTitle": "Inicial screen usability test Check New Info screen Header elements",
              "timedOut": null,
              "duration": 327,
              "state": "passed",
              "speed": "fast",
              "pass": true,
              "fail": false,
              "pending": false,
              "context": null,
              "code": "cy.visit('http://localhost:3000/pokenew/629604c157d58865a2493a1e');\ncy.get('[data-cy=\"nav-title\"]').should('be.visible');\ncy.get('[data-cy=\"nav-logo\"]').should('be.visible').and($img => {\n  // \"naturalWidth\" and \"naturalHeight\" are set when the image loads\n  expect($img[0].naturalWidth).to.be.greaterThan(0);\n});\ncy.get('[data-cy=\"menu-list\"]').should('be.visible');\ncy.get('[data-cy=\"menu-create\"]').should('be.visible');\ncy.get('[data-cy=\"menu-history\"]').should('be.visible');\ncy.get('[data-cy=\"menu-about\"]').should('be.visible');",
              "err": {},
              "uuid": "a23578ec-d270-4e40-901c-37f02527685e",
              "parentUUID": "bd273b66-f95a-4bbb-b085-30043f4e6214",
              "isHook": false,
              "skipped": false
            },
            {
              "title": "Check New Edit screen Header elements",
              "fullTitle": "Inicial screen usability test Check New Edit screen Header elements",
              "timedOut": null,
              "duration": 321,
              "state": "passed",
              "speed": "fast",
              "pass": true,
              "fail": false,
              "pending": false,
              "context": null,
              "code": "cy.visit('http://localhost:3000/edit/629604c157d58865a2493a1e');\ncy.get('[data-cy=\"nav-title\"]').should('be.visible');\ncy.get('[data-cy=\"nav-logo\"]').should('be.visible').and($img => {\n  // \"naturalWidth\" and \"naturalHeight\" are set when the image loads\n  expect($img[0].naturalWidth).to.be.greaterThan(0);\n});\ncy.get('[data-cy=\"menu-list\"]').should('be.visible');\ncy.get('[data-cy=\"menu-create\"]').should('be.visible');\ncy.get('[data-cy=\"menu-history\"]').should('be.visible');\ncy.get('[data-cy=\"menu-about\"]').should('be.visible');",
              "err": {},
              "uuid": "ae79f6a2-db1c-4285-98b0-fe796af1f8b4",
              "parentUUID": "bd273b66-f95a-4bbb-b085-30043f4e6214",
              "isHook": false,
              "skipped": false
            },
            {
              "title": "Check New screen Header elements",
              "fullTitle": "Inicial screen usability test Check New screen Header elements",
              "timedOut": null,
              "duration": 288,
              "state": "passed",
              "speed": "fast",
              "pass": true,
              "fail": false,
              "pending": false,
              "context": null,
              "code": "cy.visit('http://localhost:3000/new');\ncy.get('[data-cy=\"nav-title\"]').should('be.visible');\ncy.get('[data-cy=\"nav-logo\"]').should('be.visible').and($img => {\n  // \"naturalWidth\" and \"naturalHeight\" are set when the image loads\n  expect($img[0].naturalWidth).to.be.greaterThan(0);\n});\ncy.get('[data-cy=\"menu-list\"]').should('be.visible');\ncy.get('[data-cy=\"menu-create\"]').should('be.visible');\ncy.get('[data-cy=\"menu-history\"]').should('be.visible');\ncy.get('[data-cy=\"menu-about\"]').should('be.visible');",
              "err": {},
              "uuid": "ca41dcbd-82b5-4c99-a4a5-5f78f5c4f1f4",
              "parentUUID": "bd273b66-f95a-4bbb-b085-30043f4e6214",
              "isHook": false,
              "skipped": false
            }
          ],
          "suites": [],
          "passes": [
            "43dba7f0-ced2-4d78-9f8f-54cee67ef1d2",
            "6fed887e-9d69-481b-8ed6-09a2a46de6de",
            "d90ef057-03fc-4f95-8be7-db8392fffddf",
            "2d3ef1a5-aef1-443c-b372-5441e967cc35",
            "5a330d11-bfc2-49c4-a86c-250e73fadfd8",
            "a23578ec-d270-4e40-901c-37f02527685e",
            "ae79f6a2-db1c-4285-98b0-fe796af1f8b4",
            "ca41dcbd-82b5-4c99-a4a5-5f78f5c4f1f4"
          ],
          "failures": [],
          "pending": [],
          "skipped": [],
          "duration": 2980,
          "root": false,
          "rootEmpty": false,
          "_timeout": 2000
        }
      ],
      "passes": [],
      "failures": [],
      "pending": [],
      "skipped": [],
      "duration": 0,
      "root": true,
      "rootEmpty": true,
      "_timeout": 2000
    },
    {
      "uuid": "08a9c96a-fcc8-4cd7-b804-0e016847cbc9",
      "title": "",
      "fullFile": "cypress/integration/tests/ui_history.spec.js",
      "file": "cypress/integration/tests/ui_history.spec.js",
      "beforeHooks": [],
      "afterHooks": [],
      "tests": [],
      "suites": [
        {
          "uuid": "a69cf204-030b-4a11-9404-be9da19c682b",
          "title": "History screen usability test",
          "fullFile": "",
          "file": "",
          "beforeHooks": [],
          "afterHooks": [],
          "tests": [
            {
              "title": "Check History screen elements",
              "fullTitle": "History screen usability test Check History screen elements",
              "timedOut": null,
              "duration": 1671,
              "state": "passed",
              "speed": "fast",
              "pass": true,
              "fail": false,
              "pending": false,
              "context": null,
              "code": "cy.get('[data-cy=\"img-history\"]').should('be.visible').and($img => {\n  // \"naturalWidth\" and \"naturalHeight\" are set when the image loads\n  expect($img[0].naturalWidth).to.be.greaterThan(0);\n});\ncy.get('[data-cy=\"title-history\"]').should('be.visible');\ncy.get('[data-cy=\"text-history\"]').should('be.visible');",
              "err": {},
              "uuid": "37ff5675-4aba-4707-abee-5fb36df8a06b",
              "parentUUID": "a69cf204-030b-4a11-9404-be9da19c682b",
              "isHook": false,
              "skipped": false
            }
          ],
          "suites": [],
          "passes": [
            "37ff5675-4aba-4707-abee-5fb36df8a06b"
          ],
          "failures": [],
          "pending": [],
          "skipped": [],
          "duration": 1671,
          "root": false,
          "rootEmpty": false,
          "_timeout": 2000
        }
      ],
      "passes": [],
      "failures": [],
      "pending": [],
      "skipped": [],
      "duration": 0,
      "root": true,
      "rootEmpty": true,
      "_timeout": 2000
    },
    {
      "uuid": "4d92cd99-2d4b-4a30-8d81-7543094fe828",
      "title": "",
      "fullFile": "cypress/integration/tests/ui_home.spec.js",
      "file": "cypress/integration/tests/ui_home.spec.js",
      "beforeHooks": [],
      "afterHooks": [],
      "tests": [],
      "suites": [
        {
          "uuid": "0467a9e6-3508-43ba-bbd9-ce02a54f6b37",
          "title": "History screen usability test",
          "fullFile": "",
          "file": "",
          "beforeHooks": [],
          "afterHooks": [],
          "tests": [
            {
              "title": "Check Home screen elements",
              "fullTitle": "History screen usability test Check Home screen elements",
              "timedOut": null,
              "duration": 712,
              "state": "passed",
              "speed": "fast",
              "pass": true,
              "fail": false,
              "pending": false,
              "context": null,
              "code": "cy.get('[data-cy=\"img-home\"]').should('be.visible').and($img => {\n  // \"naturalWidth\" and \"naturalHeight\" are set when the image loads\n  expect($img[0].naturalWidth).to.be.greaterThan(0);\n});",
              "err": {},
              "uuid": "d12302e7-102b-4ee6-9c79-6b55caa86779",
              "parentUUID": "0467a9e6-3508-43ba-bbd9-ce02a54f6b37",
              "isHook": false,
              "skipped": false
            }
          ],
          "suites": [],
          "passes": [
            "d12302e7-102b-4ee6-9c79-6b55caa86779"
          ],
          "failures": [],
          "pending": [],
          "skipped": [],
          "duration": 712,
          "root": false,
          "rootEmpty": false,
          "_timeout": 2000
        }
      ],
      "passes": [],
      "failures": [],
      "pending": [],
      "skipped": [],
      "duration": 0,
      "root": true,
      "rootEmpty": true,
      "_timeout": 2000
    },
    {
      "uuid": "aeb22f6a-1017-40b1-9fb8-02f4837473d1",
      "title": "",
      "fullFile": "cypress/integration/tests/ui_info.spec.js",
      "file": "cypress/integration/tests/ui_info.spec.js",
      "beforeHooks": [],
      "afterHooks": [],
      "tests": [],
      "suites": [
        {
          "uuid": "0d2811cd-4306-4a9c-b82f-092417232b99",
          "title": "Info screen usability test",
          "fullFile": "",
          "file": "",
          "beforeHooks": [],
          "afterHooks": [],
          "tests": [
            {
              "title": "Check Info screen elements",
              "fullTitle": "Info screen usability test Check Info screen elements",
              "timedOut": null,
              "duration": 1333,
              "state": "passed",
              "speed": "fast",
              "pass": true,
              "fail": false,
              "pending": false,
              "context": null,
              "code": "cy.get('[data-cy=\"title-info\"]').should('be.visible');\ncy.get('[data-cy=\"img-info\"]').should('be.visible').and($img => {\n  // \"naturalWidth\" and \"naturalHeight\" are set when the image loads\n  expect($img[0].naturalWidth).to.be.greaterThan(0);\n});\ncy.get('[data-cy=\"types-info\"]').should('be.visible');\ncy.get('[data-cy=\"stats-name-info\"]').should('be.visible');\ncy.get('[data-cy=\"stats-progress-info\"]').should('be.visible');\ncy.get('[data-cy=\"stats-num-info\"]').should('be.visible');\ncy.get('[data-cy=\"abilities-title-info\"]').should('be.visible');\ncy.get('[data-cy=\"btn-back-info\"]').should('be.visible');",
              "err": {},
              "uuid": "f3ab2667-9f24-4c30-8189-f6df7a029bfc",
              "parentUUID": "0d2811cd-4306-4a9c-b82f-092417232b99",
              "isHook": false,
              "skipped": false
            }
          ],
          "suites": [],
          "passes": [
            "f3ab2667-9f24-4c30-8189-f6df7a029bfc"
          ],
          "failures": [],
          "pending": [],
          "skipped": [],
          "duration": 1333,
          "root": false,
          "rootEmpty": false,
          "_timeout": 2000
        }
      ],
      "passes": [],
      "failures": [],
      "pending": [],
      "skipped": [],
      "duration": 0,
      "root": true,
      "rootEmpty": true,
      "_timeout": 2000
    },
    {
      "uuid": "89ccfb66-28a7-4f0e-8114-624c186b288e",
      "title": "",
      "fullFile": "cypress/integration/tests/ui_list.spec.js",
      "file": "cypress/integration/tests/ui_list.spec.js",
      "beforeHooks": [],
      "afterHooks": [],
      "tests": [],
      "suites": [
        {
          "uuid": "fd8f429e-ef69-45ed-b6f5-41c2b512c017",
          "title": "List screen usability test",
          "fullFile": "",
          "file": "",
          "beforeHooks": [],
          "afterHooks": [],
          "tests": [
            {
              "title": "Check List screen elements",
              "fullTitle": "List screen usability test Check List screen elements",
              "timedOut": null,
              "duration": 919,
              "state": "passed",
              "speed": "fast",
              "pass": true,
              "fail": false,
              "pending": false,
              "context": null,
              "code": "cy.get('[data-cy=\"title-listpokes\"]').should('be.visible');\ncy.get('[data-cy=\"search-listpokes\"]').should('be.visible');\ncy.get('[data-cy=\"lbl-limit\"]').should('be.visible');\ncy.get('[data-cy=\"limit\"]').should('be.visible');\ncy.get('[href=\"/info/metapod\"]').should('be.visible');\ncy.get('[data-cy=\"wrapper-pagination\"]').should('be.visible');",
              "err": {},
              "uuid": "8d49de45-5fbe-4dd1-a259-035a9d38fd1b",
              "parentUUID": "fd8f429e-ef69-45ed-b6f5-41c2b512c017",
              "isHook": false,
              "skipped": false
            }
          ],
          "suites": [],
          "passes": [
            "8d49de45-5fbe-4dd1-a259-035a9d38fd1b"
          ],
          "failures": [],
          "pending": [],
          "skipped": [],
          "duration": 919,
          "root": false,
          "rootEmpty": false,
          "_timeout": 2000
        }
      ],
      "passes": [],
      "failures": [],
      "pending": [],
      "skipped": [],
      "duration": 0,
      "root": true,
      "rootEmpty": true,
      "_timeout": 2000
    },
    {
      "uuid": "8a269c42-7e2e-4f87-a709-46d672e8c960",
      "title": "",
      "fullFile": "cypress/integration/tests/ui_new.spec.js",
      "file": "cypress/integration/tests/ui_new.spec.js",
      "beforeHooks": [],
      "afterHooks": [],
      "tests": [],
      "suites": [
        {
          "uuid": "a457abab-30fa-487c-b73e-adcaba77a333",
          "title": "New screen usability test",
          "fullFile": "",
          "file": "",
          "beforeHooks": [],
          "afterHooks": [],
          "tests": [
            {
              "title": "Check New Screen Elements",
              "fullTitle": "New screen usability test Check New Screen Elements",
              "timedOut": null,
              "duration": 1136,
              "state": "passed",
              "speed": "fast",
              "pass": true,
              "fail": false,
              "pending": false,
              "context": null,
              "code": "cy.get('[data-cy=\"wapper-pokenew\"]').should('be.visible');\ncy.get('[data-cy=\"title-pokenew\"]').should('be.visible');\ncy.get('[data-cy=\"lbl-name-pokenew\"]').should('be.visible');\ncy.get('[data-cy=\"inp-name-pokenew\"]').should('be.visible');\ncy.get('[data-cy=\"lbl-url-pokenew\"]').should('be.visible');\ncy.get('[data-cy=\"inp-url-pokenew\"]').should('be.visible');\ncy.get('[data-cy=\"lbl-type1-pokenew\"]').should('be.visible');\ncy.get('[data-cy=\"inp-type1-pokenew\"]').should('be.visible');\ncy.get('[data-cy=\"lbl-type2-pokenew\"]').should('be.visible');\ncy.get('[data-cy=\"inp-type2-pokenew\"]').should('be.visible');\ncy.get('[data-cy=\"lbl-hp-pokenew\"]').should('be.visible');\ncy.get('[data-cy=\"inp-hp-pokenew\"]').should('be.visible');\ncy.get('[data-cy=\"lbl-attack-pokenew\"]').should('be.visible');\ncy.get('[data-cy=\"inp-attack-pokenew\"]').should('be.visible');\ncy.get('[data-cy=\"lbl-defense-pokenew\"]').should('be.visible');\ncy.get('[data-cy=\"inp-defense-pokenew\"]').should('be.visible');\ncy.get('[data-cy=\"lbl-specAtc-pokenew\"]').should('be.visible');\ncy.get('[data-cy=\"inp-specAtc-pokenew\"]').should('be.visible');\ncy.get('[data-cy=\"lbl-specDef-pokenew\"]').should('be.visible');\ncy.get('[data-cy=\"inp-specDef-pokenew\"]').should('be.visible');\ncy.get('[data-cy=\"lbl-speed-pokenew\"]').should('be.visible');\ncy.get('[data-cy=\"inp-speed-pokenew\"]').should('be.visible');\ncy.get('[data-cy=\"lbl-title1-pokenew\"]').should('be.visible');\ncy.get('[data-cy=\"inp-title1-pokenew\"]').should('be.visible');\ncy.get('[data-cy=\"lbl-descr1-pokenew\"]').should('be.visible');\ncy.get('[data-cy=\"inp-descr1-pokenew\"]').should('be.visible');\ncy.get('[data-cy=\"lbl-title2-pokenew\"]').should('be.visible');\ncy.get('[data-cy=\"inp-title2-pokenew\"]').should('be.visible');\ncy.get('[data-cy=\"lbl-descr2-pokenew\"]').should('be.visible');\ncy.get('[data-cy=\"inp-descr2-pokenew\"]').should('be.visible');\ncy.get('[data-cy=\"btn-save-pokenew\"]').should('be.visible');\ncy.get('[data-cy=\"btn-back-pokenew\"]').should('be.visible');",
              "err": {},
              "uuid": "38c48c44-2e71-4a2e-94d2-3be030ac9eb8",
              "parentUUID": "a457abab-30fa-487c-b73e-adcaba77a333",
              "isHook": false,
              "skipped": false
            },
            {
              "title": "Check New Screen errors messages",
              "fullTitle": "New screen usability test Check New Screen errors messages",
              "timedOut": null,
              "duration": 438,
              "state": "passed",
              "speed": "fast",
              "pass": true,
              "fail": false,
              "pending": false,
              "context": null,
              "code": "cy.get('[data-cy=\"btn-save-pokenew\"]').click();\ncy.get('[data-cy=\"error-name-pokenew\"]').should('be.visible');\ncy.get('[data-cy=\"error-url-pokenew\"]').should('be.visible');\ncy.get('[data-cy=\"error-type-pokenew\"]').should('be.visible');\ncy.get('[data-cy=\"error-stats-pokenew\"]').should('be.visible');\ncy.get('[data-cy=\"error-title-pokenew\"]').should('be.visible');\ncy.get('[data-cy=\"error-description-pokenew\"]').should('be.visible');",
              "err": {},
              "uuid": "c65d3cdc-2a13-4655-96aa-6b3e8cba2bd2",
              "parentUUID": "a457abab-30fa-487c-b73e-adcaba77a333",
              "isHook": false,
              "skipped": false
            }
          ],
          "suites": [],
          "passes": [
            "38c48c44-2e71-4a2e-94d2-3be030ac9eb8",
            "c65d3cdc-2a13-4655-96aa-6b3e8cba2bd2"
          ],
          "failures": [],
          "pending": [],
          "skipped": [],
          "duration": 1574,
          "root": false,
          "rootEmpty": false,
          "_timeout": 2000
        }
      ],
      "passes": [],
      "failures": [],
      "pending": [],
      "skipped": [],
      "duration": 0,
      "root": true,
      "rootEmpty": true,
      "_timeout": 2000
    },
    {
      "uuid": "9864873e-e28a-432b-a777-91476aafcda3",
      "title": "",
      "fullFile": "cypress/integration/tests/ui_newedit.spec.js",
      "file": "cypress/integration/tests/ui_newedit.spec.js",
      "beforeHooks": [],
      "afterHooks": [],
      "tests": [],
      "suites": [
        {
          "uuid": "c910be02-b6d8-41c7-951c-f65e0b2f810a",
          "title": "New Edit screen usability test",
          "fullFile": "",
          "file": "",
          "beforeHooks": [],
          "afterHooks": [],
          "tests": [
            {
              "title": "Check New Edit screen elements",
              "fullTitle": "New Edit screen usability test Check New Edit screen elements",
              "timedOut": null,
              "duration": 1531,
              "state": "passed",
              "speed": "fast",
              "pass": true,
              "fail": false,
              "pending": false,
              "context": null,
              "code": "cy.get('[data-cy=\"wapper-pokeedit\"]').should('be.visible');\ncy.get('[data-cy=\"title-pokeedit\"]').should('be.visible');\ncy.get('[data-cy=\"lbl-name-pokeedit\"]').should('be.visible');\ncy.get('[data-cy=\"inp-name-pokeedit\"]').should('be.visible');\ncy.get('[data-cy=\"lbl-url-pokeedit\"]').should('be.visible');\ncy.get('[data-cy=\"inp-url-pokeedit\"]').should('be.visible');\ncy.get('[data-cy=\"lbl-type1-pokeedit\"]').should('be.visible');\ncy.get('[data-cy=\"inp-type1-pokeedit\"]').should('be.visible');\ncy.get('[data-cy=\"lbl-type2-pokeedit\"]').should('be.visible');\ncy.get('[data-cy=\"inp-type2-pokeedit\"]').should('be.visible');\ncy.get('[data-cy=\"lbl-hp-pokeedit\"]').should('be.visible');\ncy.get('[data-cy=\"inp-hp-pokeedit\"]').should('be.visible');\ncy.get('[data-cy=\"lbl-attack-pokeedit\"]').should('be.visible');\ncy.get('[data-cy=\"inp-attack-pokeedit\"]').should('be.visible');\ncy.get('[data-cy=\"lbl-defense-pokeedit\"]').should('be.visible');\ncy.get('[data-cy=\"inp-defense-pokeedit\"]').should('be.visible');\ncy.get('[data-cy=\"lbl-specAtc-pokeedit\"]').should('be.visible');\ncy.get('[data-cy=\"inp-specAtc-pokeedit\"]').should('be.visible');\ncy.get('[data-cy=\"lbl-specDef-pokeedit\"]').should('be.visible');\ncy.get('[data-cy=\"inp-specDef-pokeedit\"]').should('be.visible');\ncy.get('[data-cy=\"lbl-speed-pokeedit\"]').should('be.visible');\ncy.get('[data-cy=\"inp-speed-pokeedit\"]').should('be.visible');\ncy.get('[data-cy=\"lbl-title1-pokeedit\"]').should('be.visible');\ncy.get('[data-cy=\"inp-title1-pokeedit\"]').should('be.visible');\ncy.get('[data-cy=\"lbl-descr1-pokeedit\"]').should('be.visible');\ncy.get('[data-cy=\"inp-descr1-pokeedit\"]').should('be.visible');\ncy.get('[data-cy=\"lbl-title2-pokeedit\"]').should('be.visible');\ncy.get('[data-cy=\"inp-title2-pokeedit\"]').should('be.visible');\ncy.get('[data-cy=\"lbl-descr2-pokeedit\"]').should('be.visible');\ncy.get('[data-cy=\"inp-descr2-pokeedit\"]').should('be.visible');\ncy.get('[data-cy=\"btn-save-pokeedit\"]').should('be.visible');\ncy.get('[data-cy=\"btn-back-pokeedit\"]').should('be.visible');",
              "err": {},
              "uuid": "a28cf88b-f0fd-45a7-9a6f-bc5d5e947b76",
              "parentUUID": "c910be02-b6d8-41c7-951c-f65e0b2f810a",
              "isHook": false,
              "skipped": false
            }
          ],
          "suites": [],
          "passes": [
            "a28cf88b-f0fd-45a7-9a6f-bc5d5e947b76"
          ],
          "failures": [],
          "pending": [],
          "skipped": [],
          "duration": 1531,
          "root": false,
          "rootEmpty": false,
          "_timeout": 2000
        }
      ],
      "passes": [],
      "failures": [],
      "pending": [],
      "skipped": [],
      "duration": 0,
      "root": true,
      "rootEmpty": true,
      "_timeout": 2000
    },
    {
      "uuid": "c77a5889-a2c9-42f2-948c-b1c8bf8f24c3",
      "title": "",
      "fullFile": "cypress/integration/tests/ui_newinfo.spec.js",
      "file": "cypress/integration/tests/ui_newinfo.spec.js",
      "beforeHooks": [],
      "afterHooks": [],
      "tests": [],
      "suites": [
        {
          "uuid": "a7ab3b05-0725-4b11-873b-1e3729f93dfa",
          "title": "New Info screen usability test",
          "fullFile": "",
          "file": "",
          "beforeHooks": [],
          "afterHooks": [],
          "tests": [
            {
              "title": "Create and Delete Pokémon",
              "fullTitle": "New Info screen usability test Create and Delete Pokémon",
              "timedOut": null,
              "duration": 1660,
              "state": "passed",
              "speed": "fast",
              "pass": true,
              "fail": false,
              "pending": false,
              "context": null,
              "code": "GETPokenew.allPokenew().should(response => {\n  const index = response.body.length - 1;\n  const idNew = response.body[index]._id;\n  cy.visit(`http://localhost:3000/pokenew/${idNew}`);\n});",
              "err": {},
              "uuid": "b37d52cd-2204-45f3-b35c-221737283fe8",
              "parentUUID": "a7ab3b05-0725-4b11-873b-1e3729f93dfa",
              "isHook": false,
              "skipped": false
            },
            {
              "title": "Check New Info screen elements",
              "fullTitle": "New Info screen usability test Check New Info screen elements",
              "timedOut": null,
              "duration": 219,
              "state": "passed",
              "speed": "fast",
              "pass": true,
              "fail": false,
              "pending": false,
              "context": null,
              "code": "cy.get('[data-cy=\"title-pokeinfo\"]').should('be.visible');\ncy.get('[data-cy=\"img-pokeinfo\"]').should('be.visible').and($img => {\n  expect($img[0].naturalWidth).to.be.greaterThan(0);\n});\ncy.get('[data-cy=\"types-pokeinfo\"]').should('be.visible');\ncy.get('[data-cy=\"img-pokeinfo\"]').should('be.visible');\ncy.get('[data-cy=\"types-pokeinfo\"]').should('be.visible');\ncy.get('[data-cy=\"lbl-stats-pokeinfo\"]').should('be.visible');\ncy.get('[data-cy=\"progress-newpoke\"]').should('be.visible');\ncy.get('[data-cy=\"stats-pokeinfo\"]').should('be.visible');\ncy.get('[data-cy=\"title-abilities-pokeinfo\"]').should('be.visible');\ncy.get('[data-cy=\"title-ability-pokeinfo\"]').should('be.visible');\ncy.get('[data-cy=\"descr-abilities-pokeinfo\"]').should('be.visible');\ncy.get('[data-cy=\"btn-update-pokeinfo\"]').should('be.visible');\ncy.get('[data-cy=\"btn-delete-pokeinfo\"]').should('be.visible');\ncy.get('[data-cy=\"btn-back-pokeinfo\"]').should('be.visible');",
              "err": {},
              "uuid": "28325886-e15c-49d6-9220-335953edf49a",
              "parentUUID": "a7ab3b05-0725-4b11-873b-1e3729f93dfa",
              "isHook": false,
              "skipped": false
            }
          ],
          "suites": [],
          "passes": [
            "b37d52cd-2204-45f3-b35c-221737283fe8",
            "28325886-e15c-49d6-9220-335953edf49a"
          ],
          "failures": [],
          "pending": [],
          "skipped": [],
          "duration": 1879,
          "root": false,
          "rootEmpty": false,
          "_timeout": 2000
        }
      ],
      "passes": [],
      "failures": [],
      "pending": [],
      "skipped": [],
      "duration": 0,
      "root": true,
      "rootEmpty": true,
      "_timeout": 2000
    },
    {
      "uuid": "4f81d67f-b2c8-4877-9031-0b36af36003d",
      "title": "",
      "fullFile": "cypress/integration/tests/ui_newlist.spec.js",
      "file": "cypress/integration/tests/ui_newlist.spec.js",
      "beforeHooks": [],
      "afterHooks": [],
      "tests": [],
      "suites": [
        {
          "uuid": "388cdf87-d02d-4b99-a258-6789216c6891",
          "title": "New List screen usability test",
          "fullFile": "",
          "file": "",
          "beforeHooks": [],
          "afterHooks": [],
          "tests": [
            {
              "title": "Check New List screen elements",
              "fullTitle": "New List screen usability test Check New List screen elements",
              "timedOut": null,
              "duration": 1907,
              "state": "passed",
              "speed": "fast",
              "pass": true,
              "fail": false,
              "pending": false,
              "context": null,
              "code": "cy.get('[data-cy=\"msgwel-pokenewlist\"]').should('be.visible');\ncy.get('[data-cy=\"msgclick-pokenewlist\"]').should('be.visible');\ncy.get('[data-cy=\"btn-create-pokenewlist\"]').should('be.visible');\ncy.get('[data-cy=\"title-pokenewlist\"]').should('be.visible');\ncy.get('[data-cy=\"card-newpoke\"]').should('be.visible');",
              "err": {},
              "uuid": "c9ea2ddd-c2c1-4f00-bd5e-47cc00a3a39e",
              "parentUUID": "388cdf87-d02d-4b99-a258-6789216c6891",
              "isHook": false,
              "skipped": false
            }
          ],
          "suites": [],
          "passes": [
            "c9ea2ddd-c2c1-4f00-bd5e-47cc00a3a39e"
          ],
          "failures": [],
          "pending": [],
          "skipped": [],
          "duration": 1907,
          "root": false,
          "rootEmpty": false,
          "_timeout": 2000
        }
      ],
      "passes": [],
      "failures": [],
      "pending": [],
      "skipped": [],
      "duration": 0,
      "root": true,
      "rootEmpty": true,
      "_timeout": 2000
    },
    {
      "uuid": "8175a973-37b4-44ae-ae0a-3d412b7e8892",
      "title": "",
      "fullFile": "cypress/integration/tests/zz_api_pokenew.spec.js",
      "file": "cypress/integration/tests/zz_api_pokenew.spec.js",
      "beforeHooks": [],
      "afterHooks": [],
      "tests": [],
      "suites": [
        {
          "uuid": "a37260ac-d0b0-4564-ad85-bfc15657d2fc",
          "title": "POST Pokenew",
          "fullFile": "",
          "file": "",
          "beforeHooks": [],
          "afterHooks": [],
          "tests": [
            {
              "title": "Clear database",
              "fullTitle": "POST Pokenew Clear database",
              "timedOut": null,
              "duration": 115,
              "state": "passed",
              "speed": "fast",
              "pass": true,
              "fail": false,
              "pending": false,
              "context": null,
              "code": "GETPokenew.allPokenew().should(response => {\n  const index = response.body.length - 1;\n  const idNew = response.body[index]._id;\n  DELPokenew.delPokenew(idNew).should(resDelete => {\n    expect(resDelete.status).to.eq(200);\n    expect(resDelete.body).to.be.not.null;\n    expect(JSON.stringify(resDelete.body)).to.eq('{\"message\":\"Pokémon successfully deleted!\"}');\n  });\n});",
              "err": {},
              "uuid": "ebf00624-1af8-4c5f-af59-404c64af6a98",
              "parentUUID": "a37260ac-d0b0-4564-ad85-bfc15657d2fc",
              "isHook": false,
              "skipped": false
            }
          ],
          "suites": [],
          "passes": [
            "ebf00624-1af8-4c5f-af59-404c64af6a98"
          ],
          "failures": [],
          "pending": [],
          "skipped": [],
          "duration": 115,
          "root": false,
          "rootEmpty": false,
          "_timeout": 2000
        }
      ],
      "passes": [],
      "failures": [],
      "pending": [],
      "skipped": [],
      "duration": 0,
      "root": true,
      "rootEmpty": true,
      "_timeout": 2000
    }
  ],
  "meta": {
    "mocha": {
      "version": "7.0.1"
    },
    "mochawesome": {
      "options": {
        "quiet": false,
        "reportFilename": "report",
        "saveHtml": false,
        "saveJson": true,
        "consoleReporter": "spec",
        "useInlineDiffs": false,
        "code": true
      },
      "version": "7.1.3"
    },
    "marge": {
      "options": {
        "reportDir": "cypress/report/mochawesome-report",
        "reportFilename": "report",
        "charts": true,
        "overwrite": false,
        "html": false,
        "json": true,
        "timestamp": "mmddyyyy_HHMMss"
      },
      "version": "6.2.0"
    }
  }
}